   1               		.file	"keymap.c"
   2               	__SP_H__ = 0x3e
   3               	__SP_L__ = 0x3d
   4               	__SREG__ = 0x3f
   5               	__tmp_reg__ = 0
   6               	__zero_reg__ = 1
   7               		.text
   8               	.Ltext0:
   9               		.cfi_sections	.debug_frame
  10               		.section	.text.persistent_default_layer_set,"ax",@progbits
  11               	.global	persistent_default_layer_set
  13               	persistent_default_layer_set:
  14               	.LFB13:
  15               		.file 1 "keyboards/Aaron/iris/keymaps/default/keymap.c"
   1:keyboards/Aaron/iris/keymaps/default/keymap.c **** #include "iris.h"
   2:keyboards/Aaron/iris/keymaps/default/keymap.c **** #include "action_layer.h"
   3:keyboards/Aaron/iris/keymaps/default/keymap.c **** #include "eeconfig.h"
   4:keyboards/Aaron/iris/keymaps/default/keymap.c **** 
   5:keyboards/Aaron/iris/keymaps/default/keymap.c **** extern keymap_config_t keymap_config;
   6:keyboards/Aaron/iris/keymaps/default/keymap.c **** #define _COLEMAK 0
   7:keyboards/Aaron/iris/keymaps/default/keymap.c **** #define _QWERTY 3
   8:keyboards/Aaron/iris/keymaps/default/keymap.c **** #define _LOWER 1
   9:keyboards/Aaron/iris/keymaps/default/keymap.c **** #define _RAISE 2
  10:keyboards/Aaron/iris/keymaps/default/keymap.c **** 
  11:keyboards/Aaron/iris/keymaps/default/keymap.c **** #define _ADJUST 16
  12:keyboards/Aaron/iris/keymaps/default/keymap.c **** 
  13:keyboards/Aaron/iris/keymaps/default/keymap.c **** enum custom_keycodes {
  14:keyboards/Aaron/iris/keymaps/default/keymap.c **** COLEMAK = SAFE_RANGE,
  15:keyboards/Aaron/iris/keymaps/default/keymap.c ****   QWERTY,
  16:keyboards/Aaron/iris/keymaps/default/keymap.c ****   LOWER,
  17:keyboards/Aaron/iris/keymaps/default/keymap.c ****   RAISE,
  18:keyboards/Aaron/iris/keymaps/default/keymap.c ****   ADJUST,
  19:keyboards/Aaron/iris/keymaps/default/keymap.c **** };
  20:keyboards/Aaron/iris/keymaps/default/keymap.c **** 
  21:keyboards/Aaron/iris/keymaps/default/keymap.c **** #define KC_ KC_TRNS
  22:keyboards/Aaron/iris/keymaps/default/keymap.c **** #define _______ KC_TRNS
  23:keyboards/Aaron/iris/keymaps/default/keymap.c **** 
  24:keyboards/Aaron/iris/keymaps/default/keymap.c **** #define KC_LOWR LOWER
  25:keyboards/Aaron/iris/keymaps/default/keymap.c **** #define KC_RASE RAISE
  26:keyboards/Aaron/iris/keymaps/default/keymap.c **** #define KC_RST RESET
  27:keyboards/Aaron/iris/keymaps/default/keymap.c **** #define KC_BL_S BL_STEP
  28:keyboards/Aaron/iris/keymaps/default/keymap.c **** #define KC_DBUG DEBUG
  29:keyboards/Aaron/iris/keymaps/default/keymap.c **** #define KC_RTOG RGB_TOG
  30:keyboards/Aaron/iris/keymaps/default/keymap.c **** #define KC_RMOD RGB_MOD
  31:keyboards/Aaron/iris/keymaps/default/keymap.c **** #define KC_RHUI RGB_HUI
  32:keyboards/Aaron/iris/keymaps/default/keymap.c **** #define KC_RHUD RGB_HUD
  33:keyboards/Aaron/iris/keymaps/default/keymap.c **** #define KC_RSAI RGB_SAI
  34:keyboards/Aaron/iris/keymaps/default/keymap.c **** #define KC_RSAD RGB_SAD
  35:keyboards/Aaron/iris/keymaps/default/keymap.c **** #define KC_RVAI RGB_VAI
  36:keyboards/Aaron/iris/keymaps/default/keymap.c **** #define KC_RVAD RGB_VAD
  37:keyboards/Aaron/iris/keymaps/default/keymap.c **** #define KC_GUIT M(0)
  38:keyboards/Aaron/iris/keymaps/default/keymap.c **** #define KC_ESFT MT(MOD_LSFT, KC_ESC)
  39:keyboards/Aaron/iris/keymaps/default/keymap.c **** #define KC_CTEN MT(MOD_LCTL, KC_ENT)
  40:keyboards/Aaron/iris/keymaps/default/keymap.c **** 
  41:keyboards/Aaron/iris/keymaps/default/keymap.c **** const uint16_t PROGMEM keymaps[][MATRIX_ROWS][MATRIX_COLS] = {
  42:keyboards/Aaron/iris/keymaps/default/keymap.c **** 
  43:keyboards/Aaron/iris/keymaps/default/keymap.c ****   [_QWERTY] = KC_KEYMAP(
  44:keyboards/Aaron/iris/keymaps/default/keymap.c ****   //,----+----+----+----+----+----.              ,----+----+----+----+----+----.
  45:keyboards/Aaron/iris/keymaps/default/keymap.c ****      ESC , 1  , 2  , 3  , 4  , 5  ,                6  , 7  , 8  , 9  , 0  ,BSPC,
  46:keyboards/Aaron/iris/keymaps/default/keymap.c ****   //|----+----+----+----+----+----|              |----+----+----+----+----+----|
  47:keyboards/Aaron/iris/keymaps/default/keymap.c ****      TAB , Q  , W  , E  , R  , T  ,                Y  , U  , I  , O  , P  ,DEL ,
  48:keyboards/Aaron/iris/keymaps/default/keymap.c ****   //|----+----+----+----+----+----|              |----+----+----+----+----+----|
  49:keyboards/Aaron/iris/keymaps/default/keymap.c ****      RASE, A  , S  , D  , F  , G  ,                H  , J  , K  , L  ,SCLN,QUOT,
  50:keyboards/Aaron/iris/keymaps/default/keymap.c ****   //|----+----+----+----+----+----+----.    ,----|----+----+----+----+----+----|
  51:keyboards/Aaron/iris/keymaps/default/keymap.c ****      LSFT, Z  , X  , C  , V  , B  ,SPC ,     ENT , N  , M  ,COMM,DOT ,SLSH,RSFT,
  52:keyboards/Aaron/iris/keymaps/default/keymap.c ****   //`----+----+----+--+-+----+----+----/    \----+----+----+----+----+----+----'
  53:keyboards/Aaron/iris/keymaps/default/keymap.c ****                        LCTL,LOWR,SPC ,         ENT ,LGUI,LALT
  54:keyboards/Aaron/iris/keymaps/default/keymap.c ****   //                  `----+----+----'        `----+----+----'
  55:keyboards/Aaron/iris/keymaps/default/keymap.c ****   ),
  56:keyboards/Aaron/iris/keymaps/default/keymap.c ****  
  57:keyboards/Aaron/iris/keymaps/default/keymap.c ****  [_COLEMAK] = KC_KEYMAP(				
  58:keyboards/Aaron/iris/keymaps/default/keymap.c ****     //,----+----+----+----+----+----.   			  ,----+----+----+----+----+----.
  59:keyboards/Aaron/iris/keymaps/default/keymap.c ****         EQL , 1  , 2  , 3  , 4  , 5  ,   				6  , 7  , 8  , 9  , 0  ,MINS,
  60:keyboards/Aaron/iris/keymaps/default/keymap.c ****     //|----+----+----+----+----+----|   			 |----+----+----+----+----+----|
  61:keyboards/Aaron/iris/keymaps/default/keymap.c ****   		TAB , Q  , W  , F  , P  , G  ,  			    J  , L  , U  , Y  ,SCLN,BSLS,
  62:keyboards/Aaron/iris/keymaps/default/keymap.c **** 	//|----+----+----+----+----+----|  				 |----+----+----+----+----+----|
  63:keyboards/Aaron/iris/keymaps/default/keymap.c **** 		CTEN , A  , R  , S  , T  , D  ,   			   H  , N  , E  , I  , O  ,ENT,
  64:keyboards/Aaron/iris/keymaps/default/keymap.c **** 	//|----+----+----+----+----+----|    			|----+----+----+----+----+----|
  65:keyboards/Aaron/iris/keymaps/default/keymap.c **** 		ESFT, Z  , X  , C  , V  , B ,GUIT, 		 ENT ,  K  , M  ,COMM,DOT ,SLSH,GRV,
  66:keyboards/Aaron/iris/keymaps/default/keymap.c **** 							LCTL,LOWR,BSPC,  	SPC ,RASE,LALT
  67:keyboards/Aaron/iris/keymaps/default/keymap.c ****   //                	 `----+----+----'        `----+----+----'
  68:keyboards/Aaron/iris/keymaps/default/keymap.c **** 		  ),
  69:keyboards/Aaron/iris/keymaps/default/keymap.c **** 
  70:keyboards/Aaron/iris/keymaps/default/keymap.c ****   [_LOWER] = KC_KEYMAP(
  71:keyboards/Aaron/iris/keymaps/default/keymap.c ****   //,----+----+----+----+----+----.              ,----+----+----+----+----+----.
  72:keyboards/Aaron/iris/keymaps/default/keymap.c ****      TILD,EXLM, AT ,HASH,DLR ,PERC,               CIRC,AMPR,ASTR,LPRN,RPRN,BSPC,
  73:keyboards/Aaron/iris/keymaps/default/keymap.c ****   //|----+----+----+----+----+----|              |----+----+----+----+----+----|
  74:keyboards/Aaron/iris/keymaps/default/keymap.c ****      RST , 1  , 2  , 3  , 4  , 5  ,                6  , 7  , 8  , 9  , 0  ,    ,
  75:keyboards/Aaron/iris/keymaps/default/keymap.c ****   //|----+----+----+----+----+----|              |----+----+----+----+----+----|
  76:keyboards/Aaron/iris/keymaps/default/keymap.c ****      DEL ,    ,LEFT,RGHT, UP ,LBRC,               RBRC, P4 , P5 , P6 ,PLUS,PIPE,
  77:keyboards/Aaron/iris/keymaps/default/keymap.c ****   //|----+----+----+----+----+----+----.    ,----|----+----+----+----+----+----|
  78:keyboards/Aaron/iris/keymaps/default/keymap.c ****      BL_S,    ,    ,    ,DOWN,LCBR,LPRN,     RPRN,RCBR, P1 , P2 , P3 ,MINS,    ,
  79:keyboards/Aaron/iris/keymaps/default/keymap.c ****   //`----+----+----+--+-+----+----+----/    \----+----+----+----+----+----+----'
  80:keyboards/Aaron/iris/keymaps/default/keymap.c ****                            ,    ,BSPC ,         DEL ,    , P0 
  81:keyboards/Aaron/iris/keymaps/default/keymap.c ****   //                  `----+----+----'        `----+----+----'
  82:keyboards/Aaron/iris/keymaps/default/keymap.c ****   ),
  83:keyboards/Aaron/iris/keymaps/default/keymap.c **** 
  84:keyboards/Aaron/iris/keymaps/default/keymap.c ****   [_RAISE] = KC_KEYMAP(
  85:keyboards/Aaron/iris/keymaps/default/keymap.c ****   //,----+----+----+----+----+----.              ,----+----+----+----+----+----.
  86:keyboards/Aaron/iris/keymaps/default/keymap.c ****      F12 , F1 , F2 , F3 , F4 , F5 ,                F6 , F7 , F8 , F9 ,F10 ,F11 ,
  87:keyboards/Aaron/iris/keymaps/default/keymap.c ****   //|----+----+----+----+----+----|              |----+----+----+----+----+----|
  88:keyboards/Aaron/iris/keymaps/default/keymap.c ****          ,EXLM, AT ,HASH,DLR ,PERC,               CIRC,AMPR,ASTR,LPRN,RPRN,    ,
  89:keyboards/Aaron/iris/keymaps/default/keymap.c ****   //|----+----+----+----+----+----|              |----+----+----+----+----+----|
  90:keyboards/Aaron/iris/keymaps/default/keymap.c ****          ,MPRV,MNXT,VOLU,PGUP,UNDS,               EQL ,HOME,    ,UP  ,    ,BSLS,
  91:keyboards/Aaron/iris/keymaps/default/keymap.c ****   //|----+----+----+----+----+----+----.    ,----|----+----+----+----+----+----|
  92:keyboards/Aaron/iris/keymaps/default/keymap.c ****      MUTE,MSTP,MPLY,VOLD,PGDN,MINS,    ,         ,PLUS,END ,LEFT,DOWN,RGHT,    ,
  93:keyboards/Aaron/iris/keymaps/default/keymap.c ****   //`----+----+----+--+-+----+----+----/    \----+----+----+----+----+----+----'
  94:keyboards/Aaron/iris/keymaps/default/keymap.c ****                            ,    ,    ,             ,    ,    
  95:keyboards/Aaron/iris/keymaps/default/keymap.c ****   //                  `----+----+----'        `----+----+----'
  96:keyboards/Aaron/iris/keymaps/default/keymap.c ****   ),
  97:keyboards/Aaron/iris/keymaps/default/keymap.c **** 
  98:keyboards/Aaron/iris/keymaps/default/keymap.c ****   [_ADJUST] = KC_KEYMAP(
  99:keyboards/Aaron/iris/keymaps/default/keymap.c ****   //,----+----+----+----+----+----.              ,----+----+----+----+----+----.
 100:keyboards/Aaron/iris/keymaps/default/keymap.c ****        RST,    ,    ,    ,    ,    ,                   ,    ,    ,    ,    ,    ,
 101:keyboards/Aaron/iris/keymaps/default/keymap.c ****   //|----+----+----+----+----+----|              |----+----+----+----+----+----|
 102:keyboards/Aaron/iris/keymaps/default/keymap.c ****      RTOG,RMOD,RHUI,RSAI,RVAI,    ,                   ,    ,    ,    ,    ,    ,
 103:keyboards/Aaron/iris/keymaps/default/keymap.c ****   //|----+----+----+----+----+----|              |----+----+----+----+----+----|
 104:keyboards/Aaron/iris/keymaps/default/keymap.c ****          ,DBUG,RHUD,RSAD,RVAD,    ,                   ,    ,    ,    ,    ,    ,
 105:keyboards/Aaron/iris/keymaps/default/keymap.c ****   //|----+----+----+----+----+----+----.    ,----|----+----+----+----+----+----|
 106:keyboards/Aaron/iris/keymaps/default/keymap.c ****      BL_S,RST ,    ,    ,    ,    ,    ,         ,    ,    ,    ,    ,    ,    ,
 107:keyboards/Aaron/iris/keymaps/default/keymap.c ****   //`----+----+----+--+-+----+----+----/    \----+----+----+----+----+----+----'
 108:keyboards/Aaron/iris/keymaps/default/keymap.c ****                            ,    ,    ,             ,    ,    
 109:keyboards/Aaron/iris/keymaps/default/keymap.c ****   //                  `----+----+----'        `----+----+----'
 110:keyboards/Aaron/iris/keymaps/default/keymap.c ****   )
 111:keyboards/Aaron/iris/keymaps/default/keymap.c **** 
 112:keyboards/Aaron/iris/keymaps/default/keymap.c **** };
 113:keyboards/Aaron/iris/keymaps/default/keymap.c **** 
 114:keyboards/Aaron/iris/keymaps/default/keymap.c **** #ifdef AUDIO_ENABLE
 115:keyboards/Aaron/iris/keymaps/default/keymap.c **** float tone_qwerty[][2]     = SONG(QWERTY_SOUND);
 116:keyboards/Aaron/iris/keymaps/default/keymap.c **** #endif
 117:keyboards/Aaron/iris/keymaps/default/keymap.c **** 
 118:keyboards/Aaron/iris/keymaps/default/keymap.c **** void persistent_default_layer_set(uint16_t default_layer) {
  16               		.loc 1 118 0
  17               		.cfi_startproc
  18               	.LVL0:
  19 0000 CF93      		push r28
  20               	.LCFI0:
  21               		.cfi_def_cfa_offset 3
  22               		.cfi_offset 28, -2
  23 0002 DF93      		push r29
  24               	.LCFI1:
  25               		.cfi_def_cfa_offset 4
  26               		.cfi_offset 29, -3
  27               	/* prologue: function */
  28               	/* frame size = 0 */
  29               	/* stack size = 2 */
  30               	.L__stack_usage = 2
  31 0004 EC01      		movw r28,r24
 119:keyboards/Aaron/iris/keymaps/default/keymap.c ****   eeconfig_update_default_layer(default_layer);
  32               		.loc 1 119 0
  33 0006 0E94 0000 		call eeconfig_update_default_layer
  34               	.LVL1:
 120:keyboards/Aaron/iris/keymaps/default/keymap.c ****   default_layer_set(default_layer);
  35               		.loc 1 120 0
  36 000a BE01      		movw r22,r28
  37 000c 80E0      		ldi r24,0
  38 000e 90E0      		ldi r25,0
  39               	/* epilogue start */
 121:keyboards/Aaron/iris/keymaps/default/keymap.c **** }
  40               		.loc 1 121 0
  41 0010 DF91      		pop r29
  42 0012 CF91      		pop r28
  43               	.LVL2:
 120:keyboards/Aaron/iris/keymaps/default/keymap.c ****   default_layer_set(default_layer);
  44               		.loc 1 120 0
  45 0014 0C94 0000 		jmp default_layer_set
  46               	.LVL3:
  47               		.cfi_endproc
  48               	.LFE13:
  50               		.section	.text.action_get_macro,"ax",@progbits
  51               	.global	action_get_macro
  53               	action_get_macro:
  54               	.LFB14:
 122:keyboards/Aaron/iris/keymaps/default/keymap.c **** const macro_t *action_get_macro(keyrecord_t *record, uint8_t id, uint8_t opt) {
  55               		.loc 1 122 0
  56               		.cfi_startproc
  57               	.LVL4:
  58               	/* prologue: function */
  59               	/* frame size = 0 */
  60               	/* stack size = 0 */
  61               	.L__stack_usage = 0
  62 0000 DC01      		movw r26,r24
 123:keyboards/Aaron/iris/keymaps/default/keymap.c **** 	
 124:keyboards/Aaron/iris/keymaps/default/keymap.c **** 	switch (id) {
  63               		.loc 1 124 0
  64 0002 462F      		mov r20,r22
  65               	.LVL5:
  66 0004 50E0      		ldi r21,0
  67 0006 4F30      		cpi r20,15
  68 0008 5105      		cpc r21,__zero_reg__
  69 000a 00F4      		brsh .L51
  70 000c 4050      		subi r20,lo8(-(gs(.L5)))
  71 000e 5040      		sbci r21,hi8(-(gs(.L5)))
  72 0010 FA01      		movw r30,r20
  73 0012 0C94 0000 		jmp __tablejump2__
  74               		.section	.progmem.gcc_sw_table.action_get_macro,"a",@progbits
  75               		.p2align	1
  76               	.L5:
  77 0000 0000      		.word gs(.L4)
  78 0002 0000      		.word gs(.L6)
  79 0004 0000      		.word gs(.L7)
  80 0006 0000      		.word gs(.L8)
  81 0008 0000      		.word gs(.L9)
  82 000a 0000      		.word gs(.L10)
  83 000c 0000      		.word gs(.L11)
  84 000e 0000      		.word gs(.L51)
  85 0010 0000      		.word gs(.L51)
  86 0012 0000      		.word gs(.L51)
  87 0014 0000      		.word gs(.L12)
  88 0016 0000      		.word gs(.L13)
  89 0018 0000      		.word gs(.L14)
  90 001a 0000      		.word gs(.L15)
  91 001c 0000      		.word gs(.L16)
  92               		.section	.text.action_get_macro
  93               	.L4:
 125:keyboards/Aaron/iris/keymaps/default/keymap.c **** 	case 0:
 126:keyboards/Aaron/iris/keymaps/default/keymap.c **** 		if (record->event.pressed) {
  94               		.loc 1 126 0
  95 0016 1296      		adiw r26,2
  96 0018 8C91      		ld r24,X
  97 001a 1297      		sbiw r26,2
  98               	.LVL6:
  99 001c 8111      		cpse r24,__zero_reg__
 100 001e 00C0      		rjmp .L21
 101               	.L6:
 127:keyboards/Aaron/iris/keymaps/default/keymap.c **** 			return MACRO(D(LGUI), T(TAB), U(LGUI), END);
 128:keyboards/Aaron/iris/keymaps/default/keymap.c **** 		}
 129:keyboards/Aaron/iris/keymaps/default/keymap.c **** 			case 1:
 130:keyboards/Aaron/iris/keymaps/default/keymap.c **** 		if (record->event.pressed) {
 102               		.loc 1 130 0
 103 0020 1296      		adiw r26,2
 104 0022 8C91      		ld r24,X
 105 0024 1297      		sbiw r26,2
 106 0026 8823      		tst r24
 107 0028 01F0      		breq .L7
 131:keyboards/Aaron/iris/keymaps/default/keymap.c **** 			SEND_STRING("admin"SS_TAP(X_TAB)"1111"SS_TAP(X_ENTER));
 108               		.loc 1 131 0
 109 002a 80E0      		ldi r24,lo8(__c.3269)
 110 002c 90E0      		ldi r25,hi8(__c.3269)
 111 002e 00C0      		rjmp .L50
 112               	.L7:
 132:keyboards/Aaron/iris/keymaps/default/keymap.c **** 		return false;	break;
 133:keyboards/Aaron/iris/keymaps/default/keymap.c **** 		//	return MACRO(I(10), T(A), T(D), T(M), T(I), T(N), T(TAB), T(1), T(1),T(1), T(1), T(ENTER), END
 134:keyboards/Aaron/iris/keymaps/default/keymap.c **** 		}
 135:keyboards/Aaron/iris/keymaps/default/keymap.c **** 	case 2:
 136:keyboards/Aaron/iris/keymaps/default/keymap.c **** 		if (record->event.pressed) {
 113               		.loc 1 136 0
 114 0030 1296      		adiw r26,2
 115 0032 8C91      		ld r24,X
 116 0034 1297      		sbiw r26,2
 117 0036 8823      		tst r24
 118 0038 01F0      		breq .L8
 137:keyboards/Aaron/iris/keymaps/default/keymap.c **** 			SEND_STRING("apaez@gotocos.com");
 119               		.loc 1 137 0
 120 003a 80E0      		ldi r24,lo8(__c.3272)
 121 003c 90E0      		ldi r25,hi8(__c.3272)
 122               	.L50:
 123 003e 0E94 0000 		call send_string_P
 124               	.LVL7:
 125               	.L51:
 138:keyboards/Aaron/iris/keymaps/default/keymap.c **** 			return false;	break;
 126               		.loc 1 138 0
 127 0042 80E0      		ldi r24,0
 128 0044 90E0      		ldi r25,0
 129 0046 0895      		ret
 130               	.LVL8:
 131               	.L8:
 139:keyboards/Aaron/iris/keymaps/default/keymap.c **** 		}
 140:keyboards/Aaron/iris/keymaps/default/keymap.c **** 	case 3:
 141:keyboards/Aaron/iris/keymaps/default/keymap.c **** 		if (record->event.pressed) {
 132               		.loc 1 141 0
 133 0048 1296      		adiw r26,2
 134 004a 8C91      		ld r24,X
 135 004c 1297      		sbiw r26,2
 136 004e 8823      		tst r24
 137 0050 01F0      		breq .L9
 142:keyboards/Aaron/iris/keymaps/default/keymap.c **** 			SEND_STRING("www.support.xerox.com"SS_TAP(X_ENTER));
 138               		.loc 1 142 0
 139 0052 80E0      		ldi r24,lo8(__c.3275)
 140 0054 90E0      		ldi r25,hi8(__c.3275)
 141 0056 00C0      		rjmp .L50
 142               	.L9:
 143:keyboards/Aaron/iris/keymaps/default/keymap.c **** 						return false;	break;
 144:keyboards/Aaron/iris/keymaps/default/keymap.c **** 		}
 145:keyboards/Aaron/iris/keymaps/default/keymap.c **** 	case 4:
 146:keyboards/Aaron/iris/keymaps/default/keymap.c **** 		if(record->event.pressed) {
 143               		.loc 1 146 0
 144 0058 1296      		adiw r26,2
 145 005a 8C91      		ld r24,X
 146 005c 1297      		sbiw r26,2
 147 005e 8111      		cpse r24,__zero_reg__
 148 0060 00C0      		rjmp .L22
 149               	.L10:
 147:keyboards/Aaron/iris/keymaps/default/keymap.c **** 			return MACRO(I(10), D(LCTRL), T(T), T(V), T(ENTER), U(LCTRL), END);
 148:keyboards/Aaron/iris/keymaps/default/keymap.c **** 		}
 149:keyboards/Aaron/iris/keymaps/default/keymap.c **** 		
 150:keyboards/Aaron/iris/keymaps/default/keymap.c **** 	case 5:{
 151:keyboards/Aaron/iris/keymaps/default/keymap.c **** 			return  MACRO_TAP_HOLD_LAYER(record, MACRO(TYPE(KC_X), END), _LOWER);	
 150               		.loc 1 151 0
 151 0062 1296      		adiw r26,2
 152 0064 9C91      		ld r25,X
 153 0066 1297      		sbiw r26,2
 154 0068 1596      		adiw r26,5
 155 006a 8C91      		ld r24,X
 156 006c 9923      		tst r25
 157 006e 01F0      		breq .L17
 158               		.loc 1 151 0 is_stmt 0 discriminator 1
 159 0070 982F      		mov r25,r24
 160 0072 9295      		swap r25
 161 0074 9F70      		andi r25,lo8(15)
 162 0076 01F0      		breq .L18
 163               		.loc 1 151 0 discriminator 4
 164 0078 80FF      		sbrs r24,0
 165 007a 00C0      		rjmp .L51
 166               	.L18:
 167               	.LBB2:
 168               		.loc 1 151 0 discriminator 3
 169 007c 81E0      		ldi r24,lo8(1)
 170 007e 0E94 0000 		call layer_on
 171               	.LVL9:
 172 0082 00C0      		rjmp .L51
 173               	.LVL10:
 174               	.L17:
 175               	.LBE2:
 176               		.loc 1 151 0 discriminator 2
 177 0084 982F      		mov r25,r24
 178 0086 9295      		swap r25
 179 0088 9F70      		andi r25,lo8(15)
 180 008a 01F0      		breq .L19
 181               		.loc 1 151 0 discriminator 6
 182 008c 80FF      		sbrs r24,0
 183 008e 00C0      		rjmp .L24
 184               	.L19:
 185               	.LBB3:
 186               		.loc 1 151 0 discriminator 7
 187 0090 81E0      		ldi r24,lo8(1)
 188 0092 0E94 0000 		call layer_off
 189               	.LVL11:
 190 0096 00C0      		rjmp .L51
 191               	.LVL12:
 192               	.L11:
 193               	.LBE3:
 152:keyboards/Aaron/iris/keymaps/default/keymap.c **** 		}
 153:keyboards/Aaron/iris/keymaps/default/keymap.c **** 	case 6: {
 154:keyboards/Aaron/iris/keymaps/default/keymap.c **** 			if(record->event.pressed) 
 194               		.loc 1 154 0 is_stmt 1
 195 0098 1296      		adiw r26,2
 196 009a 8C91      		ld r24,X
 197 009c 1297      		sbiw r26,2
 198               	.LVL13:
 199 009e 8111      		cpse r24,__zero_reg__
 200 00a0 00C0      		rjmp .L25
 201               	.L12:
 155:keyboards/Aaron/iris/keymaps/default/keymap.c **** 			return MACRO(I(10), T(0), T(C), T(TAB), T(TAB), T(A), T(TAB), END);
 156:keyboards/Aaron/iris/keymaps/default/keymap.c **** 		}
 157:keyboards/Aaron/iris/keymaps/default/keymap.c **** 	case 10: {
 158:keyboards/Aaron/iris/keymaps/default/keymap.c **** 		if(record->event.pressed) {
 202               		.loc 1 158 0
 203 00a2 1296      		adiw r26,2
 204 00a4 8C91      		ld r24,X
 205 00a6 1297      		sbiw r26,2
 206 00a8 8823      		tst r24
 207 00aa 01F0      		breq .L13
 159:keyboards/Aaron/iris/keymaps/default/keymap.c **** 		SEND_STRING("Mydogc3rri35");
 208               		.loc 1 159 0
 209 00ac 80E0      		ldi r24,lo8(__c.3289)
 210 00ae 90E0      		ldi r25,hi8(__c.3289)
 211 00b0 00C0      		rjmp .L50
 212               	.L13:
 160:keyboards/Aaron/iris/keymaps/default/keymap.c **** 			return false; break;}
 161:keyboards/Aaron/iris/keymaps/default/keymap.c **** 	}		
 162:keyboards/Aaron/iris/keymaps/default/keymap.c **** 	case 11: {
 163:keyboards/Aaron/iris/keymaps/default/keymap.c **** 		if(record->event.pressed) {
 213               		.loc 1 163 0
 214 00b2 1296      		adiw r26,2
 215 00b4 8C91      		ld r24,X
 216 00b6 1297      		sbiw r26,2
 217 00b8 8823      		tst r24
 218 00ba 01F0      		breq .L14
 164:keyboards/Aaron/iris/keymaps/default/keymap.c **** 			SEND_STRING("ipconfig /all");
 219               		.loc 1 164 0
 220 00bc 80E0      		ldi r24,lo8(__c.3292)
 221 00be 90E0      		ldi r25,hi8(__c.3292)
 222 00c0 00C0      		rjmp .L50
 223               	.L14:
 165:keyboards/Aaron/iris/keymaps/default/keymap.c **** 					return false; break;}
 166:keyboards/Aaron/iris/keymaps/default/keymap.c **** 	}
 167:keyboards/Aaron/iris/keymaps/default/keymap.c **** 	case 12: {
 168:keyboards/Aaron/iris/keymaps/default/keymap.c **** 	if(record->event.pressed) 
 224               		.loc 1 168 0
 225 00c2 1296      		adiw r26,2
 226 00c4 8C91      		ld r24,X
 227 00c6 1297      		sbiw r26,2
 228 00c8 8111      		cpse r24,__zero_reg__
 229 00ca 00C0      		rjmp .L26
 230               	.L15:
 169:keyboards/Aaron/iris/keymaps/default/keymap.c **** 		return MACRO( I(10),T(TAB), T(O), T(P), T(TAB),T(ENTER), T(TAB),T(TAB),T(TAB),T(Z),T(R),T(TAB),T(
 170:keyboards/Aaron/iris/keymaps/default/keymap.c **** 	}	
 171:keyboards/Aaron/iris/keymaps/default/keymap.c **** 		case 13: {
 172:keyboards/Aaron/iris/keymaps/default/keymap.c **** 	if(record->event.pressed) 
 231               		.loc 1 172 0
 232 00cc 1296      		adiw r26,2
 233 00ce 8C91      		ld r24,X
 234 00d0 1297      		sbiw r26,2
 235 00d2 8111      		cpse r24,__zero_reg__
 236 00d4 00C0      		rjmp .L27
 237               	.L16:
 173:keyboards/Aaron/iris/keymaps/default/keymap.c **** 		return MACRO( I(10),T(TAB), T(O), T(T), T(TAB),T(ENTER), T(TAB),T(TAB),T(TAB),T(Z),T(R),T(TAB),T(
 174:keyboards/Aaron/iris/keymaps/default/keymap.c **** 	}	
 175:keyboards/Aaron/iris/keymaps/default/keymap.c **** 		case 14: {
 176:keyboards/Aaron/iris/keymaps/default/keymap.c **** 	if(record->event.pressed) 
 238               		.loc 1 176 0
 239 00d6 1296      		adiw r26,2
 240 00d8 8C91      		ld r24,X
 241 00da 8823      		tst r24
 242 00dc 01F4      		brne .+2
 243 00de 00C0      		rjmp .L51
 177:keyboards/Aaron/iris/keymaps/default/keymap.c **** 		return MACRO( I(10),T(TAB), T(I), T(N), T(TAB),T(ENTER), T(TAB),T(TAB),T(TAB),T(I),T(N),T(TAB),T(
 244               		.loc 1 177 0
 245 00e0 80E0      		ldi r24,lo8(__m.3301)
 246 00e2 90E0      		ldi r25,hi8(__m.3301)
 178:keyboards/Aaron/iris/keymaps/default/keymap.c **** 	}	
 179:keyboards/Aaron/iris/keymaps/default/keymap.c **** 		break;
 180:keyboards/Aaron/iris/keymaps/default/keymap.c **** 	}		
 181:keyboards/Aaron/iris/keymaps/default/keymap.c **** 	return MACRO_NONE;
 182:keyboards/Aaron/iris/keymaps/default/keymap.c **** 	
 183:keyboards/Aaron/iris/keymaps/default/keymap.c **** }
 247               		.loc 1 183 0
 248 00e4 0895      		ret
 249               	.L21:
 127:keyboards/Aaron/iris/keymaps/default/keymap.c **** 			return MACRO(D(LGUI), T(TAB), U(LGUI), END);
 250               		.loc 1 127 0
 251 00e6 80E0      		ldi r24,lo8(__m.3266)
 252 00e8 90E0      		ldi r25,hi8(__m.3266)
 253 00ea 0895      		ret
 254               	.L22:
 147:keyboards/Aaron/iris/keymaps/default/keymap.c **** 			return MACRO(I(10), D(LCTRL), T(T), T(V), T(ENTER), U(LCTRL), END);
 255               		.loc 1 147 0
 256 00ec 80E0      		ldi r24,lo8(__m.3278)
 257 00ee 90E0      		ldi r25,hi8(__m.3278)
 258 00f0 0895      		ret
 259               	.L24:
 151:keyboards/Aaron/iris/keymaps/default/keymap.c **** 			return  MACRO_TAP_HOLD_LAYER(record, MACRO(TYPE(KC_X), END), _LOWER);	
 260               		.loc 1 151 0
 261 00f2 80E0      		ldi r24,lo8(__m.3282)
 262 00f4 90E0      		ldi r25,hi8(__m.3282)
 263 00f6 0895      		ret
 264               	.L25:
 155:keyboards/Aaron/iris/keymaps/default/keymap.c **** 			return MACRO(I(10), T(0), T(C), T(TAB), T(TAB), T(A), T(TAB), END);
 265               		.loc 1 155 0
 266 00f8 80E0      		ldi r24,lo8(__m.3286)
 267 00fa 90E0      		ldi r25,hi8(__m.3286)
 268 00fc 0895      		ret
 269               	.L26:
 169:keyboards/Aaron/iris/keymaps/default/keymap.c **** 		return MACRO( I(10),T(TAB), T(O), T(P), T(TAB),T(ENTER), T(TAB),T(TAB),T(TAB),T(Z),T(R),T(TAB),T(
 270               		.loc 1 169 0
 271 00fe 80E0      		ldi r24,lo8(__m.3295)
 272 0100 90E0      		ldi r25,hi8(__m.3295)
 273 0102 0895      		ret
 274               	.L27:
 173:keyboards/Aaron/iris/keymaps/default/keymap.c **** 		return MACRO( I(10),T(TAB), T(O), T(T), T(TAB),T(ENTER), T(TAB),T(TAB),T(TAB),T(Z),T(R),T(TAB),T(
 275               		.loc 1 173 0
 276 0104 80E0      		ldi r24,lo8(__m.3298)
 277 0106 90E0      		ldi r25,hi8(__m.3298)
 278 0108 0895      		ret
 279               		.cfi_endproc
 280               	.LFE14:
 282               		.section	.text.process_record_user,"ax",@progbits
 283               	.global	process_record_user
 285               	process_record_user:
 286               	.LFB15:
 184:keyboards/Aaron/iris/keymaps/default/keymap.c **** 
 185:keyboards/Aaron/iris/keymaps/default/keymap.c **** bool process_record_user(uint16_t keycode, keyrecord_t *record) {
 287               		.loc 1 185 0
 288               		.cfi_startproc
 289               	.LVL14:
 290 0000 CF93      		push r28
 291               	.LCFI2:
 292               		.cfi_def_cfa_offset 3
 293               		.cfi_offset 28, -2
 294               	/* prologue: function */
 295               	/* frame size = 0 */
 296               	/* stack size = 1 */
 297               	.L__stack_usage = 1
 298 0002 FB01      		movw r30,r22
 186:keyboards/Aaron/iris/keymaps/default/keymap.c ****   switch (keycode) {
 299               		.loc 1 186 0
 300 0004 8C3D      		cpi r24,-36
 301 0006 2CE5      		ldi r18,92
 302 0008 9207      		cpc r25,r18
 303 000a 01F0      		breq .L55
 304 000c 00F4      		brsh .L56
 305 000e 8B3D      		cpi r24,-37
 306 0010 9C45      		sbci r25,92
 307 0012 01F0      		breq .L57
 308 0014 00C0      		rjmp .L63
 309               	.L56:
 310 0016 8D3D      		cpi r24,-35
 311 0018 2CE5      		ldi r18,92
 312 001a 9207      		cpc r25,r18
 313 001c 01F0      		breq .L58
 314 001e 8E3D      		cpi r24,-34
 315 0020 9C45      		sbci r25,92
 316 0022 01F0      		breq .L59
 317 0024 00C0      		rjmp .L63
 318               	.L57:
 187:keyboards/Aaron/iris/keymaps/default/keymap.c ****     case QWERTY:
 188:keyboards/Aaron/iris/keymaps/default/keymap.c ****       if (record->event.pressed) {
 319               		.loc 1 188 0
 320 0026 C281      		ldd r28,Z+2
 321 0028 CC23      		tst r28
 322 002a 01F0      		breq .L54
 189:keyboards/Aaron/iris/keymaps/default/keymap.c ****         #ifdef AUDIO_ENABLE
 190:keyboards/Aaron/iris/keymaps/default/keymap.c ****           PLAY_SONG(tone_qwerty);
 191:keyboards/Aaron/iris/keymaps/default/keymap.c ****         #endif
 192:keyboards/Aaron/iris/keymaps/default/keymap.c ****         persistent_default_layer_set(1UL<<_QWERTY);
 323               		.loc 1 192 0
 324 002c 88E0      		ldi r24,lo8(8)
 325 002e 90E0      		ldi r25,0
 326               	.LVL15:
 327 0030 0E94 0000 		call persistent_default_layer_set
 328               	.LVL16:
 329 0034 00C0      		rjmp .L67
 330               	.LVL17:
 331               	.L55:
 193:keyboards/Aaron/iris/keymaps/default/keymap.c ****       }
 194:keyboards/Aaron/iris/keymaps/default/keymap.c ****       return false;
 195:keyboards/Aaron/iris/keymaps/default/keymap.c ****       break;
 196:keyboards/Aaron/iris/keymaps/default/keymap.c ****     case LOWER:
 197:keyboards/Aaron/iris/keymaps/default/keymap.c ****       if (record->event.pressed) {
 332               		.loc 1 197 0
 333 0036 C281      		ldd r28,Z+2
 198:keyboards/Aaron/iris/keymaps/default/keymap.c ****         layer_on(_LOWER);
 334               		.loc 1 198 0
 335 0038 81E0      		ldi r24,lo8(1)
 336               	.LVL18:
 337 003a 00C0      		rjmp .L70
 338               	.LVL19:
 339               	.L58:
 199:keyboards/Aaron/iris/keymaps/default/keymap.c ****         update_tri_layer(_LOWER, _RAISE, _ADJUST);
 200:keyboards/Aaron/iris/keymaps/default/keymap.c ****       } else {
 201:keyboards/Aaron/iris/keymaps/default/keymap.c ****         layer_off(_LOWER);
 202:keyboards/Aaron/iris/keymaps/default/keymap.c ****         update_tri_layer(_LOWER, _RAISE, _ADJUST);
 203:keyboards/Aaron/iris/keymaps/default/keymap.c ****       }
 204:keyboards/Aaron/iris/keymaps/default/keymap.c ****       return false;
 205:keyboards/Aaron/iris/keymaps/default/keymap.c ****       break;
 206:keyboards/Aaron/iris/keymaps/default/keymap.c ****     case RAISE:
 207:keyboards/Aaron/iris/keymaps/default/keymap.c ****       if (record->event.pressed) {
 340               		.loc 1 207 0
 341 003c C281      		ldd r28,Z+2
 208:keyboards/Aaron/iris/keymaps/default/keymap.c ****         layer_on(_RAISE);
 342               		.loc 1 208 0
 343 003e 82E0      		ldi r24,lo8(2)
 344               	.LVL20:
 345               	.L70:
 207:keyboards/Aaron/iris/keymaps/default/keymap.c ****       if (record->event.pressed) {
 346               		.loc 1 207 0
 347 0040 CC23      		tst r28
 348 0042 01F0      		breq .L61
 349               		.loc 1 208 0
 350 0044 0E94 0000 		call layer_on
 351               	.LVL21:
 209:keyboards/Aaron/iris/keymaps/default/keymap.c ****         update_tri_layer(_LOWER, _RAISE, _ADJUST);
 352               		.loc 1 209 0
 353 0048 40E1      		ldi r20,lo8(16)
 354 004a 62E0      		ldi r22,lo8(2)
 355 004c 81E0      		ldi r24,lo8(1)
 356 004e 0E94 0000 		call update_tri_layer
 357               	.LVL22:
 358 0052 00C0      		rjmp .L67
 359               	.LVL23:
 360               	.L61:
 210:keyboards/Aaron/iris/keymaps/default/keymap.c ****       } else {
 211:keyboards/Aaron/iris/keymaps/default/keymap.c ****         layer_off(_RAISE);
 361               		.loc 1 211 0
 362 0054 0E94 0000 		call layer_off
 363               	.LVL24:
 212:keyboards/Aaron/iris/keymaps/default/keymap.c ****         update_tri_layer(_LOWER, _RAISE, _ADJUST);
 364               		.loc 1 212 0
 365 0058 40E1      		ldi r20,lo8(16)
 366 005a 62E0      		ldi r22,lo8(2)
 367 005c 81E0      		ldi r24,lo8(1)
 368 005e 0E94 0000 		call update_tri_layer
 369               	.LVL25:
 370 0062 00C0      		rjmp .L54
 371               	.LVL26:
 372               	.L59:
 213:keyboards/Aaron/iris/keymaps/default/keymap.c ****       }
 214:keyboards/Aaron/iris/keymaps/default/keymap.c ****       return false;
 215:keyboards/Aaron/iris/keymaps/default/keymap.c ****       break;
 216:keyboards/Aaron/iris/keymaps/default/keymap.c ****     case ADJUST:
 217:keyboards/Aaron/iris/keymaps/default/keymap.c ****       if (record->event.pressed) {
 373               		.loc 1 217 0
 374 0064 C281      		ldd r28,Z+2
 218:keyboards/Aaron/iris/keymaps/default/keymap.c ****         layer_on(_ADJUST);
 375               		.loc 1 218 0
 376 0066 80E1      		ldi r24,lo8(16)
 377               	.LVL27:
 217:keyboards/Aaron/iris/keymaps/default/keymap.c ****       if (record->event.pressed) {
 378               		.loc 1 217 0
 379 0068 CC23      		tst r28
 380 006a 01F0      		breq .L62
 381               		.loc 1 218 0
 382 006c 0E94 0000 		call layer_on
 383               	.LVL28:
 384               	.L67:
 219:keyboards/Aaron/iris/keymaps/default/keymap.c ****       } else {
 220:keyboards/Aaron/iris/keymaps/default/keymap.c ****         layer_off(_ADJUST);
 221:keyboards/Aaron/iris/keymaps/default/keymap.c ****       }
 222:keyboards/Aaron/iris/keymaps/default/keymap.c ****       return false;
 385               		.loc 1 222 0
 386 0070 C0E0      		ldi r28,0
 387 0072 00C0      		rjmp .L54
 388               	.LVL29:
 389               	.L62:
 220:keyboards/Aaron/iris/keymaps/default/keymap.c ****         layer_off(_ADJUST);
 390               		.loc 1 220 0
 391 0074 0E94 0000 		call layer_off
 392               	.LVL30:
 393 0078 00C0      		rjmp .L54
 394               	.LVL31:
 395               	.L63:
 223:keyboards/Aaron/iris/keymaps/default/keymap.c ****       break;
 224:keyboards/Aaron/iris/keymaps/default/keymap.c ****   }
 225:keyboards/Aaron/iris/keymaps/default/keymap.c ****   return true;
 396               		.loc 1 225 0
 397 007a C1E0      		ldi r28,lo8(1)
 398               	.LVL32:
 399               	.L54:
 226:keyboards/Aaron/iris/keymaps/default/keymap.c **** }
 400               		.loc 1 226 0
 401 007c 8C2F      		mov r24,r28
 402               	/* epilogue start */
 403 007e CF91      		pop r28
 404 0080 0895      		ret
 405               		.cfi_endproc
 406               	.LFE15:
 408               		.section	.progmem.data.__m.3301,"a",@progbits
 411               	__m.3301:
 412 0000 75        		.byte	117
 413 0001 0A        		.byte	10
 414 0002 01        		.byte	1
 415 0003 2B        		.byte	43
 416 0004 02        		.byte	2
 417 0005 2B        		.byte	43
 418 0006 01        		.byte	1
 419 0007 0C        		.byte	12
 420 0008 02        		.byte	2
 421 0009 0C        		.byte	12
 422 000a 01        		.byte	1
 423 000b 11        		.byte	17
 424 000c 02        		.byte	2
 425 000d 11        		.byte	17
 426 000e 01        		.byte	1
 427 000f 2B        		.byte	43
 428 0010 02        		.byte	2
 429 0011 2B        		.byte	43
 430 0012 01        		.byte	1
 431 0013 28        		.byte	40
 432 0014 02        		.byte	2
 433 0015 28        		.byte	40
 434 0016 01        		.byte	1
 435 0017 2B        		.byte	43
 436 0018 02        		.byte	2
 437 0019 2B        		.byte	43
 438 001a 01        		.byte	1
 439 001b 2B        		.byte	43
 440 001c 02        		.byte	2
 441 001d 2B        		.byte	43
 442 001e 01        		.byte	1
 443 001f 2B        		.byte	43
 444 0020 02        		.byte	2
 445 0021 2B        		.byte	43
 446 0022 01        		.byte	1
 447 0023 0C        		.byte	12
 448 0024 02        		.byte	2
 449 0025 0C        		.byte	12
 450 0026 01        		.byte	1
 451 0027 11        		.byte	17
 452 0028 02        		.byte	2
 453 0029 11        		.byte	17
 454 002a 01        		.byte	1
 455 002b 2B        		.byte	43
 456 002c 02        		.byte	2
 457 002d 2B        		.byte	43
 458 002e 01        		.byte	1
 459 002f 28        		.byte	40
 460 0030 02        		.byte	2
 461 0031 28        		.byte	40
 462 0032 00        		.byte	0
 463               		.section	.progmem.data.__m.3298,"a",@progbits
 466               	__m.3298:
 467 0000 75        		.byte	117
 468 0001 0A        		.byte	10
 469 0002 01        		.byte	1
 470 0003 2B        		.byte	43
 471 0004 02        		.byte	2
 472 0005 2B        		.byte	43
 473 0006 01        		.byte	1
 474 0007 12        		.byte	18
 475 0008 02        		.byte	2
 476 0009 12        		.byte	18
 477 000a 01        		.byte	1
 478 000b 17        		.byte	23
 479 000c 02        		.byte	2
 480 000d 17        		.byte	23
 481 000e 01        		.byte	1
 482 000f 2B        		.byte	43
 483 0010 02        		.byte	2
 484 0011 2B        		.byte	43
 485 0012 01        		.byte	1
 486 0013 28        		.byte	40
 487 0014 02        		.byte	2
 488 0015 28        		.byte	40
 489 0016 01        		.byte	1
 490 0017 2B        		.byte	43
 491 0018 02        		.byte	2
 492 0019 2B        		.byte	43
 493 001a 01        		.byte	1
 494 001b 2B        		.byte	43
 495 001c 02        		.byte	2
 496 001d 2B        		.byte	43
 497 001e 01        		.byte	1
 498 001f 2B        		.byte	43
 499 0020 02        		.byte	2
 500 0021 2B        		.byte	43
 501 0022 01        		.byte	1
 502 0023 1D        		.byte	29
 503 0024 02        		.byte	2
 504 0025 1D        		.byte	29
 505 0026 01        		.byte	1
 506 0027 15        		.byte	21
 507 0028 02        		.byte	2
 508 0029 15        		.byte	21
 509 002a 01        		.byte	1
 510 002b 2B        		.byte	43
 511 002c 02        		.byte	2
 512 002d 2B        		.byte	43
 513 002e 01        		.byte	1
 514 002f 28        		.byte	40
 515 0030 02        		.byte	2
 516 0031 28        		.byte	40
 517 0032 00        		.byte	0
 518               		.section	.progmem.data.__m.3295,"a",@progbits
 521               	__m.3295:
 522 0000 75        		.byte	117
 523 0001 0A        		.byte	10
 524 0002 01        		.byte	1
 525 0003 2B        		.byte	43
 526 0004 02        		.byte	2
 527 0005 2B        		.byte	43
 528 0006 01        		.byte	1
 529 0007 12        		.byte	18
 530 0008 02        		.byte	2
 531 0009 12        		.byte	18
 532 000a 01        		.byte	1
 533 000b 13        		.byte	19
 534 000c 02        		.byte	2
 535 000d 13        		.byte	19
 536 000e 01        		.byte	1
 537 000f 2B        		.byte	43
 538 0010 02        		.byte	2
 539 0011 2B        		.byte	43
 540 0012 01        		.byte	1
 541 0013 28        		.byte	40
 542 0014 02        		.byte	2
 543 0015 28        		.byte	40
 544 0016 01        		.byte	1
 545 0017 2B        		.byte	43
 546 0018 02        		.byte	2
 547 0019 2B        		.byte	43
 548 001a 01        		.byte	1
 549 001b 2B        		.byte	43
 550 001c 02        		.byte	2
 551 001d 2B        		.byte	43
 552 001e 01        		.byte	1
 553 001f 2B        		.byte	43
 554 0020 02        		.byte	2
 555 0021 2B        		.byte	43
 556 0022 01        		.byte	1
 557 0023 1D        		.byte	29
 558 0024 02        		.byte	2
 559 0025 1D        		.byte	29
 560 0026 01        		.byte	1
 561 0027 15        		.byte	21
 562 0028 02        		.byte	2
 563 0029 15        		.byte	21
 564 002a 01        		.byte	1
 565 002b 2B        		.byte	43
 566 002c 02        		.byte	2
 567 002d 2B        		.byte	43
 568 002e 01        		.byte	1
 569 002f 28        		.byte	40
 570 0030 02        		.byte	2
 571 0031 28        		.byte	40
 572 0032 00        		.byte	0
 573               		.section	.progmem.data.__c.3292,"a",@progbits
 576               	__c.3292:
 577 0000 6970 636F 		.string	"ipconfig /all"
 577      6E66 6967 
 577      202F 616C 
 577      6C00 
 578               		.section	.progmem.data.__c.3289,"a",@progbits
 581               	__c.3289:
 582 0000 4D79 646F 		.string	"Mydogc3rri35"
 582      6763 3372 
 582      7269 3335 
 582      00
 583               		.section	.progmem.data.__m.3286,"a",@progbits
 586               	__m.3286:
 587 0000 75        		.byte	117
 588 0001 0A        		.byte	10
 589 0002 01        		.byte	1
 590 0003 27        		.byte	39
 591 0004 02        		.byte	2
 592 0005 27        		.byte	39
 593 0006 01        		.byte	1
 594 0007 06        		.byte	6
 595 0008 02        		.byte	2
 596 0009 06        		.byte	6
 597 000a 01        		.byte	1
 598 000b 2B        		.byte	43
 599 000c 02        		.byte	2
 600 000d 2B        		.byte	43
 601 000e 01        		.byte	1
 602 000f 2B        		.byte	43
 603 0010 02        		.byte	2
 604 0011 2B        		.byte	43
 605 0012 01        		.byte	1
 606 0013 04        		.byte	4
 607 0014 02        		.byte	2
 608 0015 04        		.byte	4
 609 0016 01        		.byte	1
 610 0017 2B        		.byte	43
 611 0018 02        		.byte	2
 612 0019 2B        		.byte	43
 613 001a 00        		.byte	0
 614               		.section	.progmem.data.__m.3282,"a",@progbits
 617               	__m.3282:
 618 0000 01        		.byte	1
 619 0001 1B        		.byte	27
 620 0002 02        		.byte	2
 621 0003 1B        		.byte	27
 622 0004 00        		.byte	0
 623               		.section	.progmem.data.__m.3278,"a",@progbits
 626               	__m.3278:
 627 0000 75        		.byte	117
 628 0001 0A        		.byte	10
 629 0002 01        		.byte	1
 630 0003 E0        		.byte	-32
 631 0004 01        		.byte	1
 632 0005 17        		.byte	23
 633 0006 02        		.byte	2
 634 0007 17        		.byte	23
 635 0008 01        		.byte	1
 636 0009 19        		.byte	25
 637 000a 02        		.byte	2
 638 000b 19        		.byte	25
 639 000c 01        		.byte	1
 640 000d 28        		.byte	40
 641 000e 02        		.byte	2
 642 000f 28        		.byte	40
 643 0010 02        		.byte	2
 644 0011 E0        		.byte	-32
 645 0012 00        		.byte	0
 646               		.section	.progmem.data.__c.3275,"a",@progbits
 649               	__c.3275:
 650 0000 7777 772E 		.string	"www.support.xerox.com\001("
 650      7375 7070 
 650      6F72 742E 
 650      7865 726F 
 650      782E 636F 
 651               		.section	.progmem.data.__c.3272,"a",@progbits
 654               	__c.3272:
 655 0000 6170 6165 		.string	"apaez@gotocos.com"
 655      7A40 676F 
 655      746F 636F 
 655      732E 636F 
 655      6D00 
 656               		.section	.progmem.data.__c.3269,"a",@progbits
 659               	__c.3269:
 660 0000 6164 6D69 		.string	"admin\001+1111\001("
 660      6E01 2B31 
 660      3131 3101 
 660      2800 
 661               		.section	.progmem.data.__m.3266,"a",@progbits
 664               	__m.3266:
 665 0000 01        		.byte	1
 666 0001 E3        		.byte	-29
 667 0002 01        		.byte	1
 668 0003 2B        		.byte	43
 669 0004 02        		.byte	2
 670 0005 2B        		.byte	43
 671 0006 02        		.byte	2
 672 0007 E3        		.byte	-29
 673 0008 00        		.byte	0
 674               	.global	keymaps
 675               		.section	.progmem.data.keymaps,"a",@progbits
 678               	keymaps:
 679 0000 2E00      		.word	46
 680 0002 1E00      		.word	30
 681 0004 1F00      		.word	31
 682 0006 2000      		.word	32
 683 0008 2100      		.word	33
 684 000a 2200      		.word	34
 685 000c 2B00      		.word	43
 686 000e 1400      		.word	20
 687 0010 1A00      		.word	26
 688 0012 0900      		.word	9
 689 0014 1300      		.word	19
 690 0016 0A00      		.word	10
 691 0018 2861      		.word	24872
 692 001a 0400      		.word	4
 693 001c 1500      		.word	21
 694 001e 1600      		.word	22
 695 0020 1700      		.word	23
 696 0022 0700      		.word	7
 697 0024 2962      		.word	25129
 698 0026 1D00      		.word	29
 699 0028 1B00      		.word	27
 700 002a 0600      		.word	6
 701 002c 1900      		.word	25
 702 002e 0500      		.word	5
 703 0030 0000      		.word	0
 704 0032 0000      		.word	0
 705 0034 0030      		.word	12288
 706 0036 E000      		.word	224
 707 0038 DC5C      		.word	23772
 708 003a 2A00      		.word	42
 709 003c 2D00      		.word	45
 710 003e 2700      		.word	39
 711 0040 2600      		.word	38
 712 0042 2500      		.word	37
 713 0044 2400      		.word	36
 714 0046 2300      		.word	35
 715 0048 3100      		.word	49
 716 004a 3300      		.word	51
 717 004c 1C00      		.word	28
 718 004e 1800      		.word	24
 719 0050 0F00      		.word	15
 720 0052 0D00      		.word	13
 721 0054 2800      		.word	40
 722 0056 1200      		.word	18
 723 0058 0C00      		.word	12
 724 005a 0800      		.word	8
 725 005c 1100      		.word	17
 726 005e 0B00      		.word	11
 727 0060 3500      		.word	53
 728 0062 3800      		.word	56
 729 0064 3700      		.word	55
 730 0066 3600      		.word	54
 731 0068 1000      		.word	16
 732 006a 0E00      		.word	14
 733 006c 0000      		.word	0
 734 006e 0000      		.word	0
 735 0070 2800      		.word	40
 736 0072 E200      		.word	226
 737 0074 DD5C      		.word	23773
 738 0076 2C00      		.word	44
 739 0078 3502      		.word	565
 740 007a 1E02      		.word	542
 741 007c 1F02      		.word	543
 742 007e 2002      		.word	544
 743 0080 2102      		.word	545
 744 0082 2202      		.word	546
 745 0084 005C      		.word	23552
 746 0086 1E00      		.word	30
 747 0088 1F00      		.word	31
 748 008a 2000      		.word	32
 749 008c 2100      		.word	33
 750 008e 2200      		.word	34
 751 0090 4C00      		.word	76
 752 0092 0100      		.word	1
 753 0094 5000      		.word	80
 754 0096 4F00      		.word	79
 755 0098 5200      		.word	82
 756 009a 2F00      		.word	47
 757 009c BE5C      		.word	23742
 758 009e 0100      		.word	1
 759 00a0 0100      		.word	1
 760 00a2 0100      		.word	1
 761 00a4 5100      		.word	81
 762 00a6 2F02      		.word	559
 763 00a8 0000      		.word	0
 764 00aa 0000      		.word	0
 765 00ac 2602      		.word	550
 766 00ae 0100      		.word	1
 767 00b0 0100      		.word	1
 768 00b2 2A00      		.word	42
 769 00b4 2A00      		.word	42
 770 00b6 2702      		.word	551
 771 00b8 2602      		.word	550
 772 00ba 2502      		.word	549
 773 00bc 2402      		.word	548
 774 00be 2302      		.word	547
 775 00c0 0100      		.word	1
 776 00c2 2700      		.word	39
 777 00c4 2600      		.word	38
 778 00c6 2500      		.word	37
 779 00c8 2400      		.word	36
 780 00ca 2300      		.word	35
 781 00cc 3102      		.word	561
 782 00ce 2E02      		.word	558
 783 00d0 5E00      		.word	94
 784 00d2 5D00      		.word	93
 785 00d4 5C00      		.word	92
 786 00d6 3000      		.word	48
 787 00d8 0100      		.word	1
 788 00da 2D00      		.word	45
 789 00dc 5B00      		.word	91
 790 00de 5A00      		.word	90
 791 00e0 5900      		.word	89
 792 00e2 3002      		.word	560
 793 00e4 0000      		.word	0
 794 00e6 0000      		.word	0
 795 00e8 2702      		.word	551
 796 00ea 6200      		.word	98
 797 00ec 0100      		.word	1
 798 00ee 4C00      		.word	76
 799 00f0 4500      		.word	69
 800 00f2 3A00      		.word	58
 801 00f4 3B00      		.word	59
 802 00f6 3C00      		.word	60
 803 00f8 3D00      		.word	61
 804 00fa 3E00      		.word	62
 805 00fc 0100      		.word	1
 806 00fe 1E02      		.word	542
 807 0100 1F02      		.word	543
 808 0102 2002      		.word	544
 809 0104 2102      		.word	545
 810 0106 2202      		.word	546
 811 0108 0100      		.word	1
 812 010a AC00      		.word	172
 813 010c AB00      		.word	171
 814 010e A900      		.word	169
 815 0110 4B00      		.word	75
 816 0112 2D02      		.word	557
 817 0114 A800      		.word	168
 818 0116 AD00      		.word	173
 819 0118 AE00      		.word	174
 820 011a AA00      		.word	170
 821 011c 4E00      		.word	78
 822 011e 2D00      		.word	45
 823 0120 0000      		.word	0
 824 0122 0000      		.word	0
 825 0124 0100      		.word	1
 826 0126 0100      		.word	1
 827 0128 0100      		.word	1
 828 012a 0100      		.word	1
 829 012c 4400      		.word	68
 830 012e 4300      		.word	67
 831 0130 4200      		.word	66
 832 0132 4100      		.word	65
 833 0134 4000      		.word	64
 834 0136 3F00      		.word	63
 835 0138 0100      		.word	1
 836 013a 2702      		.word	551
 837 013c 2602      		.word	550
 838 013e 2502      		.word	549
 839 0140 2402      		.word	548
 840 0142 2302      		.word	547
 841 0144 3100      		.word	49
 842 0146 0100      		.word	1
 843 0148 5200      		.word	82
 844 014a 0100      		.word	1
 845 014c 4A00      		.word	74
 846 014e 2E00      		.word	46
 847 0150 0100      		.word	1
 848 0152 4F00      		.word	79
 849 0154 5100      		.word	81
 850 0156 5000      		.word	80
 851 0158 4D00      		.word	77
 852 015a 2E02      		.word	558
 853 015c 0000      		.word	0
 854 015e 0000      		.word	0
 855 0160 0100      		.word	1
 856 0162 0100      		.word	1
 857 0164 0100      		.word	1
 858 0166 0100      		.word	1
 859 0168 2900      		.word	41
 860 016a 1E00      		.word	30
 861 016c 1F00      		.word	31
 862 016e 2000      		.word	32
 863 0170 2100      		.word	33
 864 0172 2200      		.word	34
 865 0174 2B00      		.word	43
 866 0176 1400      		.word	20
 867 0178 1A00      		.word	26
 868 017a 0800      		.word	8
 869 017c 1500      		.word	21
 870 017e 1700      		.word	23
 871 0180 DD5C      		.word	23773
 872 0182 0400      		.word	4
 873 0184 1600      		.word	22
 874 0186 0700      		.word	7
 875 0188 0900      		.word	9
 876 018a 0A00      		.word	10
 877 018c E100      		.word	225
 878 018e 1D00      		.word	29
 879 0190 1B00      		.word	27
 880 0192 0600      		.word	6
 881 0194 1900      		.word	25
 882 0196 0500      		.word	5
 883 0198 0000      		.word	0
 884 019a 0000      		.word	0
 885 019c 2C00      		.word	44
 886 019e E000      		.word	224
 887 01a0 DC5C      		.word	23772
 888 01a2 2C00      		.word	44
 889 01a4 2A00      		.word	42
 890 01a6 2700      		.word	39
 891 01a8 2600      		.word	38
 892 01aa 2500      		.word	37
 893 01ac 2400      		.word	36
 894 01ae 2300      		.word	35
 895 01b0 4C00      		.word	76
 896 01b2 1300      		.word	19
 897 01b4 1200      		.word	18
 898 01b6 0C00      		.word	12
 899 01b8 1800      		.word	24
 900 01ba 1C00      		.word	28
 901 01bc 3400      		.word	52
 902 01be 3300      		.word	51
 903 01c0 0F00      		.word	15
 904 01c2 0E00      		.word	14
 905 01c4 0D00      		.word	13
 906 01c6 0B00      		.word	11
 907 01c8 E500      		.word	229
 908 01ca 3800      		.word	56
 909 01cc 3700      		.word	55
 910 01ce 3600      		.word	54
 911 01d0 1000      		.word	16
 912 01d2 1100      		.word	17
 913 01d4 0000      		.word	0
 914 01d6 0000      		.word	0
 915 01d8 2800      		.word	40
 916 01da E200      		.word	226
 917 01dc E300      		.word	227
 918 01de 2800      		.word	40
 919 01e0 0000 0000 		.zero	1440
 919      0000 0000 
 919      0000 0000 
 919      0000 0000 
 919      0000 0000 
 920 0780 005C      		.word	23552
 921 0782 0100      		.word	1
 922 0784 0100      		.word	1
 923 0786 0100      		.word	1
 924 0788 0100      		.word	1
 925 078a 0100      		.word	1
 926 078c C05C      		.word	23744
 927 078e C15C      		.word	23745
 928 0790 C35C      		.word	23747
 929 0792 C55C      		.word	23749
 930 0794 C75C      		.word	23751
 931 0796 0100      		.word	1
 932 0798 0100      		.word	1
 933 079a 015C      		.word	23553
 934 079c C45C      		.word	23748
 935 079e C65C      		.word	23750
 936 07a0 C85C      		.word	23752
 937 07a2 0100      		.word	1
 938 07a4 BE5C      		.word	23742
 939 07a6 005C      		.word	23552
 940 07a8 0100      		.word	1
 941 07aa 0100      		.word	1
 942 07ac 0100      		.word	1
 943 07ae 0100      		.word	1
 944 07b0 0000      		.word	0
 945 07b2 0000      		.word	0
 946 07b4 0100      		.word	1
 947 07b6 0100      		.word	1
 948 07b8 0100      		.word	1
 949 07ba 0100      		.word	1
 950 07bc 0100      		.word	1
 951 07be 0100      		.word	1
 952 07c0 0100      		.word	1
 953 07c2 0100      		.word	1
 954 07c4 0100      		.word	1
 955 07c6 0100      		.word	1
 956 07c8 0100      		.word	1
 957 07ca 0100      		.word	1
 958 07cc 0100      		.word	1
 959 07ce 0100      		.word	1
 960 07d0 0100      		.word	1
 961 07d2 0100      		.word	1
 962 07d4 0100      		.word	1
 963 07d6 0100      		.word	1
 964 07d8 0100      		.word	1
 965 07da 0100      		.word	1
 966 07dc 0100      		.word	1
 967 07de 0100      		.word	1
 968 07e0 0100      		.word	1
 969 07e2 0100      		.word	1
 970 07e4 0100      		.word	1
 971 07e6 0100      		.word	1
 972 07e8 0100      		.word	1
 973 07ea 0100      		.word	1
 974 07ec 0000      		.word	0
 975 07ee 0000      		.word	0
 976 07f0 0100      		.word	1
 977 07f2 0100      		.word	1
 978 07f4 0100      		.word	1
 979 07f6 0100      		.word	1
 980               		.text
 981               	.Letext0:
 982               		.file 2 "/usr/lib/avr/include/stdint.h"
 983               		.file 3 "./tmk_core/common/keyboard.h"
 984               		.file 4 "./tmk_core/common/keycode.h"
 985               		.file 5 "./tmk_core/common/action_code.h"
 986               		.file 6 "./tmk_core/common/action_macro.h"
 987               		.file 7 "./tmk_core/common/action.h"
 988               		.file 8 "./tmk_core/common/report.h"
 989               		.file 9 "./quantum/quantum_keycodes.h"
 990               		.file 10 "./tmk_core/common/action_util.h"
 991               		.file 11 "./tmk_core/common/eeconfig.h"
 992               		.file 12 "./tmk_core/common/action_layer.h"
 993               		.file 13 "./quantum/quantum.h"
DEFINED SYMBOLS
                            *ABS*:0000000000000000 keymap.c
     /tmp/ccPcH9Rm.s:2      *ABS*:000000000000003e __SP_H__
     /tmp/ccPcH9Rm.s:3      *ABS*:000000000000003d __SP_L__
     /tmp/ccPcH9Rm.s:4      *ABS*:000000000000003f __SREG__
     /tmp/ccPcH9Rm.s:5      *ABS*:0000000000000000 __tmp_reg__
     /tmp/ccPcH9Rm.s:6      *ABS*:0000000000000001 __zero_reg__
     /tmp/ccPcH9Rm.s:13     .text.persistent_default_layer_set:0000000000000000 persistent_default_layer_set
     /tmp/ccPcH9Rm.s:53     .text.action_get_macro:0000000000000000 action_get_macro
     /tmp/ccPcH9Rm.s:659    .progmem.data.__c.3269:0000000000000000 __c.3269
     /tmp/ccPcH9Rm.s:654    .progmem.data.__c.3272:0000000000000000 __c.3272
     /tmp/ccPcH9Rm.s:649    .progmem.data.__c.3275:0000000000000000 __c.3275
     /tmp/ccPcH9Rm.s:581    .progmem.data.__c.3289:0000000000000000 __c.3289
     /tmp/ccPcH9Rm.s:576    .progmem.data.__c.3292:0000000000000000 __c.3292
     /tmp/ccPcH9Rm.s:411    .progmem.data.__m.3301:0000000000000000 __m.3301
     /tmp/ccPcH9Rm.s:664    .progmem.data.__m.3266:0000000000000000 __m.3266
     /tmp/ccPcH9Rm.s:626    .progmem.data.__m.3278:0000000000000000 __m.3278
     /tmp/ccPcH9Rm.s:617    .progmem.data.__m.3282:0000000000000000 __m.3282
     /tmp/ccPcH9Rm.s:586    .progmem.data.__m.3286:0000000000000000 __m.3286
     /tmp/ccPcH9Rm.s:521    .progmem.data.__m.3295:0000000000000000 __m.3295
     /tmp/ccPcH9Rm.s:466    .progmem.data.__m.3298:0000000000000000 __m.3298
     /tmp/ccPcH9Rm.s:285    .text.process_record_user:0000000000000000 process_record_user
     /tmp/ccPcH9Rm.s:678    .progmem.data.keymaps:0000000000000000 keymaps

UNDEFINED SYMBOLS
eeconfig_update_default_layer
default_layer_set
__tablejump2__
send_string_P
layer_on
layer_off
update_tri_layer
