   1               		.file	"backlight.c"
   2               	__SP_H__ = 0x3e
   3               	__SP_L__ = 0x3d
   4               	__SREG__ = 0x3f
   5               	__tmp_reg__ = 0
   6               	__zero_reg__ = 1
   7               		.text
   8               	.Ltext0:
   9               		.cfi_sections	.debug_frame
  10               		.section	.text.backlight_init,"ax",@progbits
  11               	.global	backlight_init
  13               	backlight_init:
  14               	.LFB0:
  15               		.file 1 "./tmk_core/common/backlight.c"
   1:./tmk_core/common/backlight.c **** /*
   2:./tmk_core/common/backlight.c **** Copyright 2013 Mathias Andersson <wraul@dbox.se>
   3:./tmk_core/common/backlight.c **** 
   4:./tmk_core/common/backlight.c **** This program is free software: you can redistribute it and/or modify
   5:./tmk_core/common/backlight.c **** it under the terms of the GNU General Public License as published by
   6:./tmk_core/common/backlight.c **** the Free Software Foundation, either version 2 of the License, or
   7:./tmk_core/common/backlight.c **** (at your option) any later version.
   8:./tmk_core/common/backlight.c **** 
   9:./tmk_core/common/backlight.c **** This program is distributed in the hope that it will be useful,
  10:./tmk_core/common/backlight.c **** but WITHOUT ANY WARRANTY; without even the implied warranty of
  11:./tmk_core/common/backlight.c **** MERCHANTABILITY or FITNESS FOR A PARTICULAR PURPOSE.  See the
  12:./tmk_core/common/backlight.c **** GNU General Public License for more details.
  13:./tmk_core/common/backlight.c **** 
  14:./tmk_core/common/backlight.c **** You should have received a copy of the GNU General Public License
  15:./tmk_core/common/backlight.c **** along with this program.  If not, see <http://www.gnu.org/licenses/>.
  16:./tmk_core/common/backlight.c **** */
  17:./tmk_core/common/backlight.c **** 
  18:./tmk_core/common/backlight.c **** #include "backlight.h"
  19:./tmk_core/common/backlight.c **** #include "eeconfig.h"
  20:./tmk_core/common/backlight.c **** #include "debug.h"
  21:./tmk_core/common/backlight.c **** 
  22:./tmk_core/common/backlight.c **** backlight_config_t backlight_config;
  23:./tmk_core/common/backlight.c **** 
  24:./tmk_core/common/backlight.c **** /** \brief Backlight initialization
  25:./tmk_core/common/backlight.c ****  *
  26:./tmk_core/common/backlight.c ****  * FIXME: needs doc
  27:./tmk_core/common/backlight.c ****  */
  28:./tmk_core/common/backlight.c **** void backlight_init(void)
  29:./tmk_core/common/backlight.c **** {
  16               		.loc 1 29 0
  17               		.cfi_startproc
  18               	/* prologue: function */
  19               	/* frame size = 0 */
  20               	/* stack size = 0 */
  21               	.L__stack_usage = 0
  30:./tmk_core/common/backlight.c ****     /* check signature */
  31:./tmk_core/common/backlight.c ****     if (!eeconfig_is_enabled()) {
  22               		.loc 1 31 0
  23 0000 0E94 0000 		call eeconfig_is_enabled
  24               	.LVL0:
  25 0004 8111      		cpse r24,__zero_reg__
  26 0006 00C0      		rjmp .L2
  32:./tmk_core/common/backlight.c ****         eeconfig_init();
  27               		.loc 1 32 0
  28 0008 0E94 0000 		call eeconfig_init
  29               	.LVL1:
  30               	.L2:
  33:./tmk_core/common/backlight.c ****     }
  34:./tmk_core/common/backlight.c ****     backlight_config.raw = eeconfig_read_backlight();
  31               		.loc 1 34 0
  32 000c 0E94 0000 		call eeconfig_read_backlight
  33               	.LVL2:
  34 0010 8093 0000 		sts backlight_config,r24
  35:./tmk_core/common/backlight.c ****     if (backlight_config.level > BACKLIGHT_LEVELS) {
  35               		.loc 1 35 0
  36 0014 282F      		mov r18,r24
  37 0016 2695      		lsr r18
  38 0018 30E0      		ldi r19,0
  39 001a 2630      		cpi r18,6
  40 001c 3105      		cpc r19,__zero_reg__
  41 001e 04F0      		brlt .L3
  36:./tmk_core/common/backlight.c ****        backlight_config.level = BACKLIGHT_LEVELS;
  42               		.loc 1 36 0
  43 0020 8170      		andi r24,lo8(1)
  44 0022 8A60      		ori r24,lo8(10)
  45 0024 8093 0000 		sts backlight_config,r24
  46               	.L3:
  37:./tmk_core/common/backlight.c ****     }
  38:./tmk_core/common/backlight.c ****     backlight_set(backlight_config.enable ? backlight_config.level : 0);
  47               		.loc 1 38 0
  48 0028 8091 0000 		lds r24,backlight_config
  49 002c 80FF      		sbrs r24,0
  50 002e 00C0      		rjmp .L5
  51               		.loc 1 38 0 is_stmt 0 discriminator 1
  52 0030 8695      		lsr r24
  53 0032 00C0      		rjmp .L4
  54               	.L5:
  55               		.loc 1 38 0
  56 0034 80E0      		ldi r24,0
  57               	.L4:
  58               		.loc 1 38 0 discriminator 3
  59 0036 0C94 0000 		jmp backlight_set
  60               	.LVL3:
  61               		.cfi_endproc
  62               	.LFE0:
  64               		.section	.text.backlight_increase,"ax",@progbits
  65               	.global	backlight_increase
  67               	backlight_increase:
  68               	.LFB1:
  39:./tmk_core/common/backlight.c **** }
  40:./tmk_core/common/backlight.c **** 
  41:./tmk_core/common/backlight.c **** /** \brief Backlight increase
  42:./tmk_core/common/backlight.c ****  *
  43:./tmk_core/common/backlight.c ****  * FIXME: needs doc
  44:./tmk_core/common/backlight.c ****  */
  45:./tmk_core/common/backlight.c **** void backlight_increase(void)
  46:./tmk_core/common/backlight.c **** {
  69               		.loc 1 46 0 is_stmt 1
  70               		.cfi_startproc
  71               	/* prologue: function */
  72               	/* frame size = 0 */
  73               	/* stack size = 0 */
  74               	.L__stack_usage = 0
  47:./tmk_core/common/backlight.c ****     if(backlight_config.level < BACKLIGHT_LEVELS)
  75               		.loc 1 47 0
  76 0000 2091 0000 		lds r18,backlight_config
  77 0004 322F      		mov r19,r18
  78 0006 3695      		lsr r19
  79 0008 832F      		mov r24,r19
  80 000a 90E0      		ldi r25,0
  81 000c 0597      		sbiw r24,5
  82 000e 04F4      		brge .L8
  48:./tmk_core/common/backlight.c ****     {
  49:./tmk_core/common/backlight.c ****         backlight_config.level++;
  83               		.loc 1 49 0
  84 0010 91E0      		ldi r25,lo8(1)
  85 0012 930F      		add r25,r19
  86 0014 990F      		lsl r25
  87 0016 822F      		mov r24,r18
  88 0018 8170      		andi r24,lo8(1)
  89 001a 892B      		or r24,r25
  90 001c 8093 0000 		sts backlight_config,r24
  91               	.L8:
  50:./tmk_core/common/backlight.c ****     }
  51:./tmk_core/common/backlight.c ****     backlight_config.enable = 1;
  92               		.loc 1 51 0
  93 0020 8091 0000 		lds r24,backlight_config
  94 0024 8160      		ori r24,lo8(1<<0)
  95 0026 8093 0000 		sts backlight_config,r24
  52:./tmk_core/common/backlight.c ****     eeconfig_update_backlight(backlight_config.raw);
  96               		.loc 1 52 0
  97 002a 0E94 0000 		call eeconfig_update_backlight
  98               	.LVL4:
  53:./tmk_core/common/backlight.c ****     dprintf("backlight increase: %u\n", backlight_config.level);
  54:./tmk_core/common/backlight.c ****     backlight_set(backlight_config.level);
  99               		.loc 1 54 0
 100 002e 8091 0000 		lds r24,backlight_config
 101 0032 8695      		lsr r24
 102 0034 0C94 0000 		jmp backlight_set
 103               	.LVL5:
 104               		.cfi_endproc
 105               	.LFE1:
 107               		.section	.text.backlight_decrease,"ax",@progbits
 108               	.global	backlight_decrease
 110               	backlight_decrease:
 111               	.LFB2:
  55:./tmk_core/common/backlight.c **** }
  56:./tmk_core/common/backlight.c **** 
  57:./tmk_core/common/backlight.c **** /** \brief Backlight decrease
  58:./tmk_core/common/backlight.c ****  *
  59:./tmk_core/common/backlight.c ****  * FIXME: needs doc
  60:./tmk_core/common/backlight.c ****  */
  61:./tmk_core/common/backlight.c **** void backlight_decrease(void)
  62:./tmk_core/common/backlight.c **** {
 112               		.loc 1 62 0
 113               		.cfi_startproc
 114               	/* prologue: function */
 115               	/* frame size = 0 */
 116               	/* stack size = 0 */
 117               	.L__stack_usage = 0
  63:./tmk_core/common/backlight.c ****     if(backlight_config.level > 0)
 118               		.loc 1 63 0
 119 0000 8091 0000 		lds r24,backlight_config
 120 0004 982F      		mov r25,r24
 121 0006 9695      		lsr r25
 122 0008 01F0      		breq .L10
  64:./tmk_core/common/backlight.c ****     {
  65:./tmk_core/common/backlight.c ****         backlight_config.level--;
 123               		.loc 1 65 0
 124 000a 9158      		subi r25,lo8(-(127))
 125 000c 990F      		lsl r25
 126 000e 8170      		andi r24,lo8(1)
 127 0010 892B      		or r24,r25
 128 0012 8093 0000 		sts backlight_config,r24
  66:./tmk_core/common/backlight.c ****         backlight_config.enable = !!backlight_config.level;
 129               		.loc 1 66 0
 130 0016 8E7F      		andi r24,lo8(-2)
 131 0018 91E0      		ldi r25,lo8(1)
 132 001a 01F4      		brne .L11
 133 001c 90E0      		ldi r25,0
 134               	.L11:
 135 001e 8091 0000 		lds r24,backlight_config
 136 0022 90FB      		bst r25,0
 137 0024 80F9      		bld r24,0
 138 0026 8093 0000 		sts backlight_config,r24
  67:./tmk_core/common/backlight.c ****         eeconfig_update_backlight(backlight_config.raw);
 139               		.loc 1 67 0
 140 002a 0E94 0000 		call eeconfig_update_backlight
 141               	.LVL6:
 142               	.L10:
  68:./tmk_core/common/backlight.c ****     }
  69:./tmk_core/common/backlight.c ****     dprintf("backlight decrease: %u\n", backlight_config.level);
  70:./tmk_core/common/backlight.c ****     backlight_set(backlight_config.level);
 143               		.loc 1 70 0
 144 002e 8091 0000 		lds r24,backlight_config
 145 0032 8695      		lsr r24
 146 0034 0C94 0000 		jmp backlight_set
 147               	.LVL7:
 148               		.cfi_endproc
 149               	.LFE2:
 151               		.section	.text.backlight_toggle,"ax",@progbits
 152               	.global	backlight_toggle
 154               	backlight_toggle:
 155               	.LFB3:
  71:./tmk_core/common/backlight.c **** }
  72:./tmk_core/common/backlight.c **** 
  73:./tmk_core/common/backlight.c **** /** \brief Backlight toggle
  74:./tmk_core/common/backlight.c ****  *
  75:./tmk_core/common/backlight.c ****  * FIXME: needs doc
  76:./tmk_core/common/backlight.c ****  */
  77:./tmk_core/common/backlight.c **** void backlight_toggle(void)
  78:./tmk_core/common/backlight.c **** {
 156               		.loc 1 78 0
 157               		.cfi_startproc
 158               	/* prologue: function */
 159               	/* frame size = 0 */
 160               	/* stack size = 0 */
 161               	.L__stack_usage = 0
  79:./tmk_core/common/backlight.c ****     backlight_config.enable ^= 1;
 162               		.loc 1 79 0
 163 0000 8091 0000 		lds r24,backlight_config
 164 0004 982F      		mov r25,r24
 165 0006 9095      		com r25
 166 0008 90FB      		bst r25,0
 167 000a 80F9      		bld r24,0
 168 000c 8093 0000 		sts backlight_config,r24
  80:./tmk_core/common/backlight.c ****     if (backlight_config.raw == 1) // enabled but level = 0
 169               		.loc 1 80 0
 170 0010 8130      		cpi r24,lo8(1)
 171 0012 01F4      		brne .L16
  81:./tmk_core/common/backlight.c ****         backlight_config.level = 1;
 172               		.loc 1 81 0
 173 0014 83E0      		ldi r24,lo8(3)
 174 0016 8093 0000 		sts backlight_config,r24
 175               	.L16:
  82:./tmk_core/common/backlight.c ****     eeconfig_update_backlight(backlight_config.raw);
 176               		.loc 1 82 0
 177 001a 8091 0000 		lds r24,backlight_config
 178 001e 0E94 0000 		call eeconfig_update_backlight
 179               	.LVL8:
  83:./tmk_core/common/backlight.c ****     dprintf("backlight toggle: %u\n", backlight_config.enable);
  84:./tmk_core/common/backlight.c ****     backlight_set(backlight_config.enable ? backlight_config.level : 0);
 180               		.loc 1 84 0
 181 0022 8091 0000 		lds r24,backlight_config
 182 0026 80FF      		sbrs r24,0
 183 0028 00C0      		rjmp .L18
 184               		.loc 1 84 0 is_stmt 0 discriminator 1
 185 002a 8695      		lsr r24
 186 002c 00C0      		rjmp .L17
 187               	.L18:
 188               		.loc 1 84 0
 189 002e 80E0      		ldi r24,0
 190               	.L17:
 191               		.loc 1 84 0 discriminator 3
 192 0030 0C94 0000 		jmp backlight_set
 193               	.LVL9:
 194               		.cfi_endproc
 195               	.LFE3:
 197               		.section	.text.backlight_step,"ax",@progbits
 198               	.global	backlight_step
 200               	backlight_step:
 201               	.LFB4:
  85:./tmk_core/common/backlight.c **** }
  86:./tmk_core/common/backlight.c **** 
  87:./tmk_core/common/backlight.c **** /** \brief Backlight step through levels
  88:./tmk_core/common/backlight.c ****  *
  89:./tmk_core/common/backlight.c ****  * FIXME: needs doc
  90:./tmk_core/common/backlight.c ****  */
  91:./tmk_core/common/backlight.c **** void backlight_step(void)
  92:./tmk_core/common/backlight.c **** {
 202               		.loc 1 92 0 is_stmt 1
 203               		.cfi_startproc
 204               	/* prologue: function */
 205               	/* frame size = 0 */
 206               	/* stack size = 0 */
 207               	.L__stack_usage = 0
  93:./tmk_core/common/backlight.c ****     backlight_config.level++;
 208               		.loc 1 93 0
 209 0000 3091 0000 		lds r19,backlight_config
 210 0004 232F      		mov r18,r19
 211 0006 2695      		lsr r18
 212 0008 2F5F      		subi r18,lo8(-(1))
 213 000a 2F77      		andi r18,lo8(127)
  94:./tmk_core/common/backlight.c ****     if(backlight_config.level > BACKLIGHT_LEVELS)
 214               		.loc 1 94 0
 215 000c 822F      		mov r24,r18
 216 000e 90E0      		ldi r25,0
 217 0010 3170      		andi r19,lo8(1)
 218 0012 0697      		sbiw r24,6
 219 0014 04F4      		brge .L20
  93:./tmk_core/common/backlight.c ****     backlight_config.level++;
 220               		.loc 1 93 0
 221 0016 220F      		lsl r18
 222 0018 232B      		or r18,r19
 223 001a 2093 0000 		sts backlight_config,r18
 224 001e 00C0      		rjmp .L21
 225               	.L20:
  95:./tmk_core/common/backlight.c ****     {
  96:./tmk_core/common/backlight.c ****         backlight_config.level = 0;
 226               		.loc 1 96 0
 227 0020 3093 0000 		sts backlight_config,r19
 228               	.L21:
  97:./tmk_core/common/backlight.c ****     }
  98:./tmk_core/common/backlight.c ****     backlight_config.enable = !!backlight_config.level;
 229               		.loc 1 98 0
 230 0024 8091 0000 		lds r24,backlight_config
 231 0028 8E7F      		andi r24,lo8(-2)
 232 002a 91E0      		ldi r25,lo8(1)
 233 002c 01F4      		brne .L22
 234 002e 90E0      		ldi r25,0
 235               	.L22:
 236 0030 8091 0000 		lds r24,backlight_config
 237 0034 90FB      		bst r25,0
 238 0036 80F9      		bld r24,0
 239 0038 8093 0000 		sts backlight_config,r24
  99:./tmk_core/common/backlight.c ****     eeconfig_update_backlight(backlight_config.raw);
 240               		.loc 1 99 0
 241 003c 0E94 0000 		call eeconfig_update_backlight
 242               	.LVL10:
 100:./tmk_core/common/backlight.c ****     dprintf("backlight step: %u\n", backlight_config.level);
 101:./tmk_core/common/backlight.c ****     backlight_set(backlight_config.level);
 243               		.loc 1 101 0
 244 0040 8091 0000 		lds r24,backlight_config
 245 0044 8695      		lsr r24
 246 0046 0C94 0000 		jmp backlight_set
 247               	.LVL11:
 248               		.cfi_endproc
 249               	.LFE4:
 251               		.section	.text.backlight_level,"ax",@progbits
 252               	.global	backlight_level
 254               	backlight_level:
 255               	.LFB5:
 102:./tmk_core/common/backlight.c **** }
 103:./tmk_core/common/backlight.c **** 
 104:./tmk_core/common/backlight.c **** /** \brief Backlight set level
 105:./tmk_core/common/backlight.c ****  *
 106:./tmk_core/common/backlight.c ****  * FIXME: needs doc
 107:./tmk_core/common/backlight.c ****  */
 108:./tmk_core/common/backlight.c **** void backlight_level(uint8_t level)
 109:./tmk_core/common/backlight.c **** {
 256               		.loc 1 109 0
 257               		.cfi_startproc
 258               	.LVL12:
 259               	/* prologue: function */
 260               	/* frame size = 0 */
 261               	/* stack size = 0 */
 262               	.L__stack_usage = 0
 263 0000 8630      		cpi r24,lo8(6)
 264 0002 00F0      		brlo .L24
 265 0004 85E0      		ldi r24,lo8(5)
 266               	.L24:
 110:./tmk_core/common/backlight.c ****     if (level > BACKLIGHT_LEVELS)
 111:./tmk_core/common/backlight.c ****         level = BACKLIGHT_LEVELS;
 112:./tmk_core/common/backlight.c ****     backlight_config.level = level;
 267               		.loc 1 112 0
 268 0006 880F      		lsl r24
 269 0008 9091 0000 		lds r25,backlight_config
 270 000c 9170      		andi r25,lo8(1)
 271 000e 982B      		or r25,r24
 272 0010 9093 0000 		sts backlight_config,r25
 113:./tmk_core/common/backlight.c ****     backlight_config.enable = !!backlight_config.level;
 273               		.loc 1 113 0
 274 0014 9E7F      		andi r25,lo8(-2)
 275 0016 21E0      		ldi r18,lo8(1)
 276 0018 01F4      		brne .L25
 277 001a 20E0      		ldi r18,0
 278               	.L25:
 279 001c 8091 0000 		lds r24,backlight_config
 280 0020 20FB      		bst r18,0
 281 0022 80F9      		bld r24,0
 282 0024 8093 0000 		sts backlight_config,r24
 114:./tmk_core/common/backlight.c ****     eeconfig_update_backlight(backlight_config.raw);
 283               		.loc 1 114 0
 284 0028 0E94 0000 		call eeconfig_update_backlight
 285               	.LVL13:
 115:./tmk_core/common/backlight.c ****     backlight_set(backlight_config.level);
 286               		.loc 1 115 0
 287 002c 8091 0000 		lds r24,backlight_config
 288 0030 8695      		lsr r24
 289 0032 0C94 0000 		jmp backlight_set
 290               	.LVL14:
 291               		.cfi_endproc
 292               	.LFE5:
 294               		.section	.text.get_backlight_level,"ax",@progbits
 295               	.global	get_backlight_level
 297               	get_backlight_level:
 298               	.LFB6:
 116:./tmk_core/common/backlight.c **** }
 117:./tmk_core/common/backlight.c **** 
 118:./tmk_core/common/backlight.c **** /** \brief Get backlight level
 119:./tmk_core/common/backlight.c ****  *
 120:./tmk_core/common/backlight.c ****  * FIXME: needs doc
 121:./tmk_core/common/backlight.c ****  */
 122:./tmk_core/common/backlight.c **** uint8_t get_backlight_level(void)
 123:./tmk_core/common/backlight.c **** {
 299               		.loc 1 123 0
 300               		.cfi_startproc
 301               	/* prologue: function */
 302               	/* frame size = 0 */
 303               	/* stack size = 0 */
 304               	.L__stack_usage = 0
 124:./tmk_core/common/backlight.c ****     return backlight_config.level;
 305               		.loc 1 124 0
 306 0000 8091 0000 		lds r24,backlight_config
 125:./tmk_core/common/backlight.c **** }
 307               		.loc 1 125 0
 308 0004 8695      		lsr r24
 309 0006 0895      		ret
 310               		.cfi_endproc
 311               	.LFE6:
 313               		.comm	backlight_config,1,1
 314               		.text
 315               	.Letext0:
 316               		.file 2 "./tmk_core/common/backlight.h"
 317               		.file 3 "/usr/lib/avr/include/stdint.h"
 318               		.file 4 "./tmk_core/common/eeconfig.h"
DEFINED SYMBOLS
                            *ABS*:0000000000000000 backlight.c
     /tmp/cc8pDSHF.s:2      *ABS*:000000000000003e __SP_H__
     /tmp/cc8pDSHF.s:3      *ABS*:000000000000003d __SP_L__
     /tmp/cc8pDSHF.s:4      *ABS*:000000000000003f __SREG__
     /tmp/cc8pDSHF.s:5      *ABS*:0000000000000000 __tmp_reg__
     /tmp/cc8pDSHF.s:6      *ABS*:0000000000000001 __zero_reg__
     /tmp/cc8pDSHF.s:13     .text.backlight_init:0000000000000000 backlight_init
                            *COM*:0000000000000001 backlight_config
     /tmp/cc8pDSHF.s:67     .text.backlight_increase:0000000000000000 backlight_increase
     /tmp/cc8pDSHF.s:110    .text.backlight_decrease:0000000000000000 backlight_decrease
     /tmp/cc8pDSHF.s:154    .text.backlight_toggle:0000000000000000 backlight_toggle
     /tmp/cc8pDSHF.s:200    .text.backlight_step:0000000000000000 backlight_step
     /tmp/cc8pDSHF.s:254    .text.backlight_level:0000000000000000 backlight_level
     /tmp/cc8pDSHF.s:297    .text.get_backlight_level:0000000000000000 get_backlight_level

UNDEFINED SYMBOLS
eeconfig_is_enabled
eeconfig_init
eeconfig_read_backlight
backlight_set
eeconfig_update_backlight
__do_clear_bss
