   1               		.file	"eeconfig.c"
   2               	__SP_H__ = 0x3e
   3               	__SP_L__ = 0x3d
   4               	__SREG__ = 0x3f
   5               	__tmp_reg__ = 0
   6               	__zero_reg__ = 1
   7               		.text
   8               	.Ltext0:
   9               		.cfi_sections	.debug_frame
  10               		.section	.text.eeconfig_init,"ax",@progbits
  11               	.global	eeconfig_init
  13               	eeconfig_init:
  14               	.LFB0:
  15               		.file 1 "./tmk_core/common/eeconfig.c"
   1:./tmk_core/common/eeconfig.c **** #include <stdint.h>
   2:./tmk_core/common/eeconfig.c **** #include <stdbool.h>
   3:./tmk_core/common/eeconfig.c **** #include "eeprom.h"
   4:./tmk_core/common/eeconfig.c **** #include "eeconfig.h"
   5:./tmk_core/common/eeconfig.c **** 
   6:./tmk_core/common/eeconfig.c **** /** \brief eeconfig initialization
   7:./tmk_core/common/eeconfig.c ****  *
   8:./tmk_core/common/eeconfig.c ****  * FIXME: needs doc
   9:./tmk_core/common/eeconfig.c ****  */
  10:./tmk_core/common/eeconfig.c **** void eeconfig_init(void)
  11:./tmk_core/common/eeconfig.c **** {
  16               		.loc 1 11 0
  17               		.cfi_startproc
  18               	/* prologue: function */
  19               	/* frame size = 0 */
  20               	/* stack size = 0 */
  21               	.L__stack_usage = 0
  12:./tmk_core/common/eeconfig.c ****     eeprom_update_word(EECONFIG_MAGIC,          EECONFIG_MAGIC_NUMBER);
  22               		.loc 1 12 0
  23 0000 6DEE      		ldi r22,lo8(-19)
  24 0002 7EEF      		ldi r23,lo8(-2)
  25 0004 80E0      		ldi r24,0
  26 0006 90E0      		ldi r25,0
  27 0008 0E94 0000 		call __eeupd_word_m32u4
  28               	.LVL0:
  13:./tmk_core/common/eeconfig.c ****     eeprom_update_byte(EECONFIG_DEBUG,          0);
  29               		.loc 1 13 0
  30 000c 60E0      		ldi r22,0
  31 000e 82E0      		ldi r24,lo8(2)
  32 0010 90E0      		ldi r25,0
  33 0012 0E94 0000 		call __eeupd_byte_m32u4
  34               	.LVL1:
  14:./tmk_core/common/eeconfig.c ****     eeprom_update_byte(EECONFIG_DEFAULT_LAYER,  0);
  35               		.loc 1 14 0
  36 0016 60E0      		ldi r22,0
  37 0018 83E0      		ldi r24,lo8(3)
  38 001a 90E0      		ldi r25,0
  39 001c 0E94 0000 		call __eeupd_byte_m32u4
  40               	.LVL2:
  15:./tmk_core/common/eeconfig.c ****     eeprom_update_byte(EECONFIG_KEYMAP,         0);
  41               		.loc 1 15 0
  42 0020 60E0      		ldi r22,0
  43 0022 84E0      		ldi r24,lo8(4)
  44 0024 90E0      		ldi r25,0
  45 0026 0E94 0000 		call __eeupd_byte_m32u4
  46               	.LVL3:
  16:./tmk_core/common/eeconfig.c ****     eeprom_update_byte(EECONFIG_MOUSEKEY_ACCEL, 0);
  47               		.loc 1 16 0
  48 002a 60E0      		ldi r22,0
  49 002c 85E0      		ldi r24,lo8(5)
  50 002e 90E0      		ldi r25,0
  51 0030 0E94 0000 		call __eeupd_byte_m32u4
  52               	.LVL4:
  17:./tmk_core/common/eeconfig.c **** #ifdef BACKLIGHT_ENABLE
  18:./tmk_core/common/eeconfig.c ****     eeprom_update_byte(EECONFIG_BACKLIGHT,      0);
  53               		.loc 1 18 0
  54 0034 60E0      		ldi r22,0
  55 0036 86E0      		ldi r24,lo8(6)
  56 0038 90E0      		ldi r25,0
  57 003a 0E94 0000 		call __eeupd_byte_m32u4
  58               	.LVL5:
  19:./tmk_core/common/eeconfig.c **** #endif
  20:./tmk_core/common/eeconfig.c **** #ifdef AUDIO_ENABLE
  21:./tmk_core/common/eeconfig.c ****     eeprom_update_byte(EECONFIG_AUDIO,             0xFF); // On by default
  22:./tmk_core/common/eeconfig.c **** #endif
  23:./tmk_core/common/eeconfig.c **** #if defined(RGBLIGHT_ENABLE) || defined(RGB_MATRIX_ENABLE)
  24:./tmk_core/common/eeconfig.c ****     eeprom_update_dword(EECONFIG_RGBLIGHT,      0);
  59               		.loc 1 24 0
  60 003e 40E0      		ldi r20,0
  61 0040 50E0      		ldi r21,0
  62 0042 BA01      		movw r22,r20
  63 0044 88E0      		ldi r24,lo8(8)
  64 0046 90E0      		ldi r25,0
  65 0048 0C94 0000 		jmp __eeupd_dword_m32u4
  66               	.LVL6:
  67               		.cfi_endproc
  68               	.LFE0:
  70               		.section	.text.eeconfig_enable,"ax",@progbits
  71               	.global	eeconfig_enable
  73               	eeconfig_enable:
  74               	.LFB1:
  25:./tmk_core/common/eeconfig.c **** #endif
  26:./tmk_core/common/eeconfig.c **** #ifdef STENO_ENABLE
  27:./tmk_core/common/eeconfig.c ****     eeprom_update_byte(EECONFIG_STENOMODE,      0);
  28:./tmk_core/common/eeconfig.c **** #endif
  29:./tmk_core/common/eeconfig.c **** }
  30:./tmk_core/common/eeconfig.c **** 
  31:./tmk_core/common/eeconfig.c **** /** \brief eeconfig enable
  32:./tmk_core/common/eeconfig.c ****  *
  33:./tmk_core/common/eeconfig.c ****  * FIXME: needs doc
  34:./tmk_core/common/eeconfig.c ****  */
  35:./tmk_core/common/eeconfig.c **** void eeconfig_enable(void)
  36:./tmk_core/common/eeconfig.c **** {
  75               		.loc 1 36 0
  76               		.cfi_startproc
  77               	/* prologue: function */
  78               	/* frame size = 0 */
  79               	/* stack size = 0 */
  80               	.L__stack_usage = 0
  37:./tmk_core/common/eeconfig.c ****     eeprom_update_word(EECONFIG_MAGIC, EECONFIG_MAGIC_NUMBER);
  81               		.loc 1 37 0
  82 0000 6DEE      		ldi r22,lo8(-19)
  83 0002 7EEF      		ldi r23,lo8(-2)
  84 0004 80E0      		ldi r24,0
  85 0006 90E0      		ldi r25,0
  86 0008 0C94 0000 		jmp __eeupd_word_m32u4
  87               	.LVL7:
  88               		.cfi_endproc
  89               	.LFE1:
  91               		.section	.text.eeconfig_disable,"ax",@progbits
  92               	.global	eeconfig_disable
  94               	eeconfig_disable:
  95               	.LFB2:
  38:./tmk_core/common/eeconfig.c **** }
  39:./tmk_core/common/eeconfig.c **** 
  40:./tmk_core/common/eeconfig.c **** /** \brief eeconfig disable
  41:./tmk_core/common/eeconfig.c ****  *
  42:./tmk_core/common/eeconfig.c ****  * FIXME: needs doc
  43:./tmk_core/common/eeconfig.c ****  */
  44:./tmk_core/common/eeconfig.c **** void eeconfig_disable(void)
  45:./tmk_core/common/eeconfig.c **** {
  96               		.loc 1 45 0
  97               		.cfi_startproc
  98               	/* prologue: function */
  99               	/* frame size = 0 */
 100               	/* stack size = 0 */
 101               	.L__stack_usage = 0
  46:./tmk_core/common/eeconfig.c ****     eeprom_update_word(EECONFIG_MAGIC, 0xFFFF);
 102               		.loc 1 46 0
 103 0000 6FEF      		ldi r22,lo8(-1)
 104 0002 7FEF      		ldi r23,lo8(-1)
 105 0004 80E0      		ldi r24,0
 106 0006 90E0      		ldi r25,0
 107 0008 0C94 0000 		jmp __eeupd_word_m32u4
 108               	.LVL8:
 109               		.cfi_endproc
 110               	.LFE2:
 112               		.section	.text.eeconfig_is_enabled,"ax",@progbits
 113               	.global	eeconfig_is_enabled
 115               	eeconfig_is_enabled:
 116               	.LFB3:
  47:./tmk_core/common/eeconfig.c **** }
  48:./tmk_core/common/eeconfig.c **** 
  49:./tmk_core/common/eeconfig.c **** /** \brief eeconfig is enabled
  50:./tmk_core/common/eeconfig.c ****  *
  51:./tmk_core/common/eeconfig.c ****  * FIXME: needs doc
  52:./tmk_core/common/eeconfig.c ****  */
  53:./tmk_core/common/eeconfig.c **** bool eeconfig_is_enabled(void)
  54:./tmk_core/common/eeconfig.c **** {
 117               		.loc 1 54 0
 118               		.cfi_startproc
 119               	/* prologue: function */
 120               	/* frame size = 0 */
 121               	/* stack size = 0 */
 122               	.L__stack_usage = 0
  55:./tmk_core/common/eeconfig.c ****     return (eeprom_read_word(EECONFIG_MAGIC) == EECONFIG_MAGIC_NUMBER);
 123               		.loc 1 55 0
 124 0000 80E0      		ldi r24,0
 125 0002 90E0      		ldi r25,0
 126 0004 0E94 0000 		call __eerd_word_m32u4
 127               	.LVL9:
 128 0008 21E0      		ldi r18,lo8(1)
 129 000a 8D3E      		cpi r24,-19
 130 000c 9E4F      		sbci r25,-2
 131 000e 01F0      		breq .L5
 132 0010 20E0      		ldi r18,0
 133               	.L5:
  56:./tmk_core/common/eeconfig.c **** }
 134               		.loc 1 56 0
 135 0012 822F      		mov r24,r18
 136 0014 0895      		ret
 137               		.cfi_endproc
 138               	.LFE3:
 140               		.section	.text.eeconfig_read_debug,"ax",@progbits
 141               	.global	eeconfig_read_debug
 143               	eeconfig_read_debug:
 144               	.LFB4:
  57:./tmk_core/common/eeconfig.c **** 
  58:./tmk_core/common/eeconfig.c **** /** \brief eeconfig read debug
  59:./tmk_core/common/eeconfig.c ****  *
  60:./tmk_core/common/eeconfig.c ****  * FIXME: needs doc
  61:./tmk_core/common/eeconfig.c ****  */
  62:./tmk_core/common/eeconfig.c **** uint8_t eeconfig_read_debug(void)      { return eeprom_read_byte(EECONFIG_DEBUG); }
 145               		.loc 1 62 0
 146               		.cfi_startproc
 147               	/* prologue: function */
 148               	/* frame size = 0 */
 149               	/* stack size = 0 */
 150               	.L__stack_usage = 0
 151               		.loc 1 62 0
 152 0000 82E0      		ldi r24,lo8(2)
 153 0002 90E0      		ldi r25,0
 154 0004 0C94 0000 		jmp __eerd_byte_m32u4
 155               	.LVL10:
 156               		.cfi_endproc
 157               	.LFE4:
 159               		.section	.text.eeconfig_update_debug,"ax",@progbits
 160               	.global	eeconfig_update_debug
 162               	eeconfig_update_debug:
 163               	.LFB5:
  63:./tmk_core/common/eeconfig.c **** /** \brief eeconfig update debug
  64:./tmk_core/common/eeconfig.c ****  *
  65:./tmk_core/common/eeconfig.c ****  * FIXME: needs doc
  66:./tmk_core/common/eeconfig.c ****  */
  67:./tmk_core/common/eeconfig.c **** void eeconfig_update_debug(uint8_t val) { eeprom_update_byte(EECONFIG_DEBUG, val); }
 164               		.loc 1 67 0
 165               		.cfi_startproc
 166               	.LVL11:
 167               	/* prologue: function */
 168               	/* frame size = 0 */
 169               	/* stack size = 0 */
 170               	.L__stack_usage = 0
 171               		.loc 1 67 0
 172 0000 682F      		mov r22,r24
 173 0002 82E0      		ldi r24,lo8(2)
 174 0004 90E0      		ldi r25,0
 175               	.LVL12:
 176 0006 0C94 0000 		jmp __eeupd_byte_m32u4
 177               	.LVL13:
 178               		.cfi_endproc
 179               	.LFE5:
 181               		.section	.text.eeconfig_read_default_layer,"ax",@progbits
 182               	.global	eeconfig_read_default_layer
 184               	eeconfig_read_default_layer:
 185               	.LFB6:
  68:./tmk_core/common/eeconfig.c **** 
  69:./tmk_core/common/eeconfig.c **** /** \brief eeconfig read default layer
  70:./tmk_core/common/eeconfig.c ****  *
  71:./tmk_core/common/eeconfig.c ****  * FIXME: needs doc
  72:./tmk_core/common/eeconfig.c ****  */
  73:./tmk_core/common/eeconfig.c **** uint8_t eeconfig_read_default_layer(void)      { return eeprom_read_byte(EECONFIG_DEFAULT_LAYER); }
 186               		.loc 1 73 0
 187               		.cfi_startproc
 188               	/* prologue: function */
 189               	/* frame size = 0 */
 190               	/* stack size = 0 */
 191               	.L__stack_usage = 0
 192               		.loc 1 73 0
 193 0000 83E0      		ldi r24,lo8(3)
 194 0002 90E0      		ldi r25,0
 195 0004 0C94 0000 		jmp __eerd_byte_m32u4
 196               	.LVL14:
 197               		.cfi_endproc
 198               	.LFE6:
 200               		.section	.text.eeconfig_update_default_layer,"ax",@progbits
 201               	.global	eeconfig_update_default_layer
 203               	eeconfig_update_default_layer:
 204               	.LFB7:
  74:./tmk_core/common/eeconfig.c **** /** \brief eeconfig update default layer
  75:./tmk_core/common/eeconfig.c ****  *
  76:./tmk_core/common/eeconfig.c ****  * FIXME: needs doc
  77:./tmk_core/common/eeconfig.c ****  */
  78:./tmk_core/common/eeconfig.c **** void eeconfig_update_default_layer(uint8_t val) { eeprom_update_byte(EECONFIG_DEFAULT_LAYER, val); 
 205               		.loc 1 78 0
 206               		.cfi_startproc
 207               	.LVL15:
 208               	/* prologue: function */
 209               	/* frame size = 0 */
 210               	/* stack size = 0 */
 211               	.L__stack_usage = 0
 212               		.loc 1 78 0
 213 0000 682F      		mov r22,r24
 214 0002 83E0      		ldi r24,lo8(3)
 215 0004 90E0      		ldi r25,0
 216               	.LVL16:
 217 0006 0C94 0000 		jmp __eeupd_byte_m32u4
 218               	.LVL17:
 219               		.cfi_endproc
 220               	.LFE7:
 222               		.section	.text.eeconfig_read_keymap,"ax",@progbits
 223               	.global	eeconfig_read_keymap
 225               	eeconfig_read_keymap:
 226               	.LFB8:
  79:./tmk_core/common/eeconfig.c **** 
  80:./tmk_core/common/eeconfig.c **** /** \brief eeconfig read keymap
  81:./tmk_core/common/eeconfig.c ****  *
  82:./tmk_core/common/eeconfig.c ****  * FIXME: needs doc
  83:./tmk_core/common/eeconfig.c ****  */
  84:./tmk_core/common/eeconfig.c **** uint8_t eeconfig_read_keymap(void)      { return eeprom_read_byte(EECONFIG_KEYMAP); }
 227               		.loc 1 84 0
 228               		.cfi_startproc
 229               	/* prologue: function */
 230               	/* frame size = 0 */
 231               	/* stack size = 0 */
 232               	.L__stack_usage = 0
 233               		.loc 1 84 0
 234 0000 84E0      		ldi r24,lo8(4)
 235 0002 90E0      		ldi r25,0
 236 0004 0C94 0000 		jmp __eerd_byte_m32u4
 237               	.LVL18:
 238               		.cfi_endproc
 239               	.LFE8:
 241               		.section	.text.eeconfig_update_keymap,"ax",@progbits
 242               	.global	eeconfig_update_keymap
 244               	eeconfig_update_keymap:
 245               	.LFB9:
  85:./tmk_core/common/eeconfig.c **** /** \brief eeconfig update keymap
  86:./tmk_core/common/eeconfig.c ****  *
  87:./tmk_core/common/eeconfig.c ****  * FIXME: needs doc
  88:./tmk_core/common/eeconfig.c ****  */
  89:./tmk_core/common/eeconfig.c **** void eeconfig_update_keymap(uint8_t val) { eeprom_update_byte(EECONFIG_KEYMAP, val); }
 246               		.loc 1 89 0
 247               		.cfi_startproc
 248               	.LVL19:
 249               	/* prologue: function */
 250               	/* frame size = 0 */
 251               	/* stack size = 0 */
 252               	.L__stack_usage = 0
 253               		.loc 1 89 0
 254 0000 682F      		mov r22,r24
 255 0002 84E0      		ldi r24,lo8(4)
 256 0004 90E0      		ldi r25,0
 257               	.LVL20:
 258 0006 0C94 0000 		jmp __eeupd_byte_m32u4
 259               	.LVL21:
 260               		.cfi_endproc
 261               	.LFE9:
 263               		.section	.text.eeconfig_read_backlight,"ax",@progbits
 264               	.global	eeconfig_read_backlight
 266               	eeconfig_read_backlight:
 267               	.LFB10:
  90:./tmk_core/common/eeconfig.c **** 
  91:./tmk_core/common/eeconfig.c **** #ifdef BACKLIGHT_ENABLE
  92:./tmk_core/common/eeconfig.c **** /** \brief eeconfig read backlight
  93:./tmk_core/common/eeconfig.c ****  *
  94:./tmk_core/common/eeconfig.c ****  * FIXME: needs doc
  95:./tmk_core/common/eeconfig.c ****  */
  96:./tmk_core/common/eeconfig.c **** uint8_t eeconfig_read_backlight(void)      { return eeprom_read_byte(EECONFIG_BACKLIGHT); }
 268               		.loc 1 96 0
 269               		.cfi_startproc
 270               	/* prologue: function */
 271               	/* frame size = 0 */
 272               	/* stack size = 0 */
 273               	.L__stack_usage = 0
 274               		.loc 1 96 0
 275 0000 86E0      		ldi r24,lo8(6)
 276 0002 90E0      		ldi r25,0
 277 0004 0C94 0000 		jmp __eerd_byte_m32u4
 278               	.LVL22:
 279               		.cfi_endproc
 280               	.LFE10:
 282               		.section	.text.eeconfig_update_backlight,"ax",@progbits
 283               	.global	eeconfig_update_backlight
 285               	eeconfig_update_backlight:
 286               	.LFB11:
  97:./tmk_core/common/eeconfig.c **** /** \brief eeconfig update backlight
  98:./tmk_core/common/eeconfig.c ****  *
  99:./tmk_core/common/eeconfig.c ****  * FIXME: needs doc
 100:./tmk_core/common/eeconfig.c ****  */
 101:./tmk_core/common/eeconfig.c **** void eeconfig_update_backlight(uint8_t val) { eeprom_update_byte(EECONFIG_BACKLIGHT, val); }
 287               		.loc 1 101 0
 288               		.cfi_startproc
 289               	.LVL23:
 290               	/* prologue: function */
 291               	/* frame size = 0 */
 292               	/* stack size = 0 */
 293               	.L__stack_usage = 0
 294               		.loc 1 101 0
 295 0000 682F      		mov r22,r24
 296 0002 86E0      		ldi r24,lo8(6)
 297 0004 90E0      		ldi r25,0
 298               	.LVL24:
 299 0006 0C94 0000 		jmp __eeupd_byte_m32u4
 300               	.LVL25:
 301               		.cfi_endproc
 302               	.LFE11:
 304               		.text
 305               	.Letext0:
 306               		.file 2 "/usr/lib/avr/include/stdint.h"
 307               		.file 3 "/usr/lib/avr/include/avr/eeprom.h"
DEFINED SYMBOLS
                            *ABS*:0000000000000000 eeconfig.c
     /tmp/ccANbgUs.s:2      *ABS*:000000000000003e __SP_H__
     /tmp/ccANbgUs.s:3      *ABS*:000000000000003d __SP_L__
     /tmp/ccANbgUs.s:4      *ABS*:000000000000003f __SREG__
     /tmp/ccANbgUs.s:5      *ABS*:0000000000000000 __tmp_reg__
     /tmp/ccANbgUs.s:6      *ABS*:0000000000000001 __zero_reg__
     /tmp/ccANbgUs.s:13     .text.eeconfig_init:0000000000000000 eeconfig_init
     /tmp/ccANbgUs.s:73     .text.eeconfig_enable:0000000000000000 eeconfig_enable
     /tmp/ccANbgUs.s:94     .text.eeconfig_disable:0000000000000000 eeconfig_disable
     /tmp/ccANbgUs.s:115    .text.eeconfig_is_enabled:0000000000000000 eeconfig_is_enabled
     /tmp/ccANbgUs.s:143    .text.eeconfig_read_debug:0000000000000000 eeconfig_read_debug
     /tmp/ccANbgUs.s:162    .text.eeconfig_update_debug:0000000000000000 eeconfig_update_debug
     /tmp/ccANbgUs.s:184    .text.eeconfig_read_default_layer:0000000000000000 eeconfig_read_default_layer
     /tmp/ccANbgUs.s:203    .text.eeconfig_update_default_layer:0000000000000000 eeconfig_update_default_layer
     /tmp/ccANbgUs.s:225    .text.eeconfig_read_keymap:0000000000000000 eeconfig_read_keymap
     /tmp/ccANbgUs.s:244    .text.eeconfig_update_keymap:0000000000000000 eeconfig_update_keymap
     /tmp/ccANbgUs.s:266    .text.eeconfig_read_backlight:0000000000000000 eeconfig_read_backlight
     /tmp/ccANbgUs.s:285    .text.eeconfig_update_backlight:0000000000000000 eeconfig_update_backlight

UNDEFINED SYMBOLS
__eeupd_word_m32u4
__eeupd_byte_m32u4
__eeupd_dword_m32u4
__eerd_word_m32u4
__eerd_byte_m32u4
