   1               		.file	"keyboard.c"
   2               	__SP_H__ = 0x3e
   3               	__SP_L__ = 0x3d
   4               	__SREG__ = 0x3f
   5               	__tmp_reg__ = 0
   6               	__zero_reg__ = 1
   7               		.text
   8               	.Ltext0:
   9               		.cfi_sections	.debug_frame
  10               		.section	.text.matrix_setup,"ax",@progbits
  11               		.weak	matrix_setup
  13               	matrix_setup:
  14               	.LFB4:
  15               		.file 1 "./tmk_core/common/keyboard.c"
   1:./tmk_core/common/keyboard.c **** /*
   2:./tmk_core/common/keyboard.c **** Copyright 2011, 2012, 2013 Jun Wako <wakojun@gmail.com>
   3:./tmk_core/common/keyboard.c **** 
   4:./tmk_core/common/keyboard.c **** This program is free software: you can redistribute it and/or modify
   5:./tmk_core/common/keyboard.c **** it under the terms of the GNU General Public License as published by
   6:./tmk_core/common/keyboard.c **** the Free Software Foundation, either version 2 of the License, or
   7:./tmk_core/common/keyboard.c **** (at your option) any later version.
   8:./tmk_core/common/keyboard.c **** 
   9:./tmk_core/common/keyboard.c **** This program is distributed in the hope that it will be useful,
  10:./tmk_core/common/keyboard.c **** but WITHOUT ANY WARRANTY; without even the implied warranty of
  11:./tmk_core/common/keyboard.c **** MERCHANTABILITY or FITNESS FOR A PARTICULAR PURPOSE.  See the
  12:./tmk_core/common/keyboard.c **** GNU General Public License for more details.
  13:./tmk_core/common/keyboard.c **** 
  14:./tmk_core/common/keyboard.c **** You should have received a copy of the GNU General Public License
  15:./tmk_core/common/keyboard.c **** along with this program.  If not, see <http://www.gnu.org/licenses/>.
  16:./tmk_core/common/keyboard.c **** */
  17:./tmk_core/common/keyboard.c **** 
  18:./tmk_core/common/keyboard.c **** #include <stdint.h>
  19:./tmk_core/common/keyboard.c **** #include "keyboard.h"
  20:./tmk_core/common/keyboard.c **** #include "matrix.h"
  21:./tmk_core/common/keyboard.c **** #include "keymap.h"
  22:./tmk_core/common/keyboard.c **** #include "host.h"
  23:./tmk_core/common/keyboard.c **** #include "led.h"
  24:./tmk_core/common/keyboard.c **** #include "keycode.h"
  25:./tmk_core/common/keyboard.c **** #include "timer.h"
  26:./tmk_core/common/keyboard.c **** #include "print.h"
  27:./tmk_core/common/keyboard.c **** #include "debug.h"
  28:./tmk_core/common/keyboard.c **** #include "command.h"
  29:./tmk_core/common/keyboard.c **** #include "util.h"
  30:./tmk_core/common/keyboard.c **** #include "sendchar.h"
  31:./tmk_core/common/keyboard.c **** #include "eeconfig.h"
  32:./tmk_core/common/keyboard.c **** #include "backlight.h"
  33:./tmk_core/common/keyboard.c **** #include "action_layer.h"
  34:./tmk_core/common/keyboard.c **** #ifdef BOOTMAGIC_ENABLE
  35:./tmk_core/common/keyboard.c **** #   include "bootmagic.h"
  36:./tmk_core/common/keyboard.c **** #else
  37:./tmk_core/common/keyboard.c **** #   include "magic.h"
  38:./tmk_core/common/keyboard.c **** #endif
  39:./tmk_core/common/keyboard.c **** #ifdef MOUSEKEY_ENABLE
  40:./tmk_core/common/keyboard.c **** #   include "mousekey.h"
  41:./tmk_core/common/keyboard.c **** #endif
  42:./tmk_core/common/keyboard.c **** #ifdef PS2_MOUSE_ENABLE
  43:./tmk_core/common/keyboard.c **** #   include "ps2_mouse.h"
  44:./tmk_core/common/keyboard.c **** #endif
  45:./tmk_core/common/keyboard.c **** #ifdef SERIAL_MOUSE_ENABLE
  46:./tmk_core/common/keyboard.c **** #   include "serial_mouse.h"
  47:./tmk_core/common/keyboard.c **** #endif
  48:./tmk_core/common/keyboard.c **** #ifdef ADB_MOUSE_ENABLE
  49:./tmk_core/common/keyboard.c **** #   include "adb.h"
  50:./tmk_core/common/keyboard.c **** #endif
  51:./tmk_core/common/keyboard.c **** #ifdef RGBLIGHT_ENABLE
  52:./tmk_core/common/keyboard.c **** #   include "rgblight.h"
  53:./tmk_core/common/keyboard.c **** #endif
  54:./tmk_core/common/keyboard.c **** #ifdef STENO_ENABLE
  55:./tmk_core/common/keyboard.c **** #   include "process_steno.h"
  56:./tmk_core/common/keyboard.c **** #endif
  57:./tmk_core/common/keyboard.c **** #ifdef FAUXCLICKY_ENABLE
  58:./tmk_core/common/keyboard.c **** #   include "fauxclicky.h"
  59:./tmk_core/common/keyboard.c **** #endif
  60:./tmk_core/common/keyboard.c **** #ifdef SERIAL_LINK_ENABLE
  61:./tmk_core/common/keyboard.c **** #   include "serial_link/system/serial_link.h"
  62:./tmk_core/common/keyboard.c **** #endif
  63:./tmk_core/common/keyboard.c **** #ifdef VISUALIZER_ENABLE
  64:./tmk_core/common/keyboard.c **** #   include "visualizer/visualizer.h"
  65:./tmk_core/common/keyboard.c **** #endif
  66:./tmk_core/common/keyboard.c **** #ifdef POINTING_DEVICE_ENABLE
  67:./tmk_core/common/keyboard.c **** #   include "pointing_device.h"
  68:./tmk_core/common/keyboard.c **** #endif
  69:./tmk_core/common/keyboard.c **** #ifdef MIDI_ENABLE
  70:./tmk_core/common/keyboard.c **** #   include "process_midi.h"
  71:./tmk_core/common/keyboard.c **** #endif
  72:./tmk_core/common/keyboard.c **** 
  73:./tmk_core/common/keyboard.c **** #ifdef MATRIX_HAS_GHOST
  74:./tmk_core/common/keyboard.c **** extern const uint16_t keymaps[][MATRIX_ROWS][MATRIX_COLS];
  75:./tmk_core/common/keyboard.c **** static matrix_row_t get_real_keys(uint8_t row, matrix_row_t rowdata){
  76:./tmk_core/common/keyboard.c ****     matrix_row_t out = 0;
  77:./tmk_core/common/keyboard.c ****     for (uint8_t col = 0; col < MATRIX_COLS; col++) {
  78:./tmk_core/common/keyboard.c ****         //read each key in the row data and check if the keymap defines it as a real key
  79:./tmk_core/common/keyboard.c ****         if (pgm_read_byte(&keymaps[0][row][col]) && (rowdata & (1<<col))){
  80:./tmk_core/common/keyboard.c ****             //this creates new row data, if a key is defined in the keymap, it will be set here
  81:./tmk_core/common/keyboard.c ****             out |= 1<<col;
  82:./tmk_core/common/keyboard.c ****         }
  83:./tmk_core/common/keyboard.c ****     }
  84:./tmk_core/common/keyboard.c ****     return out;
  85:./tmk_core/common/keyboard.c **** }
  86:./tmk_core/common/keyboard.c **** 
  87:./tmk_core/common/keyboard.c **** static inline bool popcount_more_than_one(matrix_row_t rowdata)
  88:./tmk_core/common/keyboard.c **** {
  89:./tmk_core/common/keyboard.c ****     rowdata &= rowdata-1; //if there are less than two bits (keys) set, rowdata will become zero
  90:./tmk_core/common/keyboard.c ****     return rowdata;
  91:./tmk_core/common/keyboard.c **** }
  92:./tmk_core/common/keyboard.c **** 
  93:./tmk_core/common/keyboard.c **** static inline bool has_ghost_in_row(uint8_t row, matrix_row_t rowdata)
  94:./tmk_core/common/keyboard.c **** {
  95:./tmk_core/common/keyboard.c ****     /* No ghost exists when less than 2 keys are down on the row.
  96:./tmk_core/common/keyboard.c ****     If there are "active" blanks in the matrix, the key can't be pressed by the user,
  97:./tmk_core/common/keyboard.c ****     there is no doubt as to which keys are really being pressed.
  98:./tmk_core/common/keyboard.c ****     The ghosts will be ignored, they are KC_NO.   */
  99:./tmk_core/common/keyboard.c ****     rowdata = get_real_keys(row, rowdata);
 100:./tmk_core/common/keyboard.c ****     if ((popcount_more_than_one(rowdata)) == 0){
 101:./tmk_core/common/keyboard.c ****         return false;
 102:./tmk_core/common/keyboard.c ****     }
 103:./tmk_core/common/keyboard.c ****     /* Ghost occurs when the row shares a column line with other row,
 104:./tmk_core/common/keyboard.c ****     and two columns are read on each row. Blanks in the matrix don't matter,
 105:./tmk_core/common/keyboard.c ****     so they are filtered out.
 106:./tmk_core/common/keyboard.c ****     If there are two or more real keys pressed and they match columns with
 107:./tmk_core/common/keyboard.c ****     at least two of another row's real keys, the row will be ignored. Keep in mind,
 108:./tmk_core/common/keyboard.c ****     we are checking one row at a time, not all of them at once.
 109:./tmk_core/common/keyboard.c ****     */
 110:./tmk_core/common/keyboard.c ****     for (uint8_t i=0; i < MATRIX_ROWS; i++) {
 111:./tmk_core/common/keyboard.c ****         if (i != row && popcount_more_than_one(get_real_keys(i, matrix_get_row(i)) & rowdata)){
 112:./tmk_core/common/keyboard.c ****             return true;
 113:./tmk_core/common/keyboard.c ****         }
 114:./tmk_core/common/keyboard.c ****     }
 115:./tmk_core/common/keyboard.c ****     return false;
 116:./tmk_core/common/keyboard.c **** }
 117:./tmk_core/common/keyboard.c **** 
 118:./tmk_core/common/keyboard.c **** #endif
 119:./tmk_core/common/keyboard.c **** 
 120:./tmk_core/common/keyboard.c **** /** \brief matrix_setup
 121:./tmk_core/common/keyboard.c ****  *
 122:./tmk_core/common/keyboard.c ****  * FIXME: needs doc
 123:./tmk_core/common/keyboard.c ****  */
 124:./tmk_core/common/keyboard.c **** __attribute__ ((weak))
 125:./tmk_core/common/keyboard.c **** void matrix_setup(void) {
  16               		.loc 1 125 0
  17               		.cfi_startproc
  18               	/* prologue: function */
  19               	/* frame size = 0 */
  20               	/* stack size = 0 */
  21               	.L__stack_usage = 0
  22 0000 0895      		ret
  23               		.cfi_endproc
  24               	.LFE4:
  26               		.section	.text.keyboard_setup,"ax",@progbits
  27               	.global	keyboard_setup
  29               	keyboard_setup:
  30               	.LFB5:
 126:./tmk_core/common/keyboard.c **** }
 127:./tmk_core/common/keyboard.c **** 
 128:./tmk_core/common/keyboard.c **** /** \brief keyboard_setup
 129:./tmk_core/common/keyboard.c ****  *
 130:./tmk_core/common/keyboard.c ****  * FIXME: needs doc
 131:./tmk_core/common/keyboard.c ****  */
 132:./tmk_core/common/keyboard.c **** void keyboard_setup(void) {
  31               		.loc 1 132 0
  32               		.cfi_startproc
  33               	/* prologue: function */
  34               	/* frame size = 0 */
  35               	/* stack size = 0 */
  36               	.L__stack_usage = 0
 133:./tmk_core/common/keyboard.c ****     matrix_setup();
  37               		.loc 1 133 0
  38 0000 0C94 0000 		jmp matrix_setup
  39               	.LVL0:
  40               		.cfi_endproc
  41               	.LFE5:
  43               		.section	.text.is_keyboard_master,"ax",@progbits
  44               		.weak	is_keyboard_master
  46               	is_keyboard_master:
  47               	.LFB6:
 134:./tmk_core/common/keyboard.c **** }
 135:./tmk_core/common/keyboard.c **** 
 136:./tmk_core/common/keyboard.c **** /** \brief is_keyboard_master
 137:./tmk_core/common/keyboard.c ****  *
 138:./tmk_core/common/keyboard.c ****  * FIXME: needs doc
 139:./tmk_core/common/keyboard.c ****  */
 140:./tmk_core/common/keyboard.c **** __attribute__((weak))
 141:./tmk_core/common/keyboard.c **** bool is_keyboard_master(void) {
  48               		.loc 1 141 0
  49               		.cfi_startproc
  50               	/* prologue: function */
  51               	/* frame size = 0 */
  52               	/* stack size = 0 */
  53               	.L__stack_usage = 0
 142:./tmk_core/common/keyboard.c ****     return true;
 143:./tmk_core/common/keyboard.c **** }
  54               		.loc 1 143 0
  55 0000 81E0      		ldi r24,lo8(1)
  56 0002 0895      		ret
  57               		.cfi_endproc
  58               	.LFE6:
  60               		.section	.text.keyboard_init,"ax",@progbits
  61               	.global	keyboard_init
  63               	keyboard_init:
  64               	.LFB7:
 144:./tmk_core/common/keyboard.c **** 
 145:./tmk_core/common/keyboard.c **** /** \brief keyboard_init
 146:./tmk_core/common/keyboard.c ****  *
 147:./tmk_core/common/keyboard.c ****  * FIXME: needs doc
 148:./tmk_core/common/keyboard.c ****  */
 149:./tmk_core/common/keyboard.c **** void keyboard_init(void) {
  65               		.loc 1 149 0
  66               		.cfi_startproc
  67               	/* prologue: function */
  68               	/* frame size = 0 */
  69               	/* stack size = 0 */
  70               	.L__stack_usage = 0
 150:./tmk_core/common/keyboard.c ****     timer_init();
  71               		.loc 1 150 0
  72 0000 0E94 0000 		call timer_init
  73               	.LVL1:
 151:./tmk_core/common/keyboard.c ****     matrix_init();
  74               		.loc 1 151 0
  75 0004 0E94 0000 		call matrix_init
  76               	.LVL2:
 152:./tmk_core/common/keyboard.c **** #ifdef PS2_MOUSE_ENABLE
 153:./tmk_core/common/keyboard.c ****     ps2_mouse_init();
 154:./tmk_core/common/keyboard.c **** #endif
 155:./tmk_core/common/keyboard.c **** #ifdef SERIAL_MOUSE_ENABLE
 156:./tmk_core/common/keyboard.c ****     serial_mouse_init();
 157:./tmk_core/common/keyboard.c **** #endif
 158:./tmk_core/common/keyboard.c **** #ifdef ADB_MOUSE_ENABLE
 159:./tmk_core/common/keyboard.c ****     adb_mouse_init();
 160:./tmk_core/common/keyboard.c **** #endif
 161:./tmk_core/common/keyboard.c **** #ifdef BOOTMAGIC_ENABLE
 162:./tmk_core/common/keyboard.c ****     bootmagic();
 163:./tmk_core/common/keyboard.c **** #else
 164:./tmk_core/common/keyboard.c ****     magic();
  77               		.loc 1 164 0
  78 0008 0E94 0000 		call magic
  79               	.LVL3:
 165:./tmk_core/common/keyboard.c **** #endif
 166:./tmk_core/common/keyboard.c **** #ifdef BACKLIGHT_ENABLE
 167:./tmk_core/common/keyboard.c ****     backlight_init();
 168:./tmk_core/common/keyboard.c **** #endif
 169:./tmk_core/common/keyboard.c **** #ifdef RGBLIGHT_ENABLE
 170:./tmk_core/common/keyboard.c ****     rgblight_init();
  80               		.loc 1 170 0
  81 000c 0C94 0000 		jmp rgblight_init
  82               	.LVL4:
  83               		.cfi_endproc
  84               	.LFE7:
  86               		.section	.text.keyboard_task,"ax",@progbits
  87               	.global	keyboard_task
  89               	keyboard_task:
  90               	.LFB8:
 171:./tmk_core/common/keyboard.c **** #endif
 172:./tmk_core/common/keyboard.c **** #ifdef STENO_ENABLE
 173:./tmk_core/common/keyboard.c ****     steno_init();
 174:./tmk_core/common/keyboard.c **** #endif
 175:./tmk_core/common/keyboard.c **** #ifdef FAUXCLICKY_ENABLE
 176:./tmk_core/common/keyboard.c ****     fauxclicky_init();
 177:./tmk_core/common/keyboard.c **** #endif
 178:./tmk_core/common/keyboard.c **** #ifdef POINTING_DEVICE_ENABLE
 179:./tmk_core/common/keyboard.c ****     pointing_device_init();
 180:./tmk_core/common/keyboard.c **** #endif
 181:./tmk_core/common/keyboard.c **** #if defined(NKRO_ENABLE) && defined(FORCE_NKRO)
 182:./tmk_core/common/keyboard.c ****     keymap_config.nkro = 1;
 183:./tmk_core/common/keyboard.c **** #endif
 184:./tmk_core/common/keyboard.c **** }
 185:./tmk_core/common/keyboard.c **** 
 186:./tmk_core/common/keyboard.c **** /** \brief Keyboard task: Do keyboard routine jobs
 187:./tmk_core/common/keyboard.c ****  *
 188:./tmk_core/common/keyboard.c ****  * Do routine keyboard jobs: 
 189:./tmk_core/common/keyboard.c ****  *
 190:./tmk_core/common/keyboard.c ****  * * scan matrix
 191:./tmk_core/common/keyboard.c ****  * * handle mouse movements
 192:./tmk_core/common/keyboard.c ****  * * run visualizer code
 193:./tmk_core/common/keyboard.c ****  * * handle midi commands
 194:./tmk_core/common/keyboard.c ****  * * light LEDs
 195:./tmk_core/common/keyboard.c ****  *
 196:./tmk_core/common/keyboard.c ****  * This is repeatedly called as fast as possible.
 197:./tmk_core/common/keyboard.c ****  */
 198:./tmk_core/common/keyboard.c **** void keyboard_task(void)
 199:./tmk_core/common/keyboard.c **** {
  91               		.loc 1 199 0
  92               		.cfi_startproc
  93 0000 CF92      		push r12
  94               	.LCFI0:
  95               		.cfi_def_cfa_offset 3
  96               		.cfi_offset 12, -2
  97 0002 DF92      		push r13
  98               	.LCFI1:
  99               		.cfi_def_cfa_offset 4
 100               		.cfi_offset 13, -3
 101 0004 EF92      		push r14
 102               	.LCFI2:
 103               		.cfi_def_cfa_offset 5
 104               		.cfi_offset 14, -4
 105 0006 FF92      		push r15
 106               	.LCFI3:
 107               		.cfi_def_cfa_offset 6
 108               		.cfi_offset 15, -5
 109 0008 0F93      		push r16
 110               	.LCFI4:
 111               		.cfi_def_cfa_offset 7
 112               		.cfi_offset 16, -6
 113 000a 1F93      		push r17
 114               	.LCFI5:
 115               		.cfi_def_cfa_offset 8
 116               		.cfi_offset 17, -7
 117 000c CF93      		push r28
 118               	.LCFI6:
 119               		.cfi_def_cfa_offset 9
 120               		.cfi_offset 28, -8
 121 000e DF93      		push r29
 122               	.LCFI7:
 123               		.cfi_def_cfa_offset 10
 124               		.cfi_offset 29, -9
 125 0010 CDB7      		in r28,__SP_L__
 126 0012 DEB7      		in r29,__SP_H__
 127               	.LCFI8:
 128               		.cfi_def_cfa_register 28
 129 0014 2B97      		sbiw r28,11
 130               	.LCFI9:
 131               		.cfi_def_cfa_offset 21
 132 0016 0FB6      		in __tmp_reg__,__SREG__
 133 0018 F894      		cli
 134 001a DEBF      		out __SP_H__,r29
 135 001c 0FBE      		out __SREG__,__tmp_reg__
 136 001e CDBF      		out __SP_L__,r28
 137               	/* prologue: function */
 138               	/* frame size = 11 */
 139               	/* stack size = 19 */
 140               	.L__stack_usage = 19
 141               	.LVL5:
 200:./tmk_core/common/keyboard.c ****     static matrix_row_t matrix_prev[MATRIX_ROWS];
 201:./tmk_core/common/keyboard.c **** #ifdef MATRIX_HAS_GHOST
 202:./tmk_core/common/keyboard.c ****   //  static matrix_row_t matrix_ghost[MATRIX_ROWS];
 203:./tmk_core/common/keyboard.c **** #endif
 204:./tmk_core/common/keyboard.c ****     static uint8_t led_status = 0;
 205:./tmk_core/common/keyboard.c ****     matrix_row_t matrix_row = 0;
 206:./tmk_core/common/keyboard.c ****     matrix_row_t matrix_change = 0;
 207:./tmk_core/common/keyboard.c **** #ifdef QMK_KEYS_PER_SCAN
 208:./tmk_core/common/keyboard.c ****     uint8_t keys_processed = 0;
 209:./tmk_core/common/keyboard.c **** #endif
 210:./tmk_core/common/keyboard.c **** 
 211:./tmk_core/common/keyboard.c ****     matrix_scan();
 142               		.loc 1 211 0
 143 0020 0E94 0000 		call matrix_scan
 144               	.LVL6:
 212:./tmk_core/common/keyboard.c ****     if (is_keyboard_master()) {
 145               		.loc 1 212 0
 146 0024 0E94 0000 		call is_keyboard_master
 147               	.LVL7:
 148 0028 8111      		cpse r24,__zero_reg__
 149 002a 00C0      		rjmp .L6
 150               	.LVL8:
 151               	.L10:
 213:./tmk_core/common/keyboard.c ****         for (uint8_t r = 0; r < MATRIX_ROWS; r++) {
 214:./tmk_core/common/keyboard.c ****             matrix_row = matrix_get_row(r);
 215:./tmk_core/common/keyboard.c ****             matrix_change = matrix_row ^ matrix_prev[r];
 216:./tmk_core/common/keyboard.c ****             if (matrix_change) {
 217:./tmk_core/common/keyboard.c **** #ifdef MATRIX_HAS_GHOST
 218:./tmk_core/common/keyboard.c ****                 if (has_ghost_in_row(r, matrix_row)) {
 219:./tmk_core/common/keyboard.c ****                     /* Keep track of whether ghosted status has changed for
 220:./tmk_core/common/keyboard.c ****                     * debugging. But don't update matrix_prev until un-ghosted, or
 221:./tmk_core/common/keyboard.c ****                     * the last key would be lost.
 222:./tmk_core/common/keyboard.c ****                     */
 223:./tmk_core/common/keyboard.c ****                     //if (debug_matrix && matrix_ghost[r] != matrix_row) {
 224:./tmk_core/common/keyboard.c ****                     //    matrix_print();
 225:./tmk_core/common/keyboard.c ****                     //}
 226:./tmk_core/common/keyboard.c ****                     //matrix_ghost[r] = matrix_row;
 227:./tmk_core/common/keyboard.c ****                     continue;
 228:./tmk_core/common/keyboard.c ****                 }
 229:./tmk_core/common/keyboard.c ****                 //matrix_ghost[r] = matrix_row;
 230:./tmk_core/common/keyboard.c **** #endif
 231:./tmk_core/common/keyboard.c ****                 if (debug_matrix) matrix_print();
 232:./tmk_core/common/keyboard.c ****                 for (uint8_t c = 0; c < MATRIX_COLS; c++) {
 233:./tmk_core/common/keyboard.c ****                     if (matrix_change & ((matrix_row_t)1<<c)) {
 234:./tmk_core/common/keyboard.c ****                         action_exec((keyevent_t){
 235:./tmk_core/common/keyboard.c ****                             .key = (keypos_t){ .row = r, .col = c },
 236:./tmk_core/common/keyboard.c ****                             .pressed = (matrix_row & ((matrix_row_t)1<<c)),
 237:./tmk_core/common/keyboard.c ****                             .time = (timer_read() | 1) /* time should not be 0 */
 238:./tmk_core/common/keyboard.c ****                         });
 239:./tmk_core/common/keyboard.c ****                         // record a processed key
 240:./tmk_core/common/keyboard.c ****                         matrix_prev[r] ^= ((matrix_row_t)1<<c);
 241:./tmk_core/common/keyboard.c **** #ifdef QMK_KEYS_PER_SCAN
 242:./tmk_core/common/keyboard.c ****                         // only jump out if we have processed "enough" keys.
 243:./tmk_core/common/keyboard.c ****                         if (++keys_processed >= QMK_KEYS_PER_SCAN)
 244:./tmk_core/common/keyboard.c **** #endif
 245:./tmk_core/common/keyboard.c ****                         // process a key per task call
 246:./tmk_core/common/keyboard.c ****                         goto MATRIX_LOOP_END;
 247:./tmk_core/common/keyboard.c ****                     }
 248:./tmk_core/common/keyboard.c ****                 }
 249:./tmk_core/common/keyboard.c ****             }
 250:./tmk_core/common/keyboard.c ****         }
 251:./tmk_core/common/keyboard.c ****     }
 252:./tmk_core/common/keyboard.c ****     // call with pseudo tick event when no real key event.
 253:./tmk_core/common/keyboard.c **** #ifdef QMK_KEYS_PER_SCAN
 254:./tmk_core/common/keyboard.c ****     // we can get here with some keys processed now.
 255:./tmk_core/common/keyboard.c ****     if (!keys_processed)
 256:./tmk_core/common/keyboard.c **** #endif
 257:./tmk_core/common/keyboard.c ****     action_exec(TICK);
 152               		.loc 1 257 0
 153 002c 8FEF      		ldi r24,lo8(-1)
 154 002e 8983      		std Y+1,r24
 155 0030 8A83      		std Y+2,r24
 156 0032 1B82      		std Y+3,__zero_reg__
 157 0034 0E94 0000 		call timer_read
 158               	.LVL9:
 159 0038 8160      		ori r24,1
 160 003a 782F      		mov r23,r24
 161 003c 9D83      		std Y+5,r25
 162 003e 8C83      		std Y+4,r24
 163 0040 4981      		ldd r20,Y+1
 164 0042 5A81      		ldd r21,Y+2
 165 0044 6B81      		ldd r22,Y+3
 166 0046 8D81      		ldd r24,Y+5
 167 0048 0E94 0000 		call action_exec
 168               	.LVL10:
 169 004c 00C0      		rjmp .L7
 170               	.LVL11:
 171               	.L6:
 172 004e 30E0      		ldi r19,lo8(matrix_prev.2890)
 173 0050 E32E      		mov r14,r19
 174 0052 30E0      		ldi r19,hi8(matrix_prev.2890)
 175 0054 F32E      		mov r15,r19
 212:./tmk_core/common/keyboard.c ****     if (is_keyboard_master()) {
 176               		.loc 1 212 0
 177 0056 00E0      		ldi r16,0
 178 0058 10E0      		ldi r17,0
 179               	.LVL12:
 180               	.L16:
 181 005a C02E      		mov r12,r16
 182               	.LVL13:
 183               	.LBB6:
 214:./tmk_core/common/keyboard.c ****             matrix_row = matrix_get_row(r);
 184               		.loc 1 214 0
 185 005c 802F      		mov r24,r16
 186 005e 0E94 0000 		call matrix_get_row
 187               	.LVL14:
 215:./tmk_core/common/keyboard.c ****             matrix_change = matrix_row ^ matrix_prev[r];
 188               		.loc 1 215 0
 189 0062 F701      		movw r30,r14
 190 0064 D190      		ld r13,Z+
 191 0066 7F01      		movw r14,r30
 192 0068 D826      		eor r13,r24
 193               	.LVL15:
 216:./tmk_core/common/keyboard.c ****             if (matrix_change) {
 194               		.loc 1 216 0
 195 006a 01F4      		brne .L8
 196               	.LVL16:
 197               	.L14:
 198 006c 0F5F      		subi r16,-1
 199 006e 1F4F      		sbci r17,-1
 200               	.LVL17:
 213:./tmk_core/common/keyboard.c ****         for (uint8_t r = 0; r < MATRIX_ROWS; r++) {
 201               		.loc 1 213 0
 202 0070 0E30      		cpi r16,14
 203 0072 1105      		cpc r17,__zero_reg__
 204 0074 01F4      		brne .L16
 205 0076 00C0      		rjmp .L10
 206               	.LVL18:
 207               	.L8:
 231:./tmk_core/common/keyboard.c ****                 if (debug_matrix) matrix_print();
 208               		.loc 1 231 0
 209 0078 9091 0000 		lds r25,debug_config
 210 007c 91FF      		sbrs r25,1
 211 007e 00C0      		rjmp .L11
 231:./tmk_core/common/keyboard.c ****                 if (debug_matrix) matrix_print();
 212               		.loc 1 231 0 is_stmt 0 discriminator 1
 213 0080 8B87      		std Y+11,r24
 214 0082 0E94 0000 		call matrix_print
 215               	.LVL19:
 216 0086 8B85      		ldd r24,Y+11
 217               	.L11:
 218               	.LVL20:
 219               	.LBE6:
 212:./tmk_core/common/keyboard.c ****     if (is_keyboard_master()) {
 220               		.loc 1 212 0 is_stmt 1
 221 0088 20E0      		ldi r18,0
 222 008a 30E0      		ldi r19,0
 223               	.LBB8:
 224               	.LBB7:
 233:./tmk_core/common/keyboard.c ****                     if (matrix_change & ((matrix_row_t)1<<c)) {
 225               		.loc 1 233 0
 226 008c 4D2D      		mov r20,r13
 227 008e 50E0      		ldi r21,0
 228               	.LVL21:
 229               	.L15:
 230 0090 922F      		mov r25,r18
 231               	.LVL22:
 232 0092 BA01      		movw r22,r20
 233 0094 022E      		mov r0,r18
 234 0096 00C0      		rjmp 2f
 235               		1:
 236 0098 7595      		asr r23
 237 009a 6795      		ror r22
 238               		2:
 239 009c 0A94      		dec r0
 240 009e 02F4      		brpl 1b
 241 00a0 60FF      		sbrs r22,0
 242 00a2 00C0      		rjmp .L12
 234:./tmk_core/common/keyboard.c ****                         action_exec((keyevent_t){
 243               		.loc 1 234 0
 244 00a4 2E83      		std Y+6,r18
 245 00a6 CF82      		std Y+7,r12
 236:./tmk_core/common/keyboard.c ****                             .pressed = (matrix_row & ((matrix_row_t)1<<c)),
 246               		.loc 1 236 0
 247 00a8 EE24      		clr r14
 248 00aa E394      		inc r14
 249 00ac F12C      		mov r15,__zero_reg__
 250               	.LVL23:
 251 00ae 00C0      		rjmp 2f
 252               		1:
 253 00b0 EE0C      		lsl r14
 254 00b2 FF1C      		rol r15
 255               		2:
 256 00b4 9A95      		dec r25
 257 00b6 02F4      		brpl 1b
 258 00b8 90E0      		ldi r25,0
 259 00ba 8E21      		and r24,r14
 260 00bc 9F21      		and r25,r15
 261 00be 21E0      		ldi r18,lo8(1)
 262 00c0 892B      		or r24,r25
 263 00c2 01F4      		brne .L13
 264 00c4 20E0      		ldi r18,0
 265               	.L13:
 234:./tmk_core/common/keyboard.c ****                         action_exec((keyevent_t){
 266               		.loc 1 234 0
 267 00c6 2887      		std Y+8,r18
 237:./tmk_core/common/keyboard.c ****                             .time = (timer_read() | 1) /* time should not be 0 */
 268               		.loc 1 237 0
 269 00c8 0E94 0000 		call timer_read
 270               	.LVL24:
 271 00cc 8160      		ori r24,1
 234:./tmk_core/common/keyboard.c ****                         action_exec((keyevent_t){
 272               		.loc 1 234 0
 273 00ce 782F      		mov r23,r24
 274 00d0 9A87      		std Y+10,r25
 275 00d2 8987      		std Y+9,r24
 276 00d4 4E81      		ldd r20,Y+6
 277 00d6 5F81      		ldd r21,Y+7
 278 00d8 6885      		ldd r22,Y+8
 279 00da 8A85      		ldd r24,Y+10
 280 00dc 0E94 0000 		call action_exec
 281               	.LVL25:
 240:./tmk_core/common/keyboard.c ****                         matrix_prev[r] ^= ((matrix_row_t)1<<c);
 282               		.loc 1 240 0
 283 00e0 F801      		movw r30,r16
 284 00e2 E050      		subi r30,lo8(-(matrix_prev.2890))
 285 00e4 F040      		sbci r31,hi8(-(matrix_prev.2890))
 286 00e6 8081      		ld r24,Z
 287 00e8 8E25      		eor r24,r14
 288 00ea 8083      		st Z,r24
 246:./tmk_core/common/keyboard.c ****                         goto MATRIX_LOOP_END;
 289               		.loc 1 246 0
 290 00ec 00C0      		rjmp .L7
 291               	.LVL26:
 292               	.L12:
 293 00ee 2F5F      		subi r18,-1
 294 00f0 3F4F      		sbci r19,-1
 295               	.LVL27:
 232:./tmk_core/common/keyboard.c ****                 for (uint8_t c = 0; c < MATRIX_COLS; c++) {
 296               		.loc 1 232 0
 297 00f2 2630      		cpi r18,6
 298 00f4 3105      		cpc r19,__zero_reg__
 299 00f6 01F4      		brne .L15
 300 00f8 00C0      		rjmp .L14
 301               	.LVL28:
 302               	.L7:
 303               	.LBE7:
 304               	.LBE8:
 258:./tmk_core/common/keyboard.c **** 
 259:./tmk_core/common/keyboard.c **** MATRIX_LOOP_END:
 260:./tmk_core/common/keyboard.c **** 
 261:./tmk_core/common/keyboard.c **** #ifdef MOUSEKEY_ENABLE
 262:./tmk_core/common/keyboard.c ****     // mousekey repeat & acceleration
 263:./tmk_core/common/keyboard.c ****     mousekey_task();
 305               		.loc 1 263 0
 306 00fa 0E94 0000 		call mousekey_task
 307               	.LVL29:
 264:./tmk_core/common/keyboard.c **** #endif
 265:./tmk_core/common/keyboard.c **** 
 266:./tmk_core/common/keyboard.c **** #ifdef PS2_MOUSE_ENABLE
 267:./tmk_core/common/keyboard.c ****     ps2_mouse_task();
 268:./tmk_core/common/keyboard.c **** #endif
 269:./tmk_core/common/keyboard.c **** 
 270:./tmk_core/common/keyboard.c **** #ifdef SERIAL_MOUSE_ENABLE
 271:./tmk_core/common/keyboard.c ****     serial_mouse_task();
 272:./tmk_core/common/keyboard.c **** #endif
 273:./tmk_core/common/keyboard.c **** 
 274:./tmk_core/common/keyboard.c **** #ifdef ADB_MOUSE_ENABLE
 275:./tmk_core/common/keyboard.c ****     adb_mouse_task();
 276:./tmk_core/common/keyboard.c **** #endif
 277:./tmk_core/common/keyboard.c **** 
 278:./tmk_core/common/keyboard.c **** #ifdef SERIAL_LINK_ENABLE
 279:./tmk_core/common/keyboard.c **** 	serial_link_update();
 280:./tmk_core/common/keyboard.c **** #endif
 281:./tmk_core/common/keyboard.c **** 
 282:./tmk_core/common/keyboard.c **** #ifdef VISUALIZER_ENABLE
 283:./tmk_core/common/keyboard.c ****     visualizer_update(default_layer_state, layer_state, visualizer_get_mods(), host_keyboard_leds()
 284:./tmk_core/common/keyboard.c **** #endif
 285:./tmk_core/common/keyboard.c **** 
 286:./tmk_core/common/keyboard.c **** #ifdef POINTING_DEVICE_ENABLE
 287:./tmk_core/common/keyboard.c ****     pointing_device_task();
 288:./tmk_core/common/keyboard.c **** #endif
 289:./tmk_core/common/keyboard.c **** 
 290:./tmk_core/common/keyboard.c **** #ifdef MIDI_ENABLE
 291:./tmk_core/common/keyboard.c ****     midi_task();
 292:./tmk_core/common/keyboard.c **** #endif
 293:./tmk_core/common/keyboard.c **** 
 294:./tmk_core/common/keyboard.c ****     // update LED
 295:./tmk_core/common/keyboard.c ****     if (led_status != host_keyboard_leds()) {
 308               		.loc 1 295 0
 309 00fe 1091 0000 		lds r17,led_status.2891
 310 0102 0E94 0000 		call host_keyboard_leds
 311               	.LVL30:
 312 0106 1817      		cp r17,r24
 313 0108 01F0      		breq .L5
 296:./tmk_core/common/keyboard.c ****         led_status = host_keyboard_leds();
 314               		.loc 1 296 0
 315 010a 0E94 0000 		call host_keyboard_leds
 316               	.LVL31:
 317 010e 8093 0000 		sts led_status.2891,r24
 318               	.LVL32:
 319               	/* epilogue start */
 297:./tmk_core/common/keyboard.c ****         keyboard_set_leds(led_status);
 298:./tmk_core/common/keyboard.c ****     }
 299:./tmk_core/common/keyboard.c **** }
 320               		.loc 1 299 0
 321 0112 2B96      		adiw r28,11
 322 0114 0FB6      		in __tmp_reg__,__SREG__
 323 0116 F894      		cli
 324 0118 DEBF      		out __SP_H__,r29
 325 011a 0FBE      		out __SREG__,__tmp_reg__
 326 011c CDBF      		out __SP_L__,r28
 327 011e DF91      		pop r29
 328 0120 CF91      		pop r28
 329 0122 1F91      		pop r17
 330 0124 0F91      		pop r16
 331 0126 FF90      		pop r15
 332 0128 EF90      		pop r14
 333 012a DF90      		pop r13
 334 012c CF90      		pop r12
 335               	.LBB9:
 336               	.LBB10:
 300:./tmk_core/common/keyboard.c **** 
 301:./tmk_core/common/keyboard.c **** /** \brief keyboard set leds
 302:./tmk_core/common/keyboard.c ****  *
 303:./tmk_core/common/keyboard.c ****  * FIXME: needs doc
 304:./tmk_core/common/keyboard.c ****  */
 305:./tmk_core/common/keyboard.c **** void keyboard_set_leds(uint8_t leds)
 306:./tmk_core/common/keyboard.c **** {
 307:./tmk_core/common/keyboard.c ****     if (debug_keyboard) { debug("keyboard_set_led: "); debug_hex8(leds); debug("\n"); }
 308:./tmk_core/common/keyboard.c ****     led_set(leds);
 337               		.loc 1 308 0
 338 012e 0C94 0000 		jmp led_set
 339               	.LVL33:
 340               	.L5:
 341               	/* epilogue start */
 342               	.LBE10:
 343               	.LBE9:
 299:./tmk_core/common/keyboard.c **** }
 344               		.loc 1 299 0
 345 0132 2B96      		adiw r28,11
 346 0134 0FB6      		in __tmp_reg__,__SREG__
 347 0136 F894      		cli
 348 0138 DEBF      		out __SP_H__,r29
 349 013a 0FBE      		out __SREG__,__tmp_reg__
 350 013c CDBF      		out __SP_L__,r28
 351 013e DF91      		pop r29
 352 0140 CF91      		pop r28
 353 0142 1F91      		pop r17
 354 0144 0F91      		pop r16
 355 0146 FF90      		pop r15
 356 0148 EF90      		pop r14
 357 014a DF90      		pop r13
 358 014c CF90      		pop r12
 359 014e 0895      		ret
 360               		.cfi_endproc
 361               	.LFE8:
 363               		.section	.text.keyboard_set_leds,"ax",@progbits
 364               	.global	keyboard_set_leds
 366               	keyboard_set_leds:
 367               	.LFB9:
 306:./tmk_core/common/keyboard.c **** {
 368               		.loc 1 306 0
 369               		.cfi_startproc
 370               	.LVL34:
 371               	/* prologue: function */
 372               	/* frame size = 0 */
 373               	/* stack size = 0 */
 374               	.L__stack_usage = 0
 375               		.loc 1 308 0
 376 0000 0C94 0000 		jmp led_set
 377               	.LVL35:
 378               		.cfi_endproc
 379               	.LFE9:
 381               		.section	.bss.led_status.2891,"aw",@nobits
 384               	led_status.2891:
 385 0000 00        		.zero	1
 386               		.section	.bss.matrix_prev.2890,"aw",@nobits
 389               	matrix_prev.2890:
 390 0000 0000 0000 		.zero	14
 390      0000 0000 
 390      0000 0000 
 390      0000 
 391               		.text
 392               	.Letext0:
 393               		.file 2 "/usr/lib/avr/include/stdint.h"
 394               		.file 3 "./tmk_core/common/keyboard.h"
 395               		.file 4 "./tmk_core/common/matrix.h"
 396               		.file 5 "./tmk_core/common/debug.h"
 397               		.file 6 "./tmk_core/common/timer.h"
 398               		.file 7 "./tmk_core/common/magic.h"
 399               		.file 8 "./quantum/rgblight.h"
 400               		.file 9 "./tmk_core/common/action.h"
 401               		.file 10 "./tmk_core/common/led.h"
 402               		.file 11 "./tmk_core/common/mousekey.h"
 403               		.file 12 "./tmk_core/common/host.h"
DEFINED SYMBOLS
                            *ABS*:0000000000000000 keyboard.c
     /tmp/ccXbzDEo.s:2      *ABS*:000000000000003e __SP_H__
     /tmp/ccXbzDEo.s:3      *ABS*:000000000000003d __SP_L__
     /tmp/ccXbzDEo.s:4      *ABS*:000000000000003f __SREG__
     /tmp/ccXbzDEo.s:5      *ABS*:0000000000000000 __tmp_reg__
     /tmp/ccXbzDEo.s:6      *ABS*:0000000000000001 __zero_reg__
     /tmp/ccXbzDEo.s:13     .text.matrix_setup:0000000000000000 matrix_setup
     /tmp/ccXbzDEo.s:29     .text.keyboard_setup:0000000000000000 keyboard_setup
     /tmp/ccXbzDEo.s:46     .text.is_keyboard_master:0000000000000000 is_keyboard_master
     /tmp/ccXbzDEo.s:63     .text.keyboard_init:0000000000000000 keyboard_init
     /tmp/ccXbzDEo.s:89     .text.keyboard_task:0000000000000000 keyboard_task
     /tmp/ccXbzDEo.s:389    .bss.matrix_prev.2890:0000000000000000 matrix_prev.2890
     /tmp/ccXbzDEo.s:384    .bss.led_status.2891:0000000000000000 led_status.2891
     /tmp/ccXbzDEo.s:366    .text.keyboard_set_leds:0000000000000000 keyboard_set_leds

UNDEFINED SYMBOLS
timer_init
matrix_init
magic
rgblight_init
matrix_scan
timer_read
action_exec
matrix_get_row
debug_config
matrix_print
mousekey_task
host_keyboard_leds
led_set
__do_clear_bss
