   1               		.file	"keymap.c"
   2               	__SP_H__ = 0x3e
   3               	__SP_L__ = 0x3d
   4               	__SREG__ = 0x3f
   5               	__tmp_reg__ = 0
   6               	__zero_reg__ = 1
   7               		.text
   8               	.Ltext0:
   9               		.cfi_sections	.debug_frame
  10               		.section	.text.rgblight_toggle,"ax",@progbits
  11               		.weak	rgblight_toggle
  13               	rgblight_toggle:
  14               	.LFB10:
  15               		.file 1 "./quantum/rgb.h"
   1:./quantum/rgb.h **** /* Copyright 2017 Jack Humbert
   2:./quantum/rgb.h ****  *
   3:./quantum/rgb.h ****  * This program is free software: you can redistribute it and/or modify
   4:./quantum/rgb.h ****  * it under the terms of the GNU General Public License as published by
   5:./quantum/rgb.h ****  * the Free Software Foundation, either version 2 of the License, or
   6:./quantum/rgb.h ****  * (at your option) any later version.
   7:./quantum/rgb.h ****  *
   8:./quantum/rgb.h ****  * This program is distributed in the hope that it will be useful,
   9:./quantum/rgb.h ****  * but WITHOUT ANY WARRANTY; without even the implied warranty of
  10:./quantum/rgb.h ****  * MERCHANTABILITY or FITNESS FOR A PARTICULAR PURPOSE.  See the
  11:./quantum/rgb.h ****  * GNU General Public License for more details.
  12:./quantum/rgb.h ****  *
  13:./quantum/rgb.h ****  * You should have received a copy of the GNU General Public License
  14:./quantum/rgb.h ****  * along with this program.  If not, see <http://www.gnu.org/licenses/>.
  15:./quantum/rgb.h ****  */
  16:./quantum/rgb.h **** 
  17:./quantum/rgb.h **** #ifndef RGB_H
  18:./quantum/rgb.h **** #define RGB_H
  19:./quantum/rgb.h **** 
  20:./quantum/rgb.h **** __attribute__((weak))
  21:./quantum/rgb.h **** void rgblight_toggle(void) {};
  16               		.loc 1 21 0
  17               		.cfi_startproc
  18               	/* prologue: function */
  19               	/* frame size = 0 */
  20               	/* stack size = 0 */
  21               	.L__stack_usage = 0
  22               	/* epilogue start */
  23               		.loc 1 21 0
  24 0000 0895      		ret
  25               		.cfi_endproc
  26               	.LFE10:
  28               		.section	.text.rgblight_step,"ax",@progbits
  29               		.weak	rgblight_step
  31               	rgblight_step:
  32               	.LFB33:
  33               		.cfi_startproc
  34               	/* prologue: function */
  35               	/* frame size = 0 */
  36               	/* stack size = 0 */
  37               	.L__stack_usage = 0
  38               	/* epilogue start */
  39 0000 0895      		ret
  40               		.cfi_endproc
  41               	.LFE33:
  43               		.section	.text.rgblight_step_reverse,"ax",@progbits
  44               		.weak	rgblight_step_reverse
  46               	rgblight_step_reverse:
  47               	.LFB35:
  48               		.cfi_startproc
  49               	/* prologue: function */
  50               	/* frame size = 0 */
  51               	/* stack size = 0 */
  52               	.L__stack_usage = 0
  53               	/* epilogue start */
  54 0000 0895      		ret
  55               		.cfi_endproc
  56               	.LFE35:
  58               		.section	.text.rgblight_increase_hue,"ax",@progbits
  59               		.weak	rgblight_increase_hue
  61               	rgblight_increase_hue:
  62               	.LFB37:
  63               		.cfi_startproc
  64               	/* prologue: function */
  65               	/* frame size = 0 */
  66               	/* stack size = 0 */
  67               	.L__stack_usage = 0
  68               	/* epilogue start */
  69 0000 0895      		ret
  70               		.cfi_endproc
  71               	.LFE37:
  73               		.section	.text.rgblight_decrease_hue,"ax",@progbits
  74               		.weak	rgblight_decrease_hue
  76               	rgblight_decrease_hue:
  77               	.LFB39:
  78               		.cfi_startproc
  79               	/* prologue: function */
  80               	/* frame size = 0 */
  81               	/* stack size = 0 */
  82               	.L__stack_usage = 0
  83               	/* epilogue start */
  84 0000 0895      		ret
  85               		.cfi_endproc
  86               	.LFE39:
  88               		.section	.text.rgblight_increase_sat,"ax",@progbits
  89               		.weak	rgblight_increase_sat
  91               	rgblight_increase_sat:
  92               	.LFB41:
  93               		.cfi_startproc
  94               	/* prologue: function */
  95               	/* frame size = 0 */
  96               	/* stack size = 0 */
  97               	.L__stack_usage = 0
  98               	/* epilogue start */
  99 0000 0895      		ret
 100               		.cfi_endproc
 101               	.LFE41:
 103               		.section	.text.rgblight_decrease_sat,"ax",@progbits
 104               		.weak	rgblight_decrease_sat
 106               	rgblight_decrease_sat:
 107               	.LFB43:
 108               		.cfi_startproc
 109               	/* prologue: function */
 110               	/* frame size = 0 */
 111               	/* stack size = 0 */
 112               	.L__stack_usage = 0
 113               	/* epilogue start */
 114 0000 0895      		ret
 115               		.cfi_endproc
 116               	.LFE43:
 118               		.section	.text.rgblight_increase_val,"ax",@progbits
 119               		.weak	rgblight_increase_val
 121               	rgblight_increase_val:
 122               	.LFB45:
 123               		.cfi_startproc
 124               	/* prologue: function */
 125               	/* frame size = 0 */
 126               	/* stack size = 0 */
 127               	.L__stack_usage = 0
 128               	/* epilogue start */
 129 0000 0895      		ret
 130               		.cfi_endproc
 131               	.LFE45:
 133               		.section	.text.rgblight_decrease_val,"ax",@progbits
 134               		.weak	rgblight_decrease_val
 136               	rgblight_decrease_val:
 137               	.LFB47:
 138               		.cfi_startproc
 139               	/* prologue: function */
 140               	/* frame size = 0 */
 141               	/* stack size = 0 */
 142               	.L__stack_usage = 0
 143               	/* epilogue start */
 144 0000 0895      		ret
 145               		.cfi_endproc
 146               	.LFE47:
 148               		.section	.text.rgblight_increase_speed,"ax",@progbits
 149               		.weak	rgblight_increase_speed
 151               	rgblight_increase_speed:
 152               	.LFB49:
 153               		.cfi_startproc
 154               	/* prologue: function */
 155               	/* frame size = 0 */
 156               	/* stack size = 0 */
 157               	.L__stack_usage = 0
 158               	/* epilogue start */
 159 0000 0895      		ret
 160               		.cfi_endproc
 161               	.LFE49:
 163               		.section	.text.rgblight_decrease_speed,"ax",@progbits
 164               		.weak	rgblight_decrease_speed
 166               	rgblight_decrease_speed:
 167               	.LFB51:
 168               		.cfi_startproc
 169               	/* prologue: function */
 170               	/* frame size = 0 */
 171               	/* stack size = 0 */
 172               	.L__stack_usage = 0
 173               	/* epilogue start */
 174 0000 0895      		ret
 175               		.cfi_endproc
 176               	.LFE51:
 178               		.section	.text.persistent_default_layer_set,"ax",@progbits
 179               	.global	persistent_default_layer_set
 181               	persistent_default_layer_set:
 182               	.LFB28:
 183               		.file 2 "keyboards/Dactylv2/keymaps/Noah/keymap.c"
   1:keyboards/Dactylv2/keymaps/Noah/keymap.c **** #include "Dactyl.h"
   2:keyboards/Dactylv2/keymaps/Noah/keymap.c **** #include "action_layer.h"
   3:keyboards/Dactylv2/keymaps/Noah/keymap.c **** #include "eeconfig.h"
   4:keyboards/Dactylv2/keymaps/Noah/keymap.c **** 
   5:keyboards/Dactylv2/keymaps/Noah/keymap.c **** extern keymap_config_t keymap_config;
   6:keyboards/Dactylv2/keymaps/Noah/keymap.c **** #define _QWERTY 0
   7:keyboards/Dactylv2/keymaps/Noah/keymap.c **** #define _ALT 1
   8:keyboards/Dactylv2/keymaps/Noah/keymap.c **** #define _ALTSH 2
   9:keyboards/Dactylv2/keymaps/Noah/keymap.c **** #define _CTR 3
  10:keyboards/Dactylv2/keymaps/Noah/keymap.c **** #define _SELECT 4
  11:keyboards/Dactylv2/keymaps/Noah/keymap.c **** #define _SELECT_ALT 5
  12:keyboards/Dactylv2/keymaps/Noah/keymap.c **** #define _SELECT_ALT_SHIFT 6
  13:keyboards/Dactylv2/keymaps/Noah/keymap.c **** #define _FN3 7
  14:keyboards/Dactylv2/keymaps/Noah/keymap.c **** 
  15:keyboards/Dactylv2/keymaps/Noah/keymap.c **** //#define _FN4 6
  16:keyboards/Dactylv2/keymaps/Noah/keymap.c **** enum {
  17:keyboards/Dactylv2/keymaps/Noah/keymap.c **** 	TD_CPY_PST = 0,
  18:keyboards/Dactylv2/keymaps/Noah/keymap.c **** 	TD_CMD,
  19:keyboards/Dactylv2/keymaps/Noah/keymap.c **** 	TD_SLSH,
  20:keyboards/Dactylv2/keymaps/Noah/keymap.c ****  	TD_VRDSK
  21:keyboards/Dactylv2/keymaps/Noah/keymap.c **** };
  22:keyboards/Dactylv2/keymaps/Noah/keymap.c **** enum custom_keycodes {
  23:keyboards/Dactylv2/keymaps/Noah/keymap.c **** 	ALT,
  24:keyboards/Dactylv2/keymaps/Noah/keymap.c **** 	ALTSH,
  25:keyboards/Dactylv2/keymaps/Noah/keymap.c **** 	CTR,
  26:keyboards/Dactylv2/keymaps/Noah/keymap.c **** 	SELECT,
  27:keyboards/Dactylv2/keymaps/Noah/keymap.c **** 	SELECT_ALT,
  28:keyboards/Dactylv2/keymaps/Noah/keymap.c **** 	SELECT_ALT_SHIFT,
  29:keyboards/Dactylv2/keymaps/Noah/keymap.c **** 	FN3,
  30:keyboards/Dactylv2/keymaps/Noah/keymap.c **** 	ADJUST,
  31:keyboards/Dactylv2/keymaps/Noah/keymap.c **** 	dance_cln_finished,
  32:keyboards/Dactylv2/keymaps/Noah/keymap.c **** };
  33:keyboards/Dactylv2/keymaps/Noah/keymap.c **** 
  34:keyboards/Dactylv2/keymaps/Noah/keymap.c **** #define KC_ KC_TRNS
  35:keyboards/Dactylv2/keymaps/Noah/keymap.c **** #define _______ KC_TRNS
  36:keyboards/Dactylv2/keymaps/Noah/keymap.c **** #define KC_CAPW LGUI(X_LSHIFT(KC_3))        // Capture whole screen
  37:keyboards/Dactylv2/keymaps/Noah/keymap.c **** #define KC_CPYW LGUI(X_LSHIFT(LCTL(KC_3)))  // Copy whole screen
  38:keyboards/Dactylv2/keymaps/Noah/keymap.c **** #define KC_CAPP LGUI(X_LSHIFT(KC_4))       // Capture portion of screen
  39:keyboards/Dactylv2/keymaps/Noah/keymap.c **** #define KC_CPYP LGUI(X_LSHIFT(LCTL(KC_4)))  // Copy portion of screen
  40:keyboards/Dactylv2/keymaps/Noah/keymap.c **** #define KC_X0 MT(MOD_LCTL, KC_ESC)
  41:keyboards/Dactylv2/keymaps/Noah/keymap.c **** #define KC_TOGUP TG(4)
  42:keyboards/Dactylv2/keymaps/Noah/keymap.c **** #define KC_REST RESET
  43:keyboards/Dactylv2/keymaps/Noah/keymap.c **** #define KC_ALT_A MO(_ALT) // goes to alt layer when held, maybe behaves like regular alt
  44:keyboards/Dactylv2/keymaps/Noah/keymap.c **** #define KC_ALTSH MO(_ALTSH)
  45:keyboards/Dactylv2/keymaps/Noah/keymap.c **** #define KC_CTR_L LM(_CTR, MOD_LCTL) // goes to ctrl layer when held, maybe behaves like regular con
  46:keyboards/Dactylv2/keymaps/Noah/keymap.c **** #define KC_SEL_A OSL(_SELECT) // turns on the select oneshot, turns off when any key is pressed
  47:keyboards/Dactylv2/keymaps/Noah/keymap.c **** #define KC_SELALT LT(_SELECT_ALT, KC_LALT) // goes to the alt select layer, which can move around b
  48:keyboards/Dactylv2/keymaps/Noah/keymap.c **** #define KC_SELALTSHIFT MO(_SELECT_ALT_SHIFT) // when shift + alt held down in select mode.
  49:keyboards/Dactylv2/keymaps/Noah/keymap.c **** #define KC_FN3_A MO(_FN3)
  50:keyboards/Dactylv2/keymaps/Noah/keymap.c **** 
  51:keyboards/Dactylv2/keymaps/Noah/keymap.c **** #define KC_X9 RGUI(KC_TAB)	//gui tab to switch desktops
  52:keyboards/Dactylv2/keymaps/Noah/keymap.c **** #define KC_X10 TD(TD_VRDSK)
  53:keyboards/Dactylv2/keymaps/Noah/keymap.c **** 
  54:keyboards/Dactylv2/keymaps/Noah/keymap.c **** #define KC_COPY LGUI(KC_C)
  55:keyboards/Dactylv2/keymaps/Noah/keymap.c **** #define KC_CUT LGUI(KC_X)
  56:keyboards/Dactylv2/keymaps/Noah/keymap.c **** #define KC_PASTE LGUI(KC_V)
  57:keyboards/Dactylv2/keymaps/Noah/keymap.c **** #define KC_UNDO LGUI(KC_Z)
  58:keyboards/Dactylv2/keymaps/Noah/keymap.c **** 
  59:keyboards/Dactylv2/keymaps/Noah/keymap.c **** #define KC_SEL_L M(0)
  60:keyboards/Dactylv2/keymaps/Noah/keymap.c **** #define KC_SEL_R M(1)
  61:keyboards/Dactylv2/keymaps/Noah/keymap.c **** #define KC_SEL_U M(2)
  62:keyboards/Dactylv2/keymaps/Noah/keymap.c **** #define KC_SEL_D M(3)
  63:keyboards/Dactylv2/keymaps/Noah/keymap.c **** 
  64:keyboards/Dactylv2/keymaps/Noah/keymap.c **** #define KC_SEL_L_WRD M(4)
  65:keyboards/Dactylv2/keymaps/Noah/keymap.c **** #define KC_SEL_R_WRD M(5)
  66:keyboards/Dactylv2/keymaps/Noah/keymap.c **** #define KC_SEL_PG_UP M(6)
  67:keyboards/Dactylv2/keymaps/Noah/keymap.c **** #define KC_SEL_PG_D M(7)
  68:keyboards/Dactylv2/keymaps/Noah/keymap.c **** 
  69:keyboards/Dactylv2/keymaps/Noah/keymap.c **** #define KC_SEL_HOME M(8)
  70:keyboards/Dactylv2/keymaps/Noah/keymap.c **** #define KC_SEL_END M(9)
  71:keyboards/Dactylv2/keymaps/Noah/keymap.c **** 
  72:keyboards/Dactylv2/keymaps/Noah/keymap.c **** #define KC_L_WRD M(10)
  73:keyboards/Dactylv2/keymaps/Noah/keymap.c **** #define KC_R_WRD M(11)
  74:keyboards/Dactylv2/keymaps/Noah/keymap.c **** 
  75:keyboards/Dactylv2/keymaps/Noah/keymap.c **** #define KC_B_WRD M(12)
  76:keyboards/Dactylv2/keymaps/Noah/keymap.c **** 
  77:keyboards/Dactylv2/keymaps/Noah/keymap.c **** #define MOVE X_LALT // mac
  78:keyboards/Dactylv2/keymaps/Noah/keymap.c **** // #define MOVE X_LCTRL // linux/windows
  79:keyboards/Dactylv2/keymaps/Noah/keymap.c **** 
  80:keyboards/Dactylv2/keymaps/Noah/keymap.c **** 
  81:keyboards/Dactylv2/keymaps/Noah/keymap.c **** 
  82:keyboards/Dactylv2/keymaps/Noah/keymap.c **** const uint16_t PROGMEM keymaps[][MATRIX_ROWS][MATRIX_COLS] = {
  83:keyboards/Dactylv2/keymaps/Noah/keymap.c **** /* Keymap 0: Basic layer
  84:keyboards/Dactylv2/keymaps/Noah/keymap.c ****  *
  85:keyboards/Dactylv2/keymaps/Noah/keymap.c ****  * ,-------------------------------------------.           ,----------------------------------_----
  86:keyboards/Dactylv2/keymaps/Noah/keymap.c ****  * |   =    |   1  |   2  |   3  |   4  |   5  |           |   6  |   7  |   8  |   9  |   0  |   -
  87:keyboards/Dactylv2/keymaps/Noah/keymap.c ****  * |--------+------+------+------+------+------|           |------+------+------+------+------|----
  88:keyboards/Dactylv2/keymaps/Noah/keymap.c ****  * |Tab\FN3 |   Q  |   W  |   F  |   P  |   G  |           |   J  |   L  |   U  |   Y  |   :  |   \
  89:keyboards/Dactylv2/keymaps/Noah/keymap.c ****  * |--------+------+------+------+------+----- |           |------+------+------+------+------|----
  90:keyboards/Dactylv2/keymaps/Noah/keymap.c ****  * | ENT/ADJ|   A  |   R  |   S  |   T  |   D  |           |   H  |   N  |   E  |   I  |   O  | ENT
  91:keyboards/Dactylv2/keymaps/Noah/keymap.c ****  * |--------+------+------+------+------+------|           |------+------+------+------+------|----
  92:keyboards/Dactylv2/keymaps/Noah/keymap.c ****  * | LShift |   Z  |   X  |   C  |   V  |   B  |           |   K  |   M  |   ,  |   .  |  /   |RShi
  93:keyboards/Dactylv2/keymaps/Noah/keymap.c ****  * `--------+------+------+------+------+------'           `-------+------+------+------+------|---
  94:keyboards/Dactylv2/keymaps/Noah/keymap.c ****  * |CTR     |  ALT | GUI  | Left | Right|    1                1   | LEFT | RIGHT|  UP  | DOWN  | ~L
  95:keyboards/Dactylv2/keymaps/Noah/keymap.c ****  * `----------------------------------'                          `---------------------------------
  96:keyboards/Dactylv2/keymaps/Noah/keymap.c ****  *				6	5		4	   3		2				2		 3		4		5		6
  97:keyboards/Dactylv2/keymaps/Noah/keymap.c ****  *                                 ,-------------.       ,-------------.
  98:keyboards/Dactylv2/keymaps/Noah/keymap.c ****  *                                 |   6  |   5  |       | 5    |  6     |
  99:keyboards/Dactylv2/keymaps/Noah/keymap.c ****  *                          ,------|------|------|       |------+--------+------.
 100:keyboards/Dactylv2/keymaps/Noah/keymap.c ****  *                          |   1  |  2    |   4  |       | 4    |        |      |
 101:keyboards/Dactylv2/keymaps/Noah/keymap.c ****  *                          |Backsp|GUI   |------|       |------|    1   |    2 |
 102:keyboards/Dactylv2/keymaps/Noah/keymap.c ****  *                          |  acs |TAB   |   3  |       | 3    |        |      |
 103:keyboards/Dactylv2/keymaps/Noah/keymap.c ****  *                         `--------------------'       `----------------------'
 104:keyboards/Dactylv2/keymaps/Noah/keymap.c ****  
 105:keyboards/Dactylv2/keymaps/Noah/keymap.c ****  
 106:keyboards/Dactylv2/keymaps/Noah/keymap.c ****   	
 107:keyboards/Dactylv2/keymaps/Noah/keymap.c ****  */
 108:keyboards/Dactylv2/keymaps/Noah/keymap.c ****  
 109:keyboards/Dactylv2/keymaps/Noah/keymap.c ****     //
 110:keyboards/Dactylv2/keymaps/Noah/keymap.c **** 	[_QWERTY] = KC_KEYMAP(
 111:keyboards/Dactylv2/keymaps/Noah/keymap.c **** 	//,----+----+----+----+----+----.										,----+----+----+----+----+----.
 112:keyboards/Dactylv2/keymaps/Noah/keymap.c **** 	  GRV  , 1  , 2  , 3  , 4  , 5  ,     									 6  , 7  , 8  , 9   , 0  , EQL,
 113:keyboards/Dactylv2/keymaps/Noah/keymap.c **** 	//,----+----+----+----+----+----.										,----+----+----+----+----+----.
 114:keyboards/Dactylv2/keymaps/Noah/keymap.c **** 		TAB , Q  , W  , E  , R  , T  ,    									  Y  , U  , I  , O , P  , MINS,
 115:keyboards/Dactylv2/keymaps/Noah/keymap.c **** 	//|----+----+----+----+----+----|   									|----+----+----+----+----+----|
 116:keyboards/Dactylv2/keymaps/Noah/keymap.c ****       CTR_L, A  , S  , D  , F  , G  ,								      H  , J  , K  , L  ,SCLN,QUOT,
 117:keyboards/Dactylv2/keymaps/Noah/keymap.c **** 	//|----+----+----+----+----+----|										|----+----+----+----+----+----|
 118:keyboards/Dactylv2/keymaps/Noah/keymap.c **** 		LSFT , Z  , X  , C  , V  , B  ,										    N  , M  ,COMM,DOT,SLSH,ENT,
 119:keyboards/Dactylv2/keymaps/Noah/keymap.c **** 	//|----+----+----+----+----+----|										|----+----+----+----+----+----|
 120:keyboards/Dactylv2/keymaps/Noah/keymap.c **** 	  FN3_A,LCTRL,LALT,LGUI,LALT,   ,										     ,LBRC,RBRC,CLCK,BSLS,   ,
 121:keyboards/Dactylv2/keymaps/Noah/keymap.c **** 	//`----+----+----+----+----+----'   									 `----+----+----+----+----+----'
 122:keyboards/Dactylv2/keymaps/Noah/keymap.c **** 	//							`----+----+----+'			`----+----+----'
 123:keyboards/Dactylv2/keymaps/Noah/keymap.c **** 										ESC,F6,			 RSFT, DEL,
 124:keyboards/Dactylv2/keymaps/Noah/keymap.c **** 	//							`----+----+----+'			`----+----+----'
 125:keyboards/Dactylv2/keymaps/Noah/keymap.c **** 											HOME,			PGUP,
 126:keyboards/Dactylv2/keymaps/Noah/keymap.c **** 	//							`----+----+----+'			`----+----+----'
 127:keyboards/Dactylv2/keymaps/Noah/keymap.c **** 							    ALT_A,LGUI ,END,			    PGDN, BSPC, SPC
 128:keyboards/Dactylv2/keymaps/Noah/keymap.c **** 	//							`----+----+----+'			`----+----+----'
 129:keyboards/Dactylv2/keymaps/Noah/keymap.c **** 
 130:keyboards/Dactylv2/keymaps/Noah/keymap.c **** 	),
 131:keyboards/Dactylv2/keymaps/Noah/keymap.c **** 
 132:keyboards/Dactylv2/keymaps/Noah/keymap.c **** 	[_ALT] = KC_KEYMAP(
 133:keyboards/Dactylv2/keymaps/Noah/keymap.c **** 	//,----+----+----+----+----+----.  								  ,----+----+----+----+----+----.
 134:keyboards/Dactylv2/keymaps/Noah/keymap.c **** 		   ,    ,    ,    ,    ,    ,   							      ,    ,    ,     ,   ,    ,
 135:keyboards/Dactylv2/keymaps/Noah/keymap.c **** 	//|----+----+----+----+----+----|   							 |----+----+----+----+----+----|
 136:keyboards/Dactylv2/keymaps/Noah/keymap.c **** 		   ,    ,    ,B_WRD,    ,    ,   							      ,L_WRD,UP ,R_WRD,    ,    ,
 137:keyboards/Dactylv2/keymaps/Noah/keymap.c **** 	//|----+----+----+----+----+----|   							 |----+----+----+----+----+----|
 138:keyboards/Dactylv2/keymaps/Noah/keymap.c **** 		   ,    ,    ,    ,    ,    ,     							  END ,LEFT,DOWN,RIGHT,     ,   ,
 139:keyboards/Dactylv2/keymaps/Noah/keymap.c **** 	//|----+----+----+----+----+----|   							 |----+----+----+----+----+----|
 140:keyboards/Dactylv2/keymaps/Noah/keymap.c ****   ALTSH , UNDO , CUT,COPY,PASTE,  ,							      ,    ,    ,    ,    ,   ,
 141:keyboards/Dactylv2/keymaps/Noah/keymap.c **** 	//|----+----+----+----+----+----|   							 |----+----+----+----+----+----|
 142:keyboards/Dactylv2/keymaps/Noah/keymap.c ****       ,    ,    ,,   ,   ,    						       ,,   ,    ,    ,     ,
 143:keyboards/Dactylv2/keymaps/Noah/keymap.c **** 	//|----+----+----+----+----+----|  								  |----+----+----+----+----+----|
 144:keyboards/Dactylv2/keymaps/Noah/keymap.c **** 	//							`----+----+----+'			`----+----+----'
 145:keyboards/Dactylv2/keymaps/Noah/keymap.c **** 										  ,    ,			     ,    ,
 146:keyboards/Dactylv2/keymaps/Noah/keymap.c **** 	//							`----+----+----+'			`----+----+----'
 147:keyboards/Dactylv2/keymaps/Noah/keymap.c **** 											   ,			     ,
 148:keyboards/Dactylv2/keymaps/Noah/keymap.c **** 	//							`----+----+----+'			`----+----+----'
 149:keyboards/Dactylv2/keymaps/Noah/keymap.c **** 									,     ,    ,			     ,    ,
 150:keyboards/Dactylv2/keymaps/Noah/keymap.c **** 	//							`----+----+----+'			`----+----+----'
 151:keyboards/Dactylv2/keymaps/Noah/keymap.c **** 	),
 152:keyboards/Dactylv2/keymaps/Noah/keymap.c **** 
 153:keyboards/Dactylv2/keymaps/Noah/keymap.c **** 	[_ALTSH] = KC_KEYMAP(
 154:keyboards/Dactylv2/keymaps/Noah/keymap.c **** 	//,----+----+----+----+----+----.  								  ,----+----+----+----+----+----.
 155:keyboards/Dactylv2/keymaps/Noah/keymap.c **** 		   ,    ,    ,    ,    ,    ,   							      ,    ,    ,     ,   ,    ,
 156:keyboards/Dactylv2/keymaps/Noah/keymap.c **** 	//|----+----+----+----+----+----|   							 |----+----+----+----+----+----|
 157:keyboards/Dactylv2/keymaps/Noah/keymap.c **** 		   ,    ,    ,    ,    ,    ,   							      ,    ,PGUP,    ,    ,    ,
 158:keyboards/Dactylv2/keymaps/Noah/keymap.c **** 	//|----+----+----+----+----+----|   							 |----+----+----+----+----+----|
 159:keyboards/Dactylv2/keymaps/Noah/keymap.c **** 		   ,    ,    ,    ,    ,    ,     							  HOME,    ,PGDN,    ,     ,   ,
 160:keyboards/Dactylv2/keymaps/Noah/keymap.c **** 	//|----+----+----+----+----+----|   							 |----+----+----+----+----+----|
 161:keyboards/Dactylv2/keymaps/Noah/keymap.c **** 		  ,  ,  ,    ,    ,    ,							         ,    ,    ,    ,    ,   ,
 162:keyboards/Dactylv2/keymaps/Noah/keymap.c **** 	//|----+----+----+----+----+----|   							 |----+----+----+----+----+----|
 163:keyboards/Dactylv2/keymaps/Noah/keymap.c **** 		    ,    ,    ,,   ,   ,    						          ,,   ,    ,    ,     ,
 164:keyboards/Dactylv2/keymaps/Noah/keymap.c **** 	//|----+----+----+----+----+----|  								  |----+----+----+----+----+----|
 165:keyboards/Dactylv2/keymaps/Noah/keymap.c **** 	//							`----+----+----+'			`----+----+----'
 166:keyboards/Dactylv2/keymaps/Noah/keymap.c **** 										  ,    ,			     ,    ,
 167:keyboards/Dactylv2/keymaps/Noah/keymap.c **** 	//							`----+----+----+'			`----+----+----'
 168:keyboards/Dactylv2/keymaps/Noah/keymap.c **** 											   ,			     ,
 169:keyboards/Dactylv2/keymaps/Noah/keymap.c **** 	//							`----+----+----+'			`----+----+----'
 170:keyboards/Dactylv2/keymaps/Noah/keymap.c **** 									ALT_A,     ,    ,			     ,    ,
 171:keyboards/Dactylv2/keymaps/Noah/keymap.c **** 	//							`----+----+----+'			`----+----+----'
 172:keyboards/Dactylv2/keymaps/Noah/keymap.c **** 	),
 173:keyboards/Dactylv2/keymaps/Noah/keymap.c **** 
 174:keyboards/Dactylv2/keymaps/Noah/keymap.c **** 	[_CTR] = KC_KEYMAP(
 175:keyboards/Dactylv2/keymaps/Noah/keymap.c **** 	//,----+----+----+----+----+----.  								  ,----+----+----+----+----+----.
 176:keyboards/Dactylv2/keymaps/Noah/keymap.c **** 		   ,    ,    ,    ,    ,    ,   							      ,    ,    ,     ,   ,    ,
 177:keyboards/Dactylv2/keymaps/Noah/keymap.c **** 	//|----+----+----+----+----+----|   							 |----+----+----+----+----+----|
 178:keyboards/Dactylv2/keymaps/Noah/keymap.c **** 		   ,    ,    ,    ,    ,    ,   							      ,    ,    ,    ,    ,    ,
 179:keyboards/Dactylv2/keymaps/Noah/keymap.c **** 	//|----+----+----+----+----+----|   							 |----+----+----+----+----+----|
 180:keyboards/Dactylv2/keymaps/Noah/keymap.c **** 		   ,    ,    ,    ,    ,    ,     							      ,    ,    ,    ,    ,   ,
 181:keyboards/Dactylv2/keymaps/Noah/keymap.c **** 	//|----+----+----+----+----+----|   							 |----+----+----+----+----+----|
 182:keyboards/Dactylv2/keymaps/Noah/keymap.c **** 		  ,  ,  ,    ,    ,    ,							         ,    ,    ,    ,    ,   ,
 183:keyboards/Dactylv2/keymaps/Noah/keymap.c **** 	//|----+----+----+----+----+----|   							 |----+----+----+----+----+----|
 184:keyboards/Dactylv2/keymaps/Noah/keymap.c **** 		    ,    ,    ,,   ,   ,    						          ,,   ,    ,    ,     ,
 185:keyboards/Dactylv2/keymaps/Noah/keymap.c **** 	//|----+----+----+----+----+----|  								  |----+----+----+----+----+----|
 186:keyboards/Dactylv2/keymaps/Noah/keymap.c **** 	//							`----+----+----+'			`----+----+----'
 187:keyboards/Dactylv2/keymaps/Noah/keymap.c **** 										  ,    ,			     ,    ,
 188:keyboards/Dactylv2/keymaps/Noah/keymap.c **** 	//							`----+----+----+'			`----+----+----'
 189:keyboards/Dactylv2/keymaps/Noah/keymap.c **** 											   ,			     ,
 190:keyboards/Dactylv2/keymaps/Noah/keymap.c **** 	//							`----+----+----+'			`----+----+----'
 191:keyboards/Dactylv2/keymaps/Noah/keymap.c **** 									,     ,    ,			     ,    , SEL_A
 192:keyboards/Dactylv2/keymaps/Noah/keymap.c **** 	//							`----+----+----+'			`----+----+----'
 193:keyboards/Dactylv2/keymaps/Noah/keymap.c **** 	),
 194:keyboards/Dactylv2/keymaps/Noah/keymap.c **** 
 195:keyboards/Dactylv2/keymaps/Noah/keymap.c ****     [_SELECT] = KC_KEYMAP(
 196:keyboards/Dactylv2/keymaps/Noah/keymap.c **** 	//,----+----+----+----+----+----.  								  ,----+----+----+----+----+----.
 197:keyboards/Dactylv2/keymaps/Noah/keymap.c **** 	       ,    ,    ,    ,    ,    ,   							       ,    ,    ,    ,    ,    ,
 198:keyboards/Dactylv2/keymaps/Noah/keymap.c **** 	//|----+----+----+----+----+----|   							 |----+----+----+----+----+----|
 199:keyboards/Dactylv2/keymaps/Noah/keymap.c **** 	       ,    ,    ,    ,    ,    ,   							       ,    ,    ,    ,    ,    ,
 200:keyboards/Dactylv2/keymaps/Noah/keymap.c **** 	//|----+----+----+----+----+----|   							 |----+----+----+----+----+----|
 201:keyboards/Dactylv2/keymaps/Noah/keymap.c **** 	       ,    ,    ,    ,    ,    ,   							       ,    ,    ,    ,    ,    ,
 202:keyboards/Dactylv2/keymaps/Noah/keymap.c **** 	//|----+----+----+----+----+----|   							 |----+----+----+----+----+----|
 203:keyboards/Dactylv2/keymaps/Noah/keymap.c ****  SELALTSHIFT,   , ,  ,  ,    ,   							       ,    ,    ,    ,    ,    ,
 204:keyboards/Dactylv2/keymaps/Noah/keymap.c **** 	//|----+----+----+----+----+----|   							 |----+----+----+----+----+----|
 205:keyboards/Dactylv2/keymaps/Noah/keymap.c **** 	       ,    ,    ,    ,    ,    ,   							       ,    ,    ,    ,    ,    ,
 206:keyboards/Dactylv2/keymaps/Noah/keymap.c **** 	//|----+----+----+----+----+----|  								  |----+----+----+----+----+----|
 207:keyboards/Dactylv2/keymaps/Noah/keymap.c **** 	//							`----+----+----+'			`----+----+----'
 208:keyboards/Dactylv2/keymaps/Noah/keymap.c **** 									    ,    ,			         ,    ,
 209:keyboards/Dactylv2/keymaps/Noah/keymap.c **** 	//							`----+----+----+'			`----+----+----'
 210:keyboards/Dactylv2/keymaps/Noah/keymap.c **** 											    ,			     ,
 211:keyboards/Dactylv2/keymaps/Noah/keymap.c **** 	//							`----+----+----+'			`----+----+----'
 212:keyboards/Dactylv2/keymaps/Noah/keymap.c **** 							SELALT,     ,    ,			     ,    ,
 213:keyboards/Dactylv2/keymaps/Noah/keymap.c **** 	//							`----+----+----+'			`----+----+----'
 214:keyboards/Dactylv2/keymaps/Noah/keymap.c **** 	),
 215:keyboards/Dactylv2/keymaps/Noah/keymap.c **** 
 216:keyboards/Dactylv2/keymaps/Noah/keymap.c **** 	[_SELECT_ALT] = KC_KEYMAP(
 217:keyboards/Dactylv2/keymaps/Noah/keymap.c **** 	//,----+----+----+----+----+----.  								  ,----+----+----+----+----+----.
 218:keyboards/Dactylv2/keymaps/Noah/keymap.c **** 	       ,    ,    ,    ,    ,    ,   							       ,    ,    ,    ,    ,    ,
 219:keyboards/Dactylv2/keymaps/Noah/keymap.c **** 	//|----+----+----+----+----+----|   							 |----+----+----+----+----+----|
 220:keyboards/Dactylv2/keymaps/Noah/keymap.c **** 	       ,    ,    ,    ,    ,    ,   							      ,SEL_L_WRD,SEL_U,SEL_R_WRD,    ,    ,
 221:keyboards/Dactylv2/keymaps/Noah/keymap.c **** 	//|----+----+----+----+----+----|   							 |----+----+----+----+----+----|
 222:keyboards/Dactylv2/keymaps/Noah/keymap.c **** 	       ,    ,    ,    ,    ,    ,     							  SEL_END,SEL_L,SEL_D,SEL_R,    ,    ,
 223:keyboards/Dactylv2/keymaps/Noah/keymap.c **** 	//|----+----+----+----+----+----|   							 |----+----+----+----+----+----|
 224:keyboards/Dactylv2/keymaps/Noah/keymap.c **** 	    SELALTSHIFT   ,UNDO ,CUT ,COPY ,PASTE ,    ,   							       ,    ,    ,    ,    ,    ,
 225:keyboards/Dactylv2/keymaps/Noah/keymap.c **** 	//|----+----+----+----+----+----|   							 |----+----+----+----+----+----|
 226:keyboards/Dactylv2/keymaps/Noah/keymap.c **** 	       ,    ,    ,    ,    ,    ,   							       ,    ,    ,    ,    ,    ,
 227:keyboards/Dactylv2/keymaps/Noah/keymap.c **** 	//|----+----+----+----+----+----|  								  |----+----+----+----+----+----|
 228:keyboards/Dactylv2/keymaps/Noah/keymap.c **** 	//							`----+----+----+'			`----+----+----'
 229:keyboards/Dactylv2/keymaps/Noah/keymap.c **** 									    ,    ,			         ,    ,
 230:keyboards/Dactylv2/keymaps/Noah/keymap.c **** 	//							`----+----+----+'			`----+----+----'
 231:keyboards/Dactylv2/keymaps/Noah/keymap.c **** 											    ,			     ,
 232:keyboards/Dactylv2/keymaps/Noah/keymap.c **** 	//							`----+----+----+'			`----+----+----'
 233:keyboards/Dactylv2/keymaps/Noah/keymap.c **** 								   SELALT ,     ,    ,			     ,    ,
 234:keyboards/Dactylv2/keymaps/Noah/keymap.c **** 	//							`----+----+----+'			`----+----+----'
 235:keyboards/Dactylv2/keymaps/Noah/keymap.c **** 	),
 236:keyboards/Dactylv2/keymaps/Noah/keymap.c **** 
 237:keyboards/Dactylv2/keymaps/Noah/keymap.c ****     [_SELECT_ALT_SHIFT] = KC_KEYMAP(
 238:keyboards/Dactylv2/keymaps/Noah/keymap.c **** 	//,----+----+----+----+----+----.  								  ,----+----+----+----+----+----.
 239:keyboards/Dactylv2/keymaps/Noah/keymap.c **** 	       ,    ,    ,    ,    ,    ,   							       ,    ,    ,    ,    ,    ,
 240:keyboards/Dactylv2/keymaps/Noah/keymap.c **** 	//|----+----+----+----+----+----|   							 |----+----+----+----+----+----|
 241:keyboards/Dactylv2/keymaps/Noah/keymap.c **** 	       ,    ,    ,    ,    ,    ,   							       ,    ,  SEL_PG_UP  , ,    ,    ,
 242:keyboards/Dactylv2/keymaps/Noah/keymap.c **** 	//|----+----+----+----+----+----|   							 |----+----+----+----+----+----|
 243:keyboards/Dactylv2/keymaps/Noah/keymap.c **** 	       ,    ,    ,    ,    ,    ,     							  SEL_HOME,     ,  SEL_PG_D ,    ,    ,    ,
 244:keyboards/Dactylv2/keymaps/Noah/keymap.c **** 	//|----+----+----+----+----+----|   							 |----+----+----+----+----+----|
 245:keyboards/Dactylv2/keymaps/Noah/keymap.c **** 	       ,    ,    ,    ,    ,    ,   							       ,    ,    ,    ,    ,    ,
 246:keyboards/Dactylv2/keymaps/Noah/keymap.c **** 	//|----+----+----+----+----+----|   							 |----+----+----+----+----+----|
 247:keyboards/Dactylv2/keymaps/Noah/keymap.c **** 	       ,    ,    ,    ,    ,    ,   							      ,    ,    ,    ,    ,    ,
 248:keyboards/Dactylv2/keymaps/Noah/keymap.c **** 	//|----+----+----+----+----+----|  								  |----+----+----+----+----+----|
 249:keyboards/Dactylv2/keymaps/Noah/keymap.c **** 	//							`----+----+----+'			`----+----+----'
 250:keyboards/Dactylv2/keymaps/Noah/keymap.c **** 									    ,    ,			         ,    ,
 251:keyboards/Dactylv2/keymaps/Noah/keymap.c **** 	//							`----+----+----+'			`----+----+----'
 252:keyboards/Dactylv2/keymaps/Noah/keymap.c **** 											    ,			     ,
 253:keyboards/Dactylv2/keymaps/Noah/keymap.c **** 	//							`----+----+----+'			`----+----+----'
 254:keyboards/Dactylv2/keymaps/Noah/keymap.c **** 								  SELALT  ,     ,    ,			     ,    ,
 255:keyboards/Dactylv2/keymaps/Noah/keymap.c **** 	//							`----+----+----+'			`----+----+----'
 256:keyboards/Dactylv2/keymaps/Noah/keymap.c **** 	),
 257:keyboards/Dactylv2/keymaps/Noah/keymap.c **** 
 258:keyboards/Dactylv2/keymaps/Noah/keymap.c **** 	
 259:keyboards/Dactylv2/keymaps/Noah/keymap.c **** 	
 260:keyboards/Dactylv2/keymaps/Noah/keymap.c **** 	[_FN3] = KC_KEYMAP(
 261:keyboards/Dactylv2/keymaps/Noah/keymap.c **** 	//,----+----+----+----+----+----.    ,----+----+----+----+----+----.
 262:keyboards/Dactylv2/keymaps/Noah/keymap.c **** 		F12 , F1 , F2 , F3 , F4 , F5 ,      F6 , F7 , F8 , F9 ,F10 ,F11 ,
 263:keyboards/Dactylv2/keymaps/Noah/keymap.c **** 	//|----+----+----+----+----+----|    |----+----+----+----+----+----|
 264:keyboards/Dactylv2/keymaps/Noah/keymap.c **** 		, 3 , 3,  3, 3  , 3  ,         ,    ,    ,    ,    ,    ,
 265:keyboards/Dactylv2/keymaps/Noah/keymap.c **** 	//|----+----+----+----+----+----|    |----+----+----+----+----+----|
 266:keyboards/Dactylv2/keymaps/Noah/keymap.c **** 			,    ,UP,    ,    ,    ,         ,    ,    ,    , UP ,    ,
 267:keyboards/Dactylv2/keymaps/Noah/keymap.c **** 	//|----+----+----+----+----+----|    |----+----+----+----+----+----|
 268:keyboards/Dactylv2/keymaps/Noah/keymap.c **** 		REST	,LEFT,DOWN,RIGHT,    ,    ,          ,    ,    ,LEFT,DOWN,RIGHT,
 269:keyboards/Dactylv2/keymaps/Noah/keymap.c **** 	//`----+----+----+----+----+----'    `----+----+----+----+----+----'
 270:keyboards/Dactylv2/keymaps/Noah/keymap.c **** 		X0 ,LALT,LGUI, X10,  ,BSPC,     SPC, UP ,QUOT,LEFT, DOWN ,RGHT,
 271:keyboards/Dactylv2/keymaps/Noah/keymap.c **** 	//`----+----+----+----+----+----'    `----+----+----+----+----+----'
 272:keyboards/Dactylv2/keymaps/Noah/keymap.c **** //		X3  , 1  , 2  , 3  , 4  , 5  ,      6  , 7  , 8  , 9 , 0  ,MINS,
 273:keyboards/Dactylv2/keymaps/Noah/keymap.c **** 	//							`----+----+----+'			`----+----+----'
 274:keyboards/Dactylv2/keymaps/Noah/keymap.c **** 										PGUP,PGDN,			 END, HOME,
 275:keyboards/Dactylv2/keymaps/Noah/keymap.c **** 	//							`----+----+----+'			`----+----+----'
 276:keyboards/Dactylv2/keymaps/Noah/keymap.c **** 											PSCR,			DEL,
 277:keyboards/Dactylv2/keymaps/Noah/keymap.c **** 	//							`----+----+----+'			`----+----+----'
 278:keyboards/Dactylv2/keymaps/Noah/keymap.c **** 									BSPC, ,    ,			    , ENT, SPC
 279:keyboards/Dactylv2/keymaps/Noah/keymap.c **** 	//							`----+----+----+'			`----+----+----'
 280:keyboards/Dactylv2/keymaps/Noah/keymap.c **** 
 281:keyboards/Dactylv2/keymaps/Noah/keymap.c **** 	//`----+----+----+----+----+----'    `----+----+----+----+----+----'
 282:keyboards/Dactylv2/keymaps/Noah/keymap.c **** 	),
 283:keyboards/Dactylv2/keymaps/Noah/keymap.c **** /*
 284:keyboards/Dactylv2/keymaps/Noah/keymap.c **** 	[_FN4] = KEYMAP( \
 285:keyboards/Dactylv2/keymaps/Noah/keymap.c **** 	_______, _______, M(3)   , M(2)     , _______,  M(4)  ,		 _______, _______, _______, _______, ____
 286:keyboards/Dactylv2/keymaps/Noah/keymap.c **** 	_______, M(6)   , _______, _______  , _______, _______,		 _______, _______, _______, _______, ____
 287:keyboards/Dactylv2/keymaps/Noah/keymap.c **** 	_______, _______, M(1)   ,TD(TD_CMD), _______, _______,		 _______, _______, _______, _______, KC_U
 288:keyboards/Dactylv2/keymaps/Noah/keymap.c **** 	M(7)   , M(8)   , M(9)   , _______  , _______, _______,		 _______, _______, _______, KC_LEFT, KC_D
 289:keyboards/Dactylv2/keymaps/Noah/keymap.c **** 	_______, _______, _______, _______  , _______, _______,		 _______, _______, _______, _______, ____
 290:keyboards/Dactylv2/keymaps/Noah/keymap.c **** 	_______, _______ , _______, _______  , _______, _______,	 _______, _______, _______, _______, ____
 291:keyboards/Dactylv2/keymaps/Noah/keymap.c **** 	),*/
 292:keyboards/Dactylv2/keymaps/Noah/keymap.c **** 
 293:keyboards/Dactylv2/keymaps/Noah/keymap.c **** };
 294:keyboards/Dactylv2/keymaps/Noah/keymap.c **** 
 295:keyboards/Dactylv2/keymaps/Noah/keymap.c **** #ifdef AUDIO_ENABLE
 296:keyboards/Dactylv2/keymaps/Noah/keymap.c **** float tone_qwerty[][2]     = SONG(QWERTY_SOUND);
 297:keyboards/Dactylv2/keymaps/Noah/keymap.c **** float tone_dvorak[][2]     = SONG(DVORAK_SOUND);
 298:keyboards/Dactylv2/keymaps/Noah/keymap.c **** float tone_colemak[][2]    = SONG(COLEMAK_SOUND);
 299:keyboards/Dactylv2/keymaps/Noah/keymap.c **** #endif
 300:keyboards/Dactylv2/keymaps/Noah/keymap.c **** 
 301:keyboards/Dactylv2/keymaps/Noah/keymap.c **** void persistent_default_layer_set(uint16_t default_layer) {
 184               		.loc 2 301 0
 185               		.cfi_startproc
 186               	.LVL0:
 187               		.loc 2 301 0
 188 0000 CF93      		push r28
 189               	.LCFI0:
 190               		.cfi_def_cfa_offset 3
 191               		.cfi_offset 28, -2
 192 0002 DF93      		push r29
 193               	.LCFI1:
 194               		.cfi_def_cfa_offset 4
 195               		.cfi_offset 29, -3
 196               	/* prologue: function */
 197               	/* frame size = 0 */
 198               	/* stack size = 2 */
 199               	.L__stack_usage = 2
 200 0004 EC01      		movw r28,r24
 302:keyboards/Dactylv2/keymaps/Noah/keymap.c **** 	eeconfig_update_default_layer(default_layer);
 201               		.loc 2 302 0
 202 0006 0E94 0000 		call eeconfig_update_default_layer
 203               	.LVL1:
 303:keyboards/Dactylv2/keymaps/Noah/keymap.c **** 	default_layer_set(default_layer);
 204               		.loc 2 303 0
 205 000a BE01      		movw r22,r28
 206 000c 90E0      		ldi r25,0
 207 000e 80E0      		ldi r24,0
 208               	/* epilogue start */
 304:keyboards/Dactylv2/keymaps/Noah/keymap.c **** }
 209               		.loc 2 304 0
 210 0010 DF91      		pop r29
 211 0012 CF91      		pop r28
 212               	.LVL2:
 303:keyboards/Dactylv2/keymaps/Noah/keymap.c **** 	default_layer_set(default_layer);
 213               		.loc 2 303 0
 214 0014 0C94 0000 		jmp default_layer_set
 215               	.LVL3:
 216               		.cfi_endproc
 217               	.LFE28:
 219               		.section	.text.action_get_macro,"ax",@progbits
 220               	.global	action_get_macro
 222               	action_get_macro:
 223               	.LFB29:
 305:keyboards/Dactylv2/keymaps/Noah/keymap.c **** 
 306:keyboards/Dactylv2/keymaps/Noah/keymap.c **** /*
 307:keyboards/Dactylv2/keymaps/Noah/keymap.c **** void dance_cln_finished(void){
 308:keyboards/Dactylv2/keymaps/Noah/keymap.c **** register_code (KC_LGUI);
 309:keyboards/Dactylv2/keymaps/Noah/keymap.c **** register_code(KC_TAB);
 310:keyboards/Dactylv2/keymaps/Noah/keymap.c **** unregister_code(KC_TAB);
 311:keyboards/Dactylv2/keymaps/Noah/keymap.c **** unregister_code(KC_LGUI); 
 312:keyboards/Dactylv2/keymaps/Noah/keymap.c **** }*/
 313:keyboards/Dactylv2/keymaps/Noah/keymap.c **** 
 314:keyboards/Dactylv2/keymaps/Noah/keymap.c **** const macro_t *action_get_macro(keyrecord_t *record, uint8_t id, uint8_t opt) {
 224               		.loc 2 314 0
 225               		.cfi_startproc
 226               	.LVL4:
 227               	/* prologue: function */
 228               	/* frame size = 0 */
 229               	/* stack size = 0 */
 230               	.L__stack_usage = 0
 315:keyboards/Dactylv2/keymaps/Noah/keymap.c **** 	if (record->event.pressed) {
 231               		.loc 2 315 0
 232 0000 FC01      		movw r30,r24
 233 0002 8281      		ldd r24,Z+2
 234               	.LVL5:
 235 0004 8823      		tst r24
 236 0006 01F0      		breq .L14
 316:keyboards/Dactylv2/keymaps/Noah/keymap.c **** 	switch (id) {
 237               		.loc 2 316 0
 238 0008 6D30      		cpi r22,lo8(13)
 239 000a 00F4      		brsh .L14
 240 000c E62F      		mov r30,r22
 241               	.LVL6:
 242 000e F0E0      		ldi r31,0
 243 0010 E050      		subi r30,lo8(-(gs(.L16)))
 244 0012 F040      		sbci r31,hi8(-(gs(.L16)))
 245 0014 0C94 0000 		jmp __tablejump2__
 246               		.p2align	1
 247               	.L16:
 248 0018 0000      		.word gs(.L15)
 249 001a 0000      		.word gs(.L17)
 250 001c 0000      		.word gs(.L18)
 251 001e 0000      		.word gs(.L19)
 252 0020 0000      		.word gs(.L20)
 253 0022 0000      		.word gs(.L21)
 254 0024 0000      		.word gs(.L22)
 255 0026 0000      		.word gs(.L23)
 256 0028 0000      		.word gs(.L24)
 257 002a 0000      		.word gs(.L25)
 258 002c 0000      		.word gs(.L26)
 259 002e 0000      		.word gs(.L27)
 260 0030 0000      		.word gs(.L28)
 261               	.L15:
 317:keyboards/Dactylv2/keymaps/Noah/keymap.c ****     	case 0: // select left
 318:keyboards/Dactylv2/keymaps/Noah/keymap.c ****     	    SEND_STRING(SS_DOWN(X_LSHIFT) SS_TAP(X_LEFT) SS_UP(X_LSHIFT));
 262               		.loc 2 318 0
 263 0032 80E0      		ldi r24,lo8(__c.3229)
 264 0034 90E0      		ldi r25,hi8(__c.3229)
 265               	.L32:
 319:keyboards/Dactylv2/keymaps/Noah/keymap.c **** //    	    set_oneshot_layer(_SELECT, ONESHOT_START)
 320:keyboards/Dactylv2/keymaps/Noah/keymap.c ****     	    return false;
 321:keyboards/Dactylv2/keymaps/Noah/keymap.c **** 
 322:keyboards/Dactylv2/keymaps/Noah/keymap.c ****     	case 1: // select right
 323:keyboards/Dactylv2/keymaps/Noah/keymap.c ****             SEND_STRING(SS_DOWN(X_LSHIFT) SS_TAP(X_RIGHT) SS_UP(X_LSHIFT));
 324:keyboards/Dactylv2/keymaps/Noah/keymap.c **** //    	    set_oneshot_layer(_SELECT, ONESHOT_START)
 325:keyboards/Dactylv2/keymaps/Noah/keymap.c ****             return false;
 326:keyboards/Dactylv2/keymaps/Noah/keymap.c **** 
 327:keyboards/Dactylv2/keymaps/Noah/keymap.c ****         case 2: // select up
 328:keyboards/Dactylv2/keymaps/Noah/keymap.c ****             SEND_STRING(SS_DOWN(X_LSHIFT) SS_TAP(X_UP) SS_UP(X_LSHIFT));
 329:keyboards/Dactylv2/keymaps/Noah/keymap.c **** //            set_oneshot_layer(_SELECT, ONESHOT_START)
 330:keyboards/Dactylv2/keymaps/Noah/keymap.c ****             return false;
 331:keyboards/Dactylv2/keymaps/Noah/keymap.c **** 
 332:keyboards/Dactylv2/keymaps/Noah/keymap.c ****         case 3: // select down
 333:keyboards/Dactylv2/keymaps/Noah/keymap.c ****             SEND_STRING(SS_DOWN(X_LSHIFT) SS_TAP(X_DOWN) SS_UP(X_LSHIFT));
 334:keyboards/Dactylv2/keymaps/Noah/keymap.c **** //            set_oneshot_layer(_SELECT, ONESHOT_START)
 335:keyboards/Dactylv2/keymaps/Noah/keymap.c ****             return false;
 336:keyboards/Dactylv2/keymaps/Noah/keymap.c **** 
 337:keyboards/Dactylv2/keymaps/Noah/keymap.c ****         case 4: // select left word
 338:keyboards/Dactylv2/keymaps/Noah/keymap.c ****             SEND_STRING(SS_DOWN(MOVE) SS_DOWN(X_LSHIFT) SS_TAP(X_LEFT) SS_UP(X_LSHIFT) SS_UP(MOVE))
 339:keyboards/Dactylv2/keymaps/Noah/keymap.c **** //            set_oneshot_layer(_SELECT, ONESHOT_START)
 340:keyboards/Dactylv2/keymaps/Noah/keymap.c ****             return false;
 341:keyboards/Dactylv2/keymaps/Noah/keymap.c **** 
 342:keyboards/Dactylv2/keymaps/Noah/keymap.c ****         case 5: // select right word
 343:keyboards/Dactylv2/keymaps/Noah/keymap.c ****             SEND_STRING(SS_DOWN(MOVE) SS_DOWN(X_LSHIFT) SS_TAP(X_RIGHT) SS_UP(X_LSHIFT) SS_UP(MOVE)
 344:keyboards/Dactylv2/keymaps/Noah/keymap.c **** //            set_oneshot_layer(_SELECT, ONESHOT_START)
 345:keyboards/Dactylv2/keymaps/Noah/keymap.c ****             return false;
 346:keyboards/Dactylv2/keymaps/Noah/keymap.c **** 
 347:keyboards/Dactylv2/keymaps/Noah/keymap.c ****         case 6: // select page up
 348:keyboards/Dactylv2/keymaps/Noah/keymap.c ****             SEND_STRING(SS_DOWN(X_LSHIFT) SS_TAP(X_PGUP) SS_UP(X_LSHIFT));
 349:keyboards/Dactylv2/keymaps/Noah/keymap.c **** //            set_oneshot_layer(_SELECT, ONESHOT_START)
 350:keyboards/Dactylv2/keymaps/Noah/keymap.c ****             return false;
 351:keyboards/Dactylv2/keymaps/Noah/keymap.c **** 
 352:keyboards/Dactylv2/keymaps/Noah/keymap.c ****         case 7: // select page down
 353:keyboards/Dactylv2/keymaps/Noah/keymap.c ****             SEND_STRING(SS_DOWN(X_LSHIFT) SS_TAP(X_PGDOWN) SS_UP(X_LSHIFT));
 354:keyboards/Dactylv2/keymaps/Noah/keymap.c **** //            set_oneshot_layer(_SELECT, ONESHOT_START)
 355:keyboards/Dactylv2/keymaps/Noah/keymap.c ****             return false;
 356:keyboards/Dactylv2/keymaps/Noah/keymap.c **** 
 357:keyboards/Dactylv2/keymaps/Noah/keymap.c ****         case 8: // select home
 358:keyboards/Dactylv2/keymaps/Noah/keymap.c ****             SEND_STRING(SS_DOWN(X_LSHIFT) SS_TAP(X_HOME) SS_UP(X_LSHIFT));
 359:keyboards/Dactylv2/keymaps/Noah/keymap.c **** //            set_oneshot_layer(_SELECT, ONESHOT_START)
 360:keyboards/Dactylv2/keymaps/Noah/keymap.c ****             return false;
 361:keyboards/Dactylv2/keymaps/Noah/keymap.c **** 
 362:keyboards/Dactylv2/keymaps/Noah/keymap.c ****         case 9: // select end
 363:keyboards/Dactylv2/keymaps/Noah/keymap.c ****             SEND_STRING(SS_DOWN(X_LSHIFT) SS_TAP(X_END) SS_UP(X_LSHIFT));
 364:keyboards/Dactylv2/keymaps/Noah/keymap.c **** //            set_oneshot_layer(_SELECT, ONESHOT_START)
 365:keyboards/Dactylv2/keymaps/Noah/keymap.c ****             return false;
 366:keyboards/Dactylv2/keymaps/Noah/keymap.c **** 
 367:keyboards/Dactylv2/keymaps/Noah/keymap.c ****     	case 10: // left word
 368:keyboards/Dactylv2/keymaps/Noah/keymap.c ****     	    SEND_STRING(SS_DOWN(MOVE) SS_TAP(X_LEFT) SS_UP(MOVE));
 369:keyboards/Dactylv2/keymaps/Noah/keymap.c ****     		return false;
 370:keyboards/Dactylv2/keymaps/Noah/keymap.c **** 
 371:keyboards/Dactylv2/keymaps/Noah/keymap.c ****     	case 11: // right word
 372:keyboards/Dactylv2/keymaps/Noah/keymap.c ****             SEND_STRING(SS_DOWN(MOVE) SS_TAP(X_RIGHT) SS_UP(MOVE));
 373:keyboards/Dactylv2/keymaps/Noah/keymap.c ****             return false;
 374:keyboards/Dactylv2/keymaps/Noah/keymap.c **** 
 375:keyboards/Dactylv2/keymaps/Noah/keymap.c ****         case 12: // backspace left word
 376:keyboards/Dactylv2/keymaps/Noah/keymap.c ****             SEND_STRING(SS_DOWN(MOVE) SS_DOWN(X_LSHIFT) SS_TAP(X_LEFT) SS_UP(X_LSHIFT) SS_UP(MOVE) 
 266               		.loc 2 376 0
 267 0036 0E94 0000 		call send_string_P
 268               	.LVL7:
 269               	.L14:
 377:keyboards/Dactylv2/keymaps/Noah/keymap.c ****             return false;
 378:keyboards/Dactylv2/keymaps/Noah/keymap.c **** 	}
 379:keyboards/Dactylv2/keymaps/Noah/keymap.c **** 
 380:keyboards/Dactylv2/keymaps/Noah/keymap.c **** 	}
 381:keyboards/Dactylv2/keymaps/Noah/keymap.c ****     return MACRO_NONE;
 382:keyboards/Dactylv2/keymaps/Noah/keymap.c **** }
 270               		.loc 2 382 0
 271 003a 90E0      		ldi r25,0
 272 003c 80E0      		ldi r24,0
 273               	/* epilogue start */
 274 003e 0895      		ret
 275               	.LVL8:
 276               	.L17:
 323:keyboards/Dactylv2/keymaps/Noah/keymap.c **** //    	    set_oneshot_layer(_SELECT, ONESHOT_START)
 277               		.loc 2 323 0
 278 0040 80E0      		ldi r24,lo8(__c.3232)
 279 0042 90E0      		ldi r25,hi8(__c.3232)
 280 0044 00C0      		rjmp .L32
 281               	.L18:
 328:keyboards/Dactylv2/keymaps/Noah/keymap.c **** //            set_oneshot_layer(_SELECT, ONESHOT_START)
 282               		.loc 2 328 0
 283 0046 80E0      		ldi r24,lo8(__c.3235)
 284 0048 90E0      		ldi r25,hi8(__c.3235)
 285 004a 00C0      		rjmp .L32
 286               	.L19:
 333:keyboards/Dactylv2/keymaps/Noah/keymap.c **** //            set_oneshot_layer(_SELECT, ONESHOT_START)
 287               		.loc 2 333 0
 288 004c 80E0      		ldi r24,lo8(__c.3238)
 289 004e 90E0      		ldi r25,hi8(__c.3238)
 290 0050 00C0      		rjmp .L32
 291               	.L20:
 338:keyboards/Dactylv2/keymaps/Noah/keymap.c **** //            set_oneshot_layer(_SELECT, ONESHOT_START)
 292               		.loc 2 338 0
 293 0052 80E0      		ldi r24,lo8(__c.3241)
 294 0054 90E0      		ldi r25,hi8(__c.3241)
 295 0056 00C0      		rjmp .L32
 296               	.L21:
 343:keyboards/Dactylv2/keymaps/Noah/keymap.c **** //            set_oneshot_layer(_SELECT, ONESHOT_START)
 297               		.loc 2 343 0
 298 0058 80E0      		ldi r24,lo8(__c.3244)
 299 005a 90E0      		ldi r25,hi8(__c.3244)
 300 005c 00C0      		rjmp .L32
 301               	.L22:
 348:keyboards/Dactylv2/keymaps/Noah/keymap.c **** //            set_oneshot_layer(_SELECT, ONESHOT_START)
 302               		.loc 2 348 0
 303 005e 80E0      		ldi r24,lo8(__c.3247)
 304 0060 90E0      		ldi r25,hi8(__c.3247)
 305 0062 00C0      		rjmp .L32
 306               	.L23:
 353:keyboards/Dactylv2/keymaps/Noah/keymap.c **** //            set_oneshot_layer(_SELECT, ONESHOT_START)
 307               		.loc 2 353 0
 308 0064 80E0      		ldi r24,lo8(__c.3250)
 309 0066 90E0      		ldi r25,hi8(__c.3250)
 310 0068 00C0      		rjmp .L32
 311               	.L24:
 358:keyboards/Dactylv2/keymaps/Noah/keymap.c **** //            set_oneshot_layer(_SELECT, ONESHOT_START)
 312               		.loc 2 358 0
 313 006a 80E0      		ldi r24,lo8(__c.3253)
 314 006c 90E0      		ldi r25,hi8(__c.3253)
 315 006e 00C0      		rjmp .L32
 316               	.L25:
 363:keyboards/Dactylv2/keymaps/Noah/keymap.c **** //            set_oneshot_layer(_SELECT, ONESHOT_START)
 317               		.loc 2 363 0
 318 0070 80E0      		ldi r24,lo8(__c.3256)
 319 0072 90E0      		ldi r25,hi8(__c.3256)
 320 0074 00C0      		rjmp .L32
 321               	.L26:
 368:keyboards/Dactylv2/keymaps/Noah/keymap.c ****     		return false;
 322               		.loc 2 368 0
 323 0076 80E0      		ldi r24,lo8(__c.3259)
 324 0078 90E0      		ldi r25,hi8(__c.3259)
 325 007a 00C0      		rjmp .L32
 326               	.L27:
 372:keyboards/Dactylv2/keymaps/Noah/keymap.c ****             return false;
 327               		.loc 2 372 0
 328 007c 80E0      		ldi r24,lo8(__c.3262)
 329 007e 90E0      		ldi r25,hi8(__c.3262)
 330 0080 00C0      		rjmp .L32
 331               	.L28:
 376:keyboards/Dactylv2/keymaps/Noah/keymap.c ****             return false;
 332               		.loc 2 376 0
 333 0082 80E0      		ldi r24,lo8(__c.3265)
 334 0084 90E0      		ldi r25,hi8(__c.3265)
 335 0086 00C0      		rjmp .L32
 336               		.cfi_endproc
 337               	.LFE29:
 339               		.section	.text.cmd_commands,"ax",@progbits
 340               	.global	cmd_commands
 342               	cmd_commands:
 343               	.LFB30:
 383:keyboards/Dactylv2/keymaps/Noah/keymap.c **** 
 384:keyboards/Dactylv2/keymaps/Noah/keymap.c **** void cmd_commands(qk_tap_dance_state_t *state, void *user_data) {
 344               		.loc 2 384 0
 345               		.cfi_startproc
 346               	.LVL9:
 347               	/* prologue: function */
 348               	/* frame size = 0 */
 349               	/* stack size = 0 */
 350               	.L__stack_usage = 0
 351               	/* epilogue start */
 385:keyboards/Dactylv2/keymaps/Noah/keymap.c **** }
 352               		.loc 2 385 0
 353 0000 0895      		ret
 354               		.cfi_endproc
 355               	.LFE30:
 357               		.section	.text.cmd,"ax",@progbits
 358               	.global	cmd
 360               	cmd:
 361               	.LFB53:
 362               		.cfi_startproc
 363               	/* prologue: function */
 364               	/* frame size = 0 */
 365               	/* stack size = 0 */
 366               	.L__stack_usage = 0
 367               	/* epilogue start */
 368 0000 0895      		ret
 369               		.cfi_endproc
 370               	.LFE53:
 372               		.section	.progmem.data.__c.3265,"a",@progbits
 375               	__c.3265:
 376 0000 02E2 02E1 		.string	"\002\342\002\341\001P\003\341\003\342\001*"
 376      0150 03E1 
 376      03E2 012A 
 376      00
 377               		.section	.progmem.data.__c.3262,"a",@progbits
 380               	__c.3262:
 381 0000 02E2 014F 		.string	"\002\342\001O\003\342"
 381      03E2 00
 382               		.section	.progmem.data.__c.3259,"a",@progbits
 385               	__c.3259:
 386 0000 02E2 0150 		.string	"\002\342\001P\003\342"
 386      03E2 00
 387               		.section	.progmem.data.__c.3256,"a",@progbits
 390               	__c.3256:
 391 0000 02E1 014D 		.string	"\002\341\001M\003\341"
 391      03E1 00
 392               		.section	.progmem.data.__c.3253,"a",@progbits
 395               	__c.3253:
 396 0000 02E1 014A 		.string	"\002\341\001J\003\341"
 396      03E1 00
 397               		.section	.progmem.data.__c.3250,"a",@progbits
 400               	__c.3250:
 401 0000 02E1 014E 		.string	"\002\341\001N\003\341"
 401      03E1 00
 402               		.section	.progmem.data.__c.3247,"a",@progbits
 405               	__c.3247:
 406 0000 02E1 014B 		.string	"\002\341\001K\003\341"
 406      03E1 00
 407               		.section	.progmem.data.__c.3244,"a",@progbits
 410               	__c.3244:
 411 0000 02E2 02E1 		.string	"\002\342\002\341\001O\003\341\003\342"
 411      014F 03E1 
 411      03E2 00
 412               		.section	.progmem.data.__c.3241,"a",@progbits
 415               	__c.3241:
 416 0000 02E2 02E1 		.string	"\002\342\002\341\001P\003\341\003\342"
 416      0150 03E1 
 416      03E2 00
 417               		.section	.progmem.data.__c.3238,"a",@progbits
 420               	__c.3238:
 421 0000 02E1 0151 		.string	"\002\341\001Q\003\341"
 421      03E1 00
 422               		.section	.progmem.data.__c.3235,"a",@progbits
 425               	__c.3235:
 426 0000 02E1 0152 		.string	"\002\341\001R\003\341"
 426      03E1 00
 427               		.section	.progmem.data.__c.3232,"a",@progbits
 430               	__c.3232:
 431 0000 02E1 014F 		.string	"\002\341\001O\003\341"
 431      03E1 00
 432               		.section	.progmem.data.__c.3229,"a",@progbits
 435               	__c.3229:
 436 0000 02E1 0150 		.string	"\002\341\001P\003\341"
 436      03E1 00
 437               	.global	tap_dance_actions
 438               		.section	.bss.tap_dance_actions,"aw",@nobits
 441               	tap_dance_actions:
 442               	.global	keymaps
 443               		.section	.progmem.data.keymaps,"a",@progbits
 446               	keymaps:
 447 0000 3500      		.word	53
 448 0002 1E00      		.word	30
 449 0004 1F00      		.word	31
 450 0006 2000      		.word	32
 451 0008 2100      		.word	33
 452 000a 2200      		.word	34
 453 000c 2B00      		.word	43
 454 000e 1400      		.word	20
 455 0010 1A00      		.word	26
 456 0012 0800      		.word	8
 457 0014 1500      		.word	21
 458 0016 1700      		.word	23
 459 0018 3159      		.word	22833
 460 001a 0400      		.word	4
 461 001c 1600      		.word	22
 462 001e 0700      		.word	7
 463 0020 0900      		.word	9
 464 0022 0A00      		.word	10
 465 0024 E100      		.word	225
 466 0026 1D00      		.word	29
 467 0028 1B00      		.word	27
 468 002a 0600      		.word	6
 469 002c 1900      		.word	25
 470 002e 0500      		.word	5
 471 0030 0751      		.word	20743
 472 0032 E000      		.word	224
 473 0034 E200      		.word	226
 474 0036 E300      		.word	227
 475 0038 E200      		.word	226
 476 003a 0100      		.word	1
 477 003c 4D00      		.word	77
 478 003e 4A00      		.word	74
 479 0040 3F00      		.word	63
 480 0042 2900      		.word	41
 481 0044 0000      		.word	0
 482 0046 0000      		.word	0
 483 0048 E300      		.word	227
 484 004a 0151      		.word	20737
 485 004c 0000      		.word	0
 486 004e 0000      		.word	0
 487 0050 0000      		.word	0
 488 0052 0000      		.word	0
 489 0054 2E00      		.word	46
 490 0056 2700      		.word	39
 491 0058 2600      		.word	38
 492 005a 2500      		.word	37
 493 005c 2400      		.word	36
 494 005e 2300      		.word	35
 495 0060 2D00      		.word	45
 496 0062 1300      		.word	19
 497 0064 1200      		.word	18
 498 0066 0C00      		.word	12
 499 0068 1800      		.word	24
 500 006a 1C00      		.word	28
 501 006c 3400      		.word	52
 502 006e 3300      		.word	51
 503 0070 0F00      		.word	15
 504 0072 0E00      		.word	14
 505 0074 0D00      		.word	13
 506 0076 0B00      		.word	11
 507 0078 2800      		.word	40
 508 007a 3800      		.word	56
 509 007c 3700      		.word	55
 510 007e 3600      		.word	54
 511 0080 1000      		.word	16
 512 0082 1100      		.word	17
 513 0084 0100      		.word	1
 514 0086 3100      		.word	49
 515 0088 3900      		.word	57
 516 008a 3000      		.word	48
 517 008c 2F00      		.word	47
 518 008e 0100      		.word	1
 519 0090 4E00      		.word	78
 520 0092 4B00      		.word	75
 521 0094 E500      		.word	229
 522 0096 4C00      		.word	76
 523 0098 0000      		.word	0
 524 009a 0000      		.word	0
 525 009c 2A00      		.word	42
 526 009e 2C00      		.word	44
 527 00a0 0000      		.word	0
 528 00a2 0000      		.word	0
 529 00a4 0000      		.word	0
 530 00a6 0000      		.word	0
 531 00a8 0100      		.word	1
 532 00aa 0100      		.word	1
 533 00ac 0100      		.word	1
 534 00ae 0100      		.word	1
 535 00b0 0100      		.word	1
 536 00b2 0100      		.word	1
 537 00b4 0100      		.word	1
 538 00b6 0100      		.word	1
 539 00b8 0100      		.word	1
 540 00ba 0C30      		.word	12300
 541 00bc 0100      		.word	1
 542 00be 0100      		.word	1
 543 00c0 0100      		.word	1
 544 00c2 0100      		.word	1
 545 00c4 0100      		.word	1
 546 00c6 0100      		.word	1
 547 00c8 0100      		.word	1
 548 00ca 0100      		.word	1
 549 00cc 0251      		.word	20738
 550 00ce 1D08      		.word	2077
 551 00d0 1B08      		.word	2075
 552 00d2 0608      		.word	2054
 553 00d4 1908      		.word	2073
 554 00d6 0100      		.word	1
 555 00d8 0100      		.word	1
 556 00da 0100      		.word	1
 557 00dc 0100      		.word	1
 558 00de 0100      		.word	1
 559 00e0 0100      		.word	1
 560 00e2 0100      		.word	1
 561 00e4 0100      		.word	1
 562 00e6 0100      		.word	1
 563 00e8 0100      		.word	1
 564 00ea 0100      		.word	1
 565 00ec 0000      		.word	0
 566 00ee 0000      		.word	0
 567 00f0 0100      		.word	1
 568 00f2 0100      		.word	1
 569 00f4 0000      		.word	0
 570 00f6 0000      		.word	0
 571 00f8 0000      		.word	0
 572 00fa 0000      		.word	0
 573 00fc 0100      		.word	1
 574 00fe 0100      		.word	1
 575 0100 0100      		.word	1
 576 0102 0100      		.word	1
 577 0104 0100      		.word	1
 578 0106 0100      		.word	1
 579 0108 0100      		.word	1
 580 010a 0100      		.word	1
 581 010c 0B30      		.word	12299
 582 010e 5200      		.word	82
 583 0110 0A30      		.word	12298
 584 0112 0100      		.word	1
 585 0114 0100      		.word	1
 586 0116 0100      		.word	1
 587 0118 4F00      		.word	79
 588 011a 5100      		.word	81
 589 011c 5000      		.word	80
 590 011e 4D00      		.word	77
 591 0120 0100      		.word	1
 592 0122 0100      		.word	1
 593 0124 0100      		.word	1
 594 0126 0100      		.word	1
 595 0128 0100      		.word	1
 596 012a 0100      		.word	1
 597 012c 0100      		.word	1
 598 012e 0100      		.word	1
 599 0130 0100      		.word	1
 600 0132 0100      		.word	1
 601 0134 0100      		.word	1
 602 0136 0100      		.word	1
 603 0138 0100      		.word	1
 604 013a 0100      		.word	1
 605 013c 0100      		.word	1
 606 013e 0100      		.word	1
 607 0140 0000      		.word	0
 608 0142 0000      		.word	0
 609 0144 0100      		.word	1
 610 0146 0100      		.word	1
 611 0148 0000      		.word	0
 612 014a 0000      		.word	0
 613 014c 0000      		.word	0
 614 014e 0000      		.word	0
 615 0150 0100      		.word	1
 616 0152 0100      		.word	1
 617 0154 0100      		.word	1
 618 0156 0100      		.word	1
 619 0158 0100      		.word	1
 620 015a 0100      		.word	1
 621 015c 0100      		.word	1
 622 015e 0100      		.word	1
 623 0160 0100      		.word	1
 624 0162 0100      		.word	1
 625 0164 0100      		.word	1
 626 0166 0100      		.word	1
 627 0168 0100      		.word	1
 628 016a 0100      		.word	1
 629 016c 0100      		.word	1
 630 016e 0100      		.word	1
 631 0170 0100      		.word	1
 632 0172 0100      		.word	1
 633 0174 0100      		.word	1
 634 0176 0100      		.word	1
 635 0178 0100      		.word	1
 636 017a 0100      		.word	1
 637 017c 0100      		.word	1
 638 017e 0100      		.word	1
 639 0180 0100      		.word	1
 640 0182 0100      		.word	1
 641 0184 0100      		.word	1
 642 0186 0100      		.word	1
 643 0188 0100      		.word	1
 644 018a 0100      		.word	1
 645 018c 0100      		.word	1
 646 018e 0100      		.word	1
 647 0190 0100      		.word	1
 648 0192 0100      		.word	1
 649 0194 0000      		.word	0
 650 0196 0000      		.word	0
 651 0198 0100      		.word	1
 652 019a 0151      		.word	20737
 653 019c 0000      		.word	0
 654 019e 0000      		.word	0
 655 01a0 0000      		.word	0
 656 01a2 0000      		.word	0
 657 01a4 0100      		.word	1
 658 01a6 0100      		.word	1
 659 01a8 0100      		.word	1
 660 01aa 0100      		.word	1
 661 01ac 0100      		.word	1
 662 01ae 0100      		.word	1
 663 01b0 0100      		.word	1
 664 01b2 0100      		.word	1
 665 01b4 0100      		.word	1
 666 01b6 4B00      		.word	75
 667 01b8 0100      		.word	1
 668 01ba 0100      		.word	1
 669 01bc 0100      		.word	1
 670 01be 0100      		.word	1
 671 01c0 0100      		.word	1
 672 01c2 4E00      		.word	78
 673 01c4 0100      		.word	1
 674 01c6 4A00      		.word	74
 675 01c8 0100      		.word	1
 676 01ca 0100      		.word	1
 677 01cc 0100      		.word	1
 678 01ce 0100      		.word	1
 679 01d0 0100      		.word	1
 680 01d2 0100      		.word	1
 681 01d4 0100      		.word	1
 682 01d6 0100      		.word	1
 683 01d8 0100      		.word	1
 684 01da 0100      		.word	1
 685 01dc 0100      		.word	1
 686 01de 0100      		.word	1
 687 01e0 0100      		.word	1
 688 01e2 0100      		.word	1
 689 01e4 0100      		.word	1
 690 01e6 0100      		.word	1
 691 01e8 0000      		.word	0
 692 01ea 0000      		.word	0
 693 01ec 0100      		.word	1
 694 01ee 0100      		.word	1
 695 01f0 0000      		.word	0
 696 01f2 0000      		.word	0
 697 01f4 0000      		.word	0
 698 01f6 0000      		.word	0
 699 01f8 0100      		.word	1
 700 01fa 0100      		.word	1
 701 01fc 0100      		.word	1
 702 01fe 0100      		.word	1
 703 0200 0100      		.word	1
 704 0202 0100      		.word	1
 705 0204 0100      		.word	1
 706 0206 0100      		.word	1
 707 0208 0100      		.word	1
 708 020a 0100      		.word	1
 709 020c 0100      		.word	1
 710 020e 0100      		.word	1
 711 0210 0100      		.word	1
 712 0212 0100      		.word	1
 713 0214 0100      		.word	1
 714 0216 0100      		.word	1
 715 0218 0100      		.word	1
 716 021a 0100      		.word	1
 717 021c 0100      		.word	1
 718 021e 0100      		.word	1
 719 0220 0100      		.word	1
 720 0222 0100      		.word	1
 721 0224 0100      		.word	1
 722 0226 0100      		.word	1
 723 0228 0100      		.word	1
 724 022a 0100      		.word	1
 725 022c 0100      		.word	1
 726 022e 0100      		.word	1
 727 0230 0100      		.word	1
 728 0232 0100      		.word	1
 729 0234 0100      		.word	1
 730 0236 0100      		.word	1
 731 0238 0100      		.word	1
 732 023a 0100      		.word	1
 733 023c 0000      		.word	0
 734 023e 0000      		.word	0
 735 0240 0100      		.word	1
 736 0242 0100      		.word	1
 737 0244 0000      		.word	0
 738 0246 0000      		.word	0
 739 0248 0000      		.word	0
 740 024a 0000      		.word	0
 741 024c 0100      		.word	1
 742 024e 0100      		.word	1
 743 0250 0100      		.word	1
 744 0252 0100      		.word	1
 745 0254 0100      		.word	1
 746 0256 0100      		.word	1
 747 0258 0100      		.word	1
 748 025a 0100      		.word	1
 749 025c 0100      		.word	1
 750 025e 0100      		.word	1
 751 0260 0100      		.word	1
 752 0262 0100      		.word	1
 753 0264 0100      		.word	1
 754 0266 0100      		.word	1
 755 0268 0100      		.word	1
 756 026a 0100      		.word	1
 757 026c 0100      		.word	1
 758 026e 0100      		.word	1
 759 0270 0100      		.word	1
 760 0272 0100      		.word	1
 761 0274 0100      		.word	1
 762 0276 0100      		.word	1
 763 0278 0100      		.word	1
 764 027a 0100      		.word	1
 765 027c 0100      		.word	1
 766 027e 0100      		.word	1
 767 0280 0100      		.word	1
 768 0282 0100      		.word	1
 769 0284 0100      		.word	1
 770 0286 0100      		.word	1
 771 0288 0100      		.word	1
 772 028a 0100      		.word	1
 773 028c 0100      		.word	1
 774 028e 0100      		.word	1
 775 0290 0000      		.word	0
 776 0292 0000      		.word	0
 777 0294 0100      		.word	1
 778 0296 0454      		.word	21508
 779 0298 0000      		.word	0
 780 029a 0000      		.word	0
 781 029c 0000      		.word	0
 782 029e 0000      		.word	0
 783 02a0 0100      		.word	1
 784 02a2 0100      		.word	1
 785 02a4 0100      		.word	1
 786 02a6 0100      		.word	1
 787 02a8 0100      		.word	1
 788 02aa 0100      		.word	1
 789 02ac 0100      		.word	1
 790 02ae 0100      		.word	1
 791 02b0 0100      		.word	1
 792 02b2 0100      		.word	1
 793 02b4 0100      		.word	1
 794 02b6 0100      		.word	1
 795 02b8 0100      		.word	1
 796 02ba 0100      		.word	1
 797 02bc 0100      		.word	1
 798 02be 0100      		.word	1
 799 02c0 0100      		.word	1
 800 02c2 0100      		.word	1
 801 02c4 0651      		.word	20742
 802 02c6 0100      		.word	1
 803 02c8 0100      		.word	1
 804 02ca 0100      		.word	1
 805 02cc 0100      		.word	1
 806 02ce 0100      		.word	1
 807 02d0 0100      		.word	1
 808 02d2 0100      		.word	1
 809 02d4 0100      		.word	1
 810 02d6 0100      		.word	1
 811 02d8 0100      		.word	1
 812 02da 0100      		.word	1
 813 02dc 0100      		.word	1
 814 02de 0100      		.word	1
 815 02e0 0100      		.word	1
 816 02e2 0100      		.word	1
 817 02e4 0000      		.word	0
 818 02e6 0000      		.word	0
 819 02e8 0100      		.word	1
 820 02ea E245      		.word	17890
 821 02ec 0000      		.word	0
 822 02ee 0000      		.word	0
 823 02f0 0000      		.word	0
 824 02f2 0000      		.word	0
 825 02f4 0100      		.word	1
 826 02f6 0100      		.word	1
 827 02f8 0100      		.word	1
 828 02fa 0100      		.word	1
 829 02fc 0100      		.word	1
 830 02fe 0100      		.word	1
 831 0300 0100      		.word	1
 832 0302 0100      		.word	1
 833 0304 0100      		.word	1
 834 0306 0100      		.word	1
 835 0308 0100      		.word	1
 836 030a 0100      		.word	1
 837 030c 0100      		.word	1
 838 030e 0100      		.word	1
 839 0310 0100      		.word	1
 840 0312 0100      		.word	1
 841 0314 0100      		.word	1
 842 0316 0100      		.word	1
 843 0318 0100      		.word	1
 844 031a 0100      		.word	1
 845 031c 0100      		.word	1
 846 031e 0100      		.word	1
 847 0320 0100      		.word	1
 848 0322 0100      		.word	1
 849 0324 0100      		.word	1
 850 0326 0100      		.word	1
 851 0328 0100      		.word	1
 852 032a 0100      		.word	1
 853 032c 0100      		.word	1
 854 032e 0100      		.word	1
 855 0330 0100      		.word	1
 856 0332 0100      		.word	1
 857 0334 0100      		.word	1
 858 0336 0100      		.word	1
 859 0338 0000      		.word	0
 860 033a 0000      		.word	0
 861 033c 0100      		.word	1
 862 033e 0100      		.word	1
 863 0340 0000      		.word	0
 864 0342 0000      		.word	0
 865 0344 0000      		.word	0
 866 0346 0000      		.word	0
 867 0348 0100      		.word	1
 868 034a 0100      		.word	1
 869 034c 0100      		.word	1
 870 034e 0100      		.word	1
 871 0350 0100      		.word	1
 872 0352 0100      		.word	1
 873 0354 0100      		.word	1
 874 0356 0100      		.word	1
 875 0358 0100      		.word	1
 876 035a 0100      		.word	1
 877 035c 0100      		.word	1
 878 035e 0100      		.word	1
 879 0360 0100      		.word	1
 880 0362 0100      		.word	1
 881 0364 0100      		.word	1
 882 0366 0100      		.word	1
 883 0368 0100      		.word	1
 884 036a 0100      		.word	1
 885 036c 0651      		.word	20742
 886 036e 1D08      		.word	2077
 887 0370 1B08      		.word	2075
 888 0372 0608      		.word	2054
 889 0374 1908      		.word	2073
 890 0376 0100      		.word	1
 891 0378 0100      		.word	1
 892 037a 0100      		.word	1
 893 037c 0100      		.word	1
 894 037e 0100      		.word	1
 895 0380 0100      		.word	1
 896 0382 0100      		.word	1
 897 0384 0100      		.word	1
 898 0386 0100      		.word	1
 899 0388 0100      		.word	1
 900 038a 0100      		.word	1
 901 038c 0000      		.word	0
 902 038e 0000      		.word	0
 903 0390 0100      		.word	1
 904 0392 E245      		.word	17890
 905 0394 0000      		.word	0
 906 0396 0000      		.word	0
 907 0398 0000      		.word	0
 908 039a 0000      		.word	0
 909 039c 0100      		.word	1
 910 039e 0100      		.word	1
 911 03a0 0100      		.word	1
 912 03a2 0100      		.word	1
 913 03a4 0100      		.word	1
 914 03a6 0100      		.word	1
 915 03a8 0100      		.word	1
 916 03aa 0100      		.word	1
 917 03ac 0530      		.word	12293
 918 03ae 0230      		.word	12290
 919 03b0 0430      		.word	12292
 920 03b2 0100      		.word	1
 921 03b4 0100      		.word	1
 922 03b6 0100      		.word	1
 923 03b8 0130      		.word	12289
 924 03ba 0330      		.word	12291
 925 03bc 0030      		.word	12288
 926 03be 0930      		.word	12297
 927 03c0 0100      		.word	1
 928 03c2 0100      		.word	1
 929 03c4 0100      		.word	1
 930 03c6 0100      		.word	1
 931 03c8 0100      		.word	1
 932 03ca 0100      		.word	1
 933 03cc 0100      		.word	1
 934 03ce 0100      		.word	1
 935 03d0 0100      		.word	1
 936 03d2 0100      		.word	1
 937 03d4 0100      		.word	1
 938 03d6 0100      		.word	1
 939 03d8 0100      		.word	1
 940 03da 0100      		.word	1
 941 03dc 0100      		.word	1
 942 03de 0100      		.word	1
 943 03e0 0000      		.word	0
 944 03e2 0000      		.word	0
 945 03e4 0100      		.word	1
 946 03e6 0100      		.word	1
 947 03e8 0000      		.word	0
 948 03ea 0000      		.word	0
 949 03ec 0000      		.word	0
 950 03ee 0000      		.word	0
 951 03f0 0100      		.word	1
 952 03f2 0100      		.word	1
 953 03f4 0100      		.word	1
 954 03f6 0100      		.word	1
 955 03f8 0100      		.word	1
 956 03fa 0100      		.word	1
 957 03fc 0100      		.word	1
 958 03fe 0100      		.word	1
 959 0400 0100      		.word	1
 960 0402 0100      		.word	1
 961 0404 0100      		.word	1
 962 0406 0100      		.word	1
 963 0408 0100      		.word	1
 964 040a 0100      		.word	1
 965 040c 0100      		.word	1
 966 040e 0100      		.word	1
 967 0410 0100      		.word	1
 968 0412 0100      		.word	1
 969 0414 0100      		.word	1
 970 0416 0100      		.word	1
 971 0418 0100      		.word	1
 972 041a 0100      		.word	1
 973 041c 0100      		.word	1
 974 041e 0100      		.word	1
 975 0420 0100      		.word	1
 976 0422 0100      		.word	1
 977 0424 0100      		.word	1
 978 0426 0100      		.word	1
 979 0428 0100      		.word	1
 980 042a 0100      		.word	1
 981 042c 0100      		.word	1
 982 042e 0100      		.word	1
 983 0430 0100      		.word	1
 984 0432 0100      		.word	1
 985 0434 0000      		.word	0
 986 0436 0000      		.word	0
 987 0438 0100      		.word	1
 988 043a E245      		.word	17890
 989 043c 0000      		.word	0
 990 043e 0000      		.word	0
 991 0440 0000      		.word	0
 992 0442 0000      		.word	0
 993 0444 0100      		.word	1
 994 0446 0100      		.word	1
 995 0448 0100      		.word	1
 996 044a 0100      		.word	1
 997 044c 0100      		.word	1
 998 044e 0100      		.word	1
 999 0450 0100      		.word	1
 1000 0452 0100      		.word	1
 1001 0454 0100      		.word	1
 1002 0456 0630      		.word	12294
 1003 0458 0100      		.word	1
 1004 045a 0100      		.word	1
 1005 045c 0100      		.word	1
 1006 045e 0100      		.word	1
 1007 0460 0100      		.word	1
 1008 0462 0730      		.word	12295
 1009 0464 0100      		.word	1
 1010 0466 0830      		.word	12296
 1011 0468 0100      		.word	1
 1012 046a 0100      		.word	1
 1013 046c 0100      		.word	1
 1014 046e 0100      		.word	1
 1015 0470 0100      		.word	1
 1016 0472 0100      		.word	1
 1017 0474 0100      		.word	1
 1018 0476 0100      		.word	1
 1019 0478 0100      		.word	1
 1020 047a 0100      		.word	1
 1021 047c 0100      		.word	1
 1022 047e 0100      		.word	1
 1023 0480 0100      		.word	1
 1024 0482 0100      		.word	1
 1025 0484 0100      		.word	1
 1026 0486 0100      		.word	1
 1027 0488 0000      		.word	0
 1028 048a 0000      		.word	0
 1029 048c 0100      		.word	1
 1030 048e 0100      		.word	1
 1031 0490 0000      		.word	0
 1032 0492 0000      		.word	0
 1033 0494 0000      		.word	0
 1034 0496 0000      		.word	0
 1035 0498 4500      		.word	69
 1036 049a 3A00      		.word	58
 1037 049c 3B00      		.word	59
 1038 049e 3C00      		.word	60
 1039 04a0 3D00      		.word	61
 1040 04a2 3E00      		.word	62
 1041 04a4 0100      		.word	1
 1042 04a6 2000      		.word	32
 1043 04a8 2000      		.word	32
 1044 04aa 2000      		.word	32
 1045 04ac 2000      		.word	32
 1046 04ae 2000      		.word	32
 1047 04b0 0100      		.word	1
 1048 04b2 0100      		.word	1
 1049 04b4 5200      		.word	82
 1050 04b6 0100      		.word	1
 1051 04b8 0100      		.word	1
 1052 04ba 0100      		.word	1
 1053 04bc 005C      		.word	23552
 1054 04be 5000      		.word	80
 1055 04c0 5100      		.word	81
 1056 04c2 4F00      		.word	79
 1057 04c4 0100      		.word	1
 1058 04c6 0100      		.word	1
 1059 04c8 2961      		.word	24873
 1060 04ca E200      		.word	226
 1061 04cc E300      		.word	227
 1062 04ce 0357      		.word	22275
 1063 04d0 0100      		.word	1
 1064 04d2 2A00      		.word	42
 1065 04d4 0100      		.word	1
 1066 04d6 4600      		.word	70
 1067 04d8 4E00      		.word	78
 1068 04da 4B00      		.word	75
 1069 04dc 0000      		.word	0
 1070 04de 0000      		.word	0
 1071 04e0 0100      		.word	1
 1072 04e2 2A00      		.word	42
 1073 04e4 0000      		.word	0
 1074 04e6 0000      		.word	0
 1075 04e8 0000      		.word	0
 1076 04ea 0000      		.word	0
 1077 04ec 4400      		.word	68
 1078 04ee 4300      		.word	67
 1079 04f0 4200      		.word	66
 1080 04f2 4100      		.word	65
 1081 04f4 4000      		.word	64
 1082 04f6 3F00      		.word	63
 1083 04f8 0100      		.word	1
 1084 04fa 0100      		.word	1
 1085 04fc 0100      		.word	1
 1086 04fe 0100      		.word	1
 1087 0500 0100      		.word	1
 1088 0502 0100      		.word	1
 1089 0504 0100      		.word	1
 1090 0506 5200      		.word	82
 1091 0508 0100      		.word	1
 1092 050a 0100      		.word	1
 1093 050c 0100      		.word	1
 1094 050e 0100      		.word	1
 1095 0510 4F00      		.word	79
 1096 0512 5100      		.word	81
 1097 0514 5000      		.word	80
 1098 0516 0100      		.word	1
 1099 0518 0100      		.word	1
 1100 051a 0100      		.word	1
 1101 051c 4F00      		.word	79
 1102 051e 5100      		.word	81
 1103 0520 5000      		.word	80
 1104 0522 3400      		.word	52
 1105 0524 5200      		.word	82
 1106 0526 2C00      		.word	44
 1107 0528 0100      		.word	1
 1108 052a 4C00      		.word	76
 1109 052c 4D00      		.word	77
 1110 052e 4A00      		.word	74
 1111 0530 0000      		.word	0
 1112 0532 0000      		.word	0
 1113 0534 2800      		.word	40
 1114 0536 2C00      		.word	44
 1115 0538 0000      		.word	0
 1116 053a 0000      		.word	0
 1117 053c 0000      		.word	0
 1118 053e 0000      		.word	0
 1119               		.text
 1120               	.Letext0:
 1121               		.file 3 "/usr/local/Cellar/avr-gcc@7/7.3.0/avr/include/stdint.h"
 1122               		.file 4 "/usr/local/Cellar/avr-gcc@7/7.3.0/lib/avr-gcc/7/gcc/avr/7.3.0/include/stddef.h"
 1123               		.file 5 "./tmk_core/common/keyboard.h"
 1124               		.file 6 "./tmk_core/common/keycode.h"
 1125               		.file 7 "./tmk_core/common/action_code.h"
 1126               		.file 8 "./tmk_core/common/action_macro.h"
 1127               		.file 9 "./tmk_core/common/action.h"
 1128               		.file 10 "./tmk_core/common/report.h"
 1129               		.file 11 "./tmk_core/common/host.h"
 1130               		.file 12 "./tmk_core/common/debug.h"
 1131               		.file 13 "./quantum/keycode_config.h"
 1132               		.file 14 "./quantum/quantum_keycodes.h"
 1133               		.file 15 "./quantum/keymap.h"
 1134               		.file 16 "./tmk_core/common/action_layer.h"
 1135               		.file 17 "./tmk_core/common/timer.h"
 1136               		.file 18 "./tmk_core/common/action_util.h"
 1137               		.file 19 "/usr/local/Cellar/avr-gcc@7/7.3.0/avr/include/stdlib.h"
 1138               		.file 20 "./quantum/process_keycode/process_tap_dance.h"
 1139               		.file 21 "./quantum/quantum.h"
 1140               		.file 22 "./tmk_core/common/eeconfig.h"
DEFINED SYMBOLS
                            *ABS*:0000000000000000 keymap.c
/var/folders/x3/bbndryhj5bd9s7h49yn0kv480000gn/T//ccHhDFIx.s:2      *ABS*:000000000000003e __SP_H__
/var/folders/x3/bbndryhj5bd9s7h49yn0kv480000gn/T//ccHhDFIx.s:3      *ABS*:000000000000003d __SP_L__
/var/folders/x3/bbndryhj5bd9s7h49yn0kv480000gn/T//ccHhDFIx.s:4      *ABS*:000000000000003f __SREG__
/var/folders/x3/bbndryhj5bd9s7h49yn0kv480000gn/T//ccHhDFIx.s:5      *ABS*:0000000000000000 __tmp_reg__
/var/folders/x3/bbndryhj5bd9s7h49yn0kv480000gn/T//ccHhDFIx.s:6      *ABS*:0000000000000001 __zero_reg__
/var/folders/x3/bbndryhj5bd9s7h49yn0kv480000gn/T//ccHhDFIx.s:13     .text.rgblight_toggle:0000000000000000 rgblight_toggle
/var/folders/x3/bbndryhj5bd9s7h49yn0kv480000gn/T//ccHhDFIx.s:31     .text.rgblight_step:0000000000000000 rgblight_step
/var/folders/x3/bbndryhj5bd9s7h49yn0kv480000gn/T//ccHhDFIx.s:46     .text.rgblight_step_reverse:0000000000000000 rgblight_step_reverse
/var/folders/x3/bbndryhj5bd9s7h49yn0kv480000gn/T//ccHhDFIx.s:61     .text.rgblight_increase_hue:0000000000000000 rgblight_increase_hue
/var/folders/x3/bbndryhj5bd9s7h49yn0kv480000gn/T//ccHhDFIx.s:76     .text.rgblight_decrease_hue:0000000000000000 rgblight_decrease_hue
/var/folders/x3/bbndryhj5bd9s7h49yn0kv480000gn/T//ccHhDFIx.s:91     .text.rgblight_increase_sat:0000000000000000 rgblight_increase_sat
/var/folders/x3/bbndryhj5bd9s7h49yn0kv480000gn/T//ccHhDFIx.s:106    .text.rgblight_decrease_sat:0000000000000000 rgblight_decrease_sat
/var/folders/x3/bbndryhj5bd9s7h49yn0kv480000gn/T//ccHhDFIx.s:121    .text.rgblight_increase_val:0000000000000000 rgblight_increase_val
/var/folders/x3/bbndryhj5bd9s7h49yn0kv480000gn/T//ccHhDFIx.s:136    .text.rgblight_decrease_val:0000000000000000 rgblight_decrease_val
/var/folders/x3/bbndryhj5bd9s7h49yn0kv480000gn/T//ccHhDFIx.s:151    .text.rgblight_increase_speed:0000000000000000 rgblight_increase_speed
/var/folders/x3/bbndryhj5bd9s7h49yn0kv480000gn/T//ccHhDFIx.s:166    .text.rgblight_decrease_speed:0000000000000000 rgblight_decrease_speed
/var/folders/x3/bbndryhj5bd9s7h49yn0kv480000gn/T//ccHhDFIx.s:181    .text.persistent_default_layer_set:0000000000000000 persistent_default_layer_set
/var/folders/x3/bbndryhj5bd9s7h49yn0kv480000gn/T//ccHhDFIx.s:222    .text.action_get_macro:0000000000000000 action_get_macro
/var/folders/x3/bbndryhj5bd9s7h49yn0kv480000gn/T//ccHhDFIx.s:435    .progmem.data.__c.3229:0000000000000000 __c.3229
/var/folders/x3/bbndryhj5bd9s7h49yn0kv480000gn/T//ccHhDFIx.s:430    .progmem.data.__c.3232:0000000000000000 __c.3232
/var/folders/x3/bbndryhj5bd9s7h49yn0kv480000gn/T//ccHhDFIx.s:425    .progmem.data.__c.3235:0000000000000000 __c.3235
/var/folders/x3/bbndryhj5bd9s7h49yn0kv480000gn/T//ccHhDFIx.s:420    .progmem.data.__c.3238:0000000000000000 __c.3238
/var/folders/x3/bbndryhj5bd9s7h49yn0kv480000gn/T//ccHhDFIx.s:415    .progmem.data.__c.3241:0000000000000000 __c.3241
/var/folders/x3/bbndryhj5bd9s7h49yn0kv480000gn/T//ccHhDFIx.s:410    .progmem.data.__c.3244:0000000000000000 __c.3244
/var/folders/x3/bbndryhj5bd9s7h49yn0kv480000gn/T//ccHhDFIx.s:405    .progmem.data.__c.3247:0000000000000000 __c.3247
/var/folders/x3/bbndryhj5bd9s7h49yn0kv480000gn/T//ccHhDFIx.s:400    .progmem.data.__c.3250:0000000000000000 __c.3250
/var/folders/x3/bbndryhj5bd9s7h49yn0kv480000gn/T//ccHhDFIx.s:395    .progmem.data.__c.3253:0000000000000000 __c.3253
/var/folders/x3/bbndryhj5bd9s7h49yn0kv480000gn/T//ccHhDFIx.s:390    .progmem.data.__c.3256:0000000000000000 __c.3256
/var/folders/x3/bbndryhj5bd9s7h49yn0kv480000gn/T//ccHhDFIx.s:385    .progmem.data.__c.3259:0000000000000000 __c.3259
/var/folders/x3/bbndryhj5bd9s7h49yn0kv480000gn/T//ccHhDFIx.s:380    .progmem.data.__c.3262:0000000000000000 __c.3262
/var/folders/x3/bbndryhj5bd9s7h49yn0kv480000gn/T//ccHhDFIx.s:375    .progmem.data.__c.3265:0000000000000000 __c.3265
/var/folders/x3/bbndryhj5bd9s7h49yn0kv480000gn/T//ccHhDFIx.s:342    .text.cmd_commands:0000000000000000 cmd_commands
/var/folders/x3/bbndryhj5bd9s7h49yn0kv480000gn/T//ccHhDFIx.s:360    .text.cmd:0000000000000000 cmd
/var/folders/x3/bbndryhj5bd9s7h49yn0kv480000gn/T//ccHhDFIx.s:441    .bss.tap_dance_actions:0000000000000000 tap_dance_actions
/var/folders/x3/bbndryhj5bd9s7h49yn0kv480000gn/T//ccHhDFIx.s:446    .progmem.data.keymaps:0000000000000000 keymaps

UNDEFINED SYMBOLS
eeconfig_update_default_layer
default_layer_set
__tablejump2__
send_string_P
__do_clear_bss
