   1               		.file	"i2c.c"
   2               	__SP_H__ = 0x3e
   3               	__SP_L__ = 0x3d
   4               	__SREG__ = 0x3f
   5               	__tmp_reg__ = 0
   6               	__zero_reg__ = 1
   7               		.text
   8               	.Ltext0:
   9               		.cfi_sections	.debug_frame
  10               	.Letext0:
  11               		.file 1 "/usr/local/Cellar/avr-gcc@7/7.3.0/avr/include/stdint.h"
  12               		.file 2 "/usr/local/Cellar/avr-gcc@7/7.3.0/lib/avr-gcc/7/gcc/avr/7.3.0/include/stddef.h"
  13               		.file 3 "/usr/local/Cellar/avr-gcc@7/7.3.0/avr/include/stdlib.h"
  14               		.file 4 "keyboards/Dactylv2/i2c.h"
DEFINED SYMBOLS
                            *ABS*:0000000000000000 i2c.c
/var/folders/x3/bbndryhj5bd9s7h49yn0kv480000gn/T//ccuWsEQ3.s:2      *ABS*:000000000000003e __SP_H__
/var/folders/x3/bbndryhj5bd9s7h49yn0kv480000gn/T//ccuWsEQ3.s:3      *ABS*:000000000000003d __SP_L__
/var/folders/x3/bbndryhj5bd9s7h49yn0kv480000gn/T//ccuWsEQ3.s:4      *ABS*:000000000000003f __SREG__
/var/folders/x3/bbndryhj5bd9s7h49yn0kv480000gn/T//ccuWsEQ3.s:5      *ABS*:0000000000000000 __tmp_reg__
/var/folders/x3/bbndryhj5bd9s7h49yn0kv480000gn/T//ccuWsEQ3.s:6      *ABS*:0000000000000001 __zero_reg__

NO UNDEFINED SYMBOLS
