   1               		.file	"split_util.c"
   2               	__SP_H__ = 0x3e
   3               	__SP_L__ = 0x3d
   4               	__SREG__ = 0x3f
   5               	__tmp_reg__ = 0
   6               	__zero_reg__ = 1
   7               		.text
   8               	.Ltext0:
   9               		.cfi_sections	.debug_frame
  10               		.section	.text.has_usb,"ax",@progbits
  11               	.global	has_usb
  13               	has_usb:
  14               	.LFB16:
  15               		.file 1 "keyboards/Dactylv2/split_util.c"
   1:keyboards/Dactylv2/split_util.c **** #include <avr/io.h>
   2:keyboards/Dactylv2/split_util.c **** #include <avr/wdt.h>
   3:keyboards/Dactylv2/split_util.c **** #include <avr/power.h>
   4:keyboards/Dactylv2/split_util.c **** #include <avr/interrupt.h>
   5:keyboards/Dactylv2/split_util.c **** #include <util/delay.h>
   6:keyboards/Dactylv2/split_util.c **** #include <avr/eeprom.h>
   7:keyboards/Dactylv2/split_util.c **** #include "split_util.h"
   8:keyboards/Dactylv2/split_util.c **** #include "matrix.h"
   9:keyboards/Dactylv2/split_util.c **** #include "keyboard.h"
  10:keyboards/Dactylv2/split_util.c **** #include "config.h"
  11:keyboards/Dactylv2/split_util.c **** #include "timer.h"
  12:keyboards/Dactylv2/split_util.c **** 
  13:keyboards/Dactylv2/split_util.c **** #ifdef USE_I2C
  14:keyboards/Dactylv2/split_util.c **** #  include "i2c.h"
  15:keyboards/Dactylv2/split_util.c **** #else
  16:keyboards/Dactylv2/split_util.c **** #  include "serial.h"
  17:keyboards/Dactylv2/split_util.c **** #endif
  18:keyboards/Dactylv2/split_util.c **** 
  19:keyboards/Dactylv2/split_util.c **** volatile bool isLeftHand = true;
  20:keyboards/Dactylv2/split_util.c **** 
  21:keyboards/Dactylv2/split_util.c **** //static void setup_handedness(void) {
  22:keyboards/Dactylv2/split_util.c **** //  #ifdef EE_HANDS
  23:keyboards/Dactylv2/split_util.c **** //    isLeftHand = eeprom_read_byte(EECONFIG_HANDEDNESS);
  24:keyboards/Dactylv2/split_util.c **** //  #else
  25:keyboards/Dactylv2/split_util.c **** //    // I2C_MASTER_RIGHT is deprecated, use MASTER_RIGHT instead, since this works for both serial
  26:keyboards/Dactylv2/split_util.c **** //    #if defined(I2C_MASTER_RIGHT) || defined(MASTER_RIGHT)
  27:keyboards/Dactylv2/split_util.c **** //      isLeftHand = !has_usb();
  28:keyboards/Dactylv2/split_util.c **** //    #else
  29:keyboards/Dactylv2/split_util.c **** //      isLeftHand = has_usb();
  30:keyboards/Dactylv2/split_util.c **** //    #endif
  31:keyboards/Dactylv2/split_util.c **** //  #endif
  32:keyboards/Dactylv2/split_util.c **** //}
  33:keyboards/Dactylv2/split_util.c **** 
  34:keyboards/Dactylv2/split_util.c **** static void keyboard_master_setup(void) {
  35:keyboards/Dactylv2/split_util.c **** #ifdef USE_I2C
  36:keyboards/Dactylv2/split_util.c ****     i2c_master_init();
  37:keyboards/Dactylv2/split_util.c **** #ifdef SSD1306OLED
  38:keyboards/Dactylv2/split_util.c ****     matrix_master_OLED_init ();
  39:keyboards/Dactylv2/split_util.c **** #endif
  40:keyboards/Dactylv2/split_util.c **** #else
  41:keyboards/Dactylv2/split_util.c ****     serial_master_init();
  42:keyboards/Dactylv2/split_util.c **** #endif
  43:keyboards/Dactylv2/split_util.c **** }
  44:keyboards/Dactylv2/split_util.c **** 
  45:keyboards/Dactylv2/split_util.c **** static void keyboard_slave_setup(void) {
  46:keyboards/Dactylv2/split_util.c ****   timer_init();
  47:keyboards/Dactylv2/split_util.c **** #ifdef USE_I2C
  48:keyboards/Dactylv2/split_util.c ****     i2c_slave_init(SLAVE_I2C_ADDRESS);
  49:keyboards/Dactylv2/split_util.c **** #else
  50:keyboards/Dactylv2/split_util.c ****     serial_slave_init();
  51:keyboards/Dactylv2/split_util.c **** #endif
  52:keyboards/Dactylv2/split_util.c **** }
  53:keyboards/Dactylv2/split_util.c **** 
  54:keyboards/Dactylv2/split_util.c **** bool has_usb(void) {
  16               		.loc 1 54 0
  17               		.cfi_startproc
  18               	/* prologue: function */
  19               	/* frame size = 0 */
  20               	/* stack size = 0 */
  21               	.L__stack_usage = 0
  55:keyboards/Dactylv2/split_util.c ****    USBCON |= (1 << OTGPADE); //enables VBUS pad
  22               		.loc 1 55 0
  23 0000 E8ED      		ldi r30,lo8(-40)
  24 0002 F0E0      		ldi r31,0
  25 0004 8081      		ld r24,Z
  26 0006 8061      		ori r24,lo8(16)
  27 0008 8083      		st Z,r24
  28               	.LVL0:
  29               	.LBB4:
  30               	.LBB5:
  31               		.file 2 "/usr/lib/avr/include/util/delay.h"
   1:/usr/lib/avr/include/util/delay.h **** /* Copyright (c) 2002, Marek Michalkiewicz
   2:/usr/lib/avr/include/util/delay.h ****    Copyright (c) 2004,2005,2007 Joerg Wunsch
   3:/usr/lib/avr/include/util/delay.h ****    Copyright (c) 2007  Florin-Viorel Petrov
   4:/usr/lib/avr/include/util/delay.h ****    All rights reserved.
   5:/usr/lib/avr/include/util/delay.h **** 
   6:/usr/lib/avr/include/util/delay.h ****    Redistribution and use in source and binary forms, with or without
   7:/usr/lib/avr/include/util/delay.h ****    modification, are permitted provided that the following conditions are met:
   8:/usr/lib/avr/include/util/delay.h **** 
   9:/usr/lib/avr/include/util/delay.h ****    * Redistributions of source code must retain the above copyright
  10:/usr/lib/avr/include/util/delay.h ****      notice, this list of conditions and the following disclaimer.
  11:/usr/lib/avr/include/util/delay.h **** 
  12:/usr/lib/avr/include/util/delay.h ****    * Redistributions in binary form must reproduce the above copyright
  13:/usr/lib/avr/include/util/delay.h ****      notice, this list of conditions and the following disclaimer in
  14:/usr/lib/avr/include/util/delay.h ****      the documentation and/or other materials provided with the
  15:/usr/lib/avr/include/util/delay.h ****      distribution.
  16:/usr/lib/avr/include/util/delay.h **** 
  17:/usr/lib/avr/include/util/delay.h ****    * Neither the name of the copyright holders nor the names of
  18:/usr/lib/avr/include/util/delay.h ****      contributors may be used to endorse or promote products derived
  19:/usr/lib/avr/include/util/delay.h ****      from this software without specific prior written permission.
  20:/usr/lib/avr/include/util/delay.h **** 
  21:/usr/lib/avr/include/util/delay.h ****   THIS SOFTWARE IS PROVIDED BY THE COPYRIGHT HOLDERS AND CONTRIBUTORS "AS IS"
  22:/usr/lib/avr/include/util/delay.h ****   AND ANY EXPRESS OR IMPLIED WARRANTIES, INCLUDING, BUT NOT LIMITED TO, THE
  23:/usr/lib/avr/include/util/delay.h ****   IMPLIED WARRANTIES OF MERCHANTABILITY AND FITNESS FOR A PARTICULAR PURPOSE
  24:/usr/lib/avr/include/util/delay.h ****   ARE DISCLAIMED. IN NO EVENT SHALL THE COPYRIGHT OWNER OR CONTRIBUTORS BE
  25:/usr/lib/avr/include/util/delay.h ****   LIABLE FOR ANY DIRECT, INDIRECT, INCIDENTAL, SPECIAL, EXEMPLARY, OR
  26:/usr/lib/avr/include/util/delay.h ****   CONSEQUENTIAL DAMAGES (INCLUDING, BUT NOT LIMITED TO, PROCUREMENT OF
  27:/usr/lib/avr/include/util/delay.h ****   SUBSTITUTE GOODS OR SERVICES; LOSS OF USE, DATA, OR PROFITS; OR BUSINESS
  28:/usr/lib/avr/include/util/delay.h ****   INTERRUPTION) HOWEVER CAUSED AND ON ANY THEORY OF LIABILITY, WHETHER IN
  29:/usr/lib/avr/include/util/delay.h ****   CONTRACT, STRICT LIABILITY, OR TORT (INCLUDING NEGLIGENCE OR OTHERWISE)
  30:/usr/lib/avr/include/util/delay.h ****   ARISING IN ANY WAY OUT OF THE USE OF THIS SOFTWARE, EVEN IF ADVISED OF THE
  31:/usr/lib/avr/include/util/delay.h ****   POSSIBILITY OF SUCH DAMAGE. */
  32:/usr/lib/avr/include/util/delay.h **** 
  33:/usr/lib/avr/include/util/delay.h **** /* $Id$ */
  34:/usr/lib/avr/include/util/delay.h **** 
  35:/usr/lib/avr/include/util/delay.h **** #ifndef _UTIL_DELAY_H_
  36:/usr/lib/avr/include/util/delay.h **** #define _UTIL_DELAY_H_ 1
  37:/usr/lib/avr/include/util/delay.h **** 
  38:/usr/lib/avr/include/util/delay.h **** #ifndef __DOXYGEN__
  39:/usr/lib/avr/include/util/delay.h **** #  ifndef __HAS_DELAY_CYCLES
  40:/usr/lib/avr/include/util/delay.h **** #    define __HAS_DELAY_CYCLES 1
  41:/usr/lib/avr/include/util/delay.h **** #  endif
  42:/usr/lib/avr/include/util/delay.h **** #endif  /* __DOXYGEN__ */
  43:/usr/lib/avr/include/util/delay.h **** 
  44:/usr/lib/avr/include/util/delay.h **** #include <inttypes.h>
  45:/usr/lib/avr/include/util/delay.h **** #include <util/delay_basic.h>
  46:/usr/lib/avr/include/util/delay.h **** #include <math.h>
  47:/usr/lib/avr/include/util/delay.h **** 
  48:/usr/lib/avr/include/util/delay.h **** /** \file */
  49:/usr/lib/avr/include/util/delay.h **** /** \defgroup util_delay <util/delay.h>: Convenience functions for busy-wait delay loops
  50:/usr/lib/avr/include/util/delay.h ****     \code
  51:/usr/lib/avr/include/util/delay.h ****     #define F_CPU 1000000UL  // 1 MHz
  52:/usr/lib/avr/include/util/delay.h ****     //#define F_CPU 14.7456E6
  53:/usr/lib/avr/include/util/delay.h ****     #include <util/delay.h>
  54:/usr/lib/avr/include/util/delay.h ****     \endcode
  55:/usr/lib/avr/include/util/delay.h **** 
  56:/usr/lib/avr/include/util/delay.h ****     \note As an alternative method, it is possible to pass the
  57:/usr/lib/avr/include/util/delay.h ****     F_CPU macro down to the compiler from the Makefile.
  58:/usr/lib/avr/include/util/delay.h ****     Obviously, in that case, no \c \#define statement should be
  59:/usr/lib/avr/include/util/delay.h ****     used.
  60:/usr/lib/avr/include/util/delay.h **** 
  61:/usr/lib/avr/include/util/delay.h ****     The functions in this header file are wrappers around the basic
  62:/usr/lib/avr/include/util/delay.h ****     busy-wait functions from <util/delay_basic.h>.  They are meant as
  63:/usr/lib/avr/include/util/delay.h ****     convenience functions where actual time values can be specified
  64:/usr/lib/avr/include/util/delay.h ****     rather than a number of cycles to wait for.  The idea behind is
  65:/usr/lib/avr/include/util/delay.h ****     that compile-time constant expressions will be eliminated by
  66:/usr/lib/avr/include/util/delay.h ****     compiler optimization so floating-point expressions can be used
  67:/usr/lib/avr/include/util/delay.h ****     to calculate the number of delay cycles needed based on the CPU
  68:/usr/lib/avr/include/util/delay.h ****     frequency passed by the macro F_CPU.
  69:/usr/lib/avr/include/util/delay.h **** 
  70:/usr/lib/avr/include/util/delay.h ****     \note In order for these functions to work as intended, compiler
  71:/usr/lib/avr/include/util/delay.h ****     optimizations <em>must</em> be enabled, and the delay time
  72:/usr/lib/avr/include/util/delay.h ****     <em>must</em> be an expression that is a known constant at
  73:/usr/lib/avr/include/util/delay.h ****     compile-time.  If these requirements are not met, the resulting
  74:/usr/lib/avr/include/util/delay.h ****     delay will be much longer (and basically unpredictable), and
  75:/usr/lib/avr/include/util/delay.h ****     applications that otherwise do not use floating-point calculations
  76:/usr/lib/avr/include/util/delay.h ****     will experience severe code bloat by the floating-point library
  77:/usr/lib/avr/include/util/delay.h ****     routines linked into the application.
  78:/usr/lib/avr/include/util/delay.h **** 
  79:/usr/lib/avr/include/util/delay.h ****     The functions available allow the specification of microsecond, and
  80:/usr/lib/avr/include/util/delay.h ****     millisecond delays directly, using the application-supplied macro
  81:/usr/lib/avr/include/util/delay.h ****     F_CPU as the CPU clock frequency (in Hertz).
  82:/usr/lib/avr/include/util/delay.h **** 
  83:/usr/lib/avr/include/util/delay.h **** */
  84:/usr/lib/avr/include/util/delay.h **** 
  85:/usr/lib/avr/include/util/delay.h **** #if !defined(__DOXYGEN__)
  86:/usr/lib/avr/include/util/delay.h **** static __inline__ void _delay_us(double __us) __attribute__((__always_inline__));
  87:/usr/lib/avr/include/util/delay.h **** static __inline__ void _delay_ms(double __ms) __attribute__((__always_inline__));
  88:/usr/lib/avr/include/util/delay.h **** #endif
  89:/usr/lib/avr/include/util/delay.h **** 
  90:/usr/lib/avr/include/util/delay.h **** #ifndef F_CPU
  91:/usr/lib/avr/include/util/delay.h **** /* prevent compiler error by supplying a default */
  92:/usr/lib/avr/include/util/delay.h **** # warning "F_CPU not defined for <util/delay.h>"
  93:/usr/lib/avr/include/util/delay.h **** /** \ingroup util_delay
  94:/usr/lib/avr/include/util/delay.h ****     \def F_CPU
  95:/usr/lib/avr/include/util/delay.h ****     \brief CPU frequency in Hz
  96:/usr/lib/avr/include/util/delay.h **** 
  97:/usr/lib/avr/include/util/delay.h ****     The macro F_CPU specifies the CPU frequency to be considered by
  98:/usr/lib/avr/include/util/delay.h ****     the delay macros.  This macro is normally supplied by the
  99:/usr/lib/avr/include/util/delay.h ****     environment (e.g. from within a project header, or the project's
 100:/usr/lib/avr/include/util/delay.h ****     Makefile).  The value 1 MHz here is only provided as a "vanilla"
 101:/usr/lib/avr/include/util/delay.h ****     fallback if no such user-provided definition could be found.
 102:/usr/lib/avr/include/util/delay.h **** 
 103:/usr/lib/avr/include/util/delay.h ****     In terms of the delay functions, the CPU frequency can be given as
 104:/usr/lib/avr/include/util/delay.h ****     a floating-point constant (e.g. 3.6864E6 for 3.6864 MHz).
 105:/usr/lib/avr/include/util/delay.h ****     However, the macros in <util/setbaud.h> require it to be an
 106:/usr/lib/avr/include/util/delay.h ****     integer value.
 107:/usr/lib/avr/include/util/delay.h ****  */
 108:/usr/lib/avr/include/util/delay.h **** # define F_CPU 1000000UL
 109:/usr/lib/avr/include/util/delay.h **** #endif
 110:/usr/lib/avr/include/util/delay.h **** 
 111:/usr/lib/avr/include/util/delay.h **** #ifndef __OPTIMIZE__
 112:/usr/lib/avr/include/util/delay.h **** # warning "Compiler optimizations disabled; functions from <util/delay.h> won't work as designed"
 113:/usr/lib/avr/include/util/delay.h **** #endif
 114:/usr/lib/avr/include/util/delay.h **** 
 115:/usr/lib/avr/include/util/delay.h **** #if __HAS_DELAY_CYCLES && defined(__OPTIMIZE__) && \
 116:/usr/lib/avr/include/util/delay.h ****   !defined(__DELAY_BACKWARD_COMPATIBLE__) &&	   \
 117:/usr/lib/avr/include/util/delay.h ****   __STDC_HOSTED__
 118:/usr/lib/avr/include/util/delay.h **** #  include <math.h>
 119:/usr/lib/avr/include/util/delay.h **** #endif
 120:/usr/lib/avr/include/util/delay.h **** 
 121:/usr/lib/avr/include/util/delay.h **** /**
 122:/usr/lib/avr/include/util/delay.h ****    \ingroup util_delay
 123:/usr/lib/avr/include/util/delay.h **** 
 124:/usr/lib/avr/include/util/delay.h ****    Perform a delay of \c __ms milliseconds, using _delay_loop_2().
 125:/usr/lib/avr/include/util/delay.h **** 
 126:/usr/lib/avr/include/util/delay.h ****    The macro F_CPU is supposed to be defined to a
 127:/usr/lib/avr/include/util/delay.h ****    constant defining the CPU clock frequency (in Hertz).
 128:/usr/lib/avr/include/util/delay.h **** 
 129:/usr/lib/avr/include/util/delay.h ****    The maximal possible delay is 262.14 ms / F_CPU in MHz.
 130:/usr/lib/avr/include/util/delay.h **** 
 131:/usr/lib/avr/include/util/delay.h ****    When the user request delay which exceed the maximum possible one,
 132:/usr/lib/avr/include/util/delay.h ****    _delay_ms() provides a decreased resolution functionality. In this
 133:/usr/lib/avr/include/util/delay.h ****    mode _delay_ms() will work with a resolution of 1/10 ms, providing
 134:/usr/lib/avr/include/util/delay.h ****    delays up to 6.5535 seconds (independent from CPU frequency).  The
 135:/usr/lib/avr/include/util/delay.h ****    user will not be informed about decreased resolution.
 136:/usr/lib/avr/include/util/delay.h **** 
 137:/usr/lib/avr/include/util/delay.h ****    If the avr-gcc toolchain has __builtin_avr_delay_cycles()
 138:/usr/lib/avr/include/util/delay.h ****    support, maximal possible delay is 4294967.295 ms/ F_CPU in MHz. For
 139:/usr/lib/avr/include/util/delay.h ****    values greater than the maximal possible delay, overflows results in
 140:/usr/lib/avr/include/util/delay.h ****    no delay i.e., 0ms.
 141:/usr/lib/avr/include/util/delay.h **** 
 142:/usr/lib/avr/include/util/delay.h ****    Conversion of \c __ms into clock cycles may not always result in
 143:/usr/lib/avr/include/util/delay.h ****    integer.  By default, the clock cycles rounded up to next
 144:/usr/lib/avr/include/util/delay.h ****    integer. This ensures that the user gets at least \c __ms
 145:/usr/lib/avr/include/util/delay.h ****    microseconds of delay.
 146:/usr/lib/avr/include/util/delay.h **** 
 147:/usr/lib/avr/include/util/delay.h ****    Alternatively, by defining the macro \c __DELAY_ROUND_DOWN__, or
 148:/usr/lib/avr/include/util/delay.h ****    \c __DELAY_ROUND_CLOSEST__, before including this header file, the
 149:/usr/lib/avr/include/util/delay.h ****    algorithm can be made to round down, or round to closest integer,
 150:/usr/lib/avr/include/util/delay.h ****    respectively.
 151:/usr/lib/avr/include/util/delay.h **** 
 152:/usr/lib/avr/include/util/delay.h ****    \note
 153:/usr/lib/avr/include/util/delay.h **** 
 154:/usr/lib/avr/include/util/delay.h ****    The implementation of _delay_ms() based on
 155:/usr/lib/avr/include/util/delay.h ****    __builtin_avr_delay_cycles() is not backward compatible with older
 156:/usr/lib/avr/include/util/delay.h ****    implementations.  In order to get functionality backward compatible
 157:/usr/lib/avr/include/util/delay.h ****    with previous versions, the macro \c "__DELAY_BACKWARD_COMPATIBLE__"
 158:/usr/lib/avr/include/util/delay.h ****    must be defined before including this header file. Also, the
 159:/usr/lib/avr/include/util/delay.h ****    backward compatible algorithm will be chosen if the code is
 160:/usr/lib/avr/include/util/delay.h ****    compiled in a <em>freestanding environment</em> (GCC option
 161:/usr/lib/avr/include/util/delay.h ****    \c -ffreestanding), as the math functions required for rounding are
 162:/usr/lib/avr/include/util/delay.h ****    not available to the compiler then.
 163:/usr/lib/avr/include/util/delay.h **** 
 164:/usr/lib/avr/include/util/delay.h ****  */
 165:/usr/lib/avr/include/util/delay.h **** void
 166:/usr/lib/avr/include/util/delay.h **** _delay_ms(double __ms)
 167:/usr/lib/avr/include/util/delay.h **** {
 168:/usr/lib/avr/include/util/delay.h **** 	double __tmp ;
 169:/usr/lib/avr/include/util/delay.h **** #if __HAS_DELAY_CYCLES && defined(__OPTIMIZE__) && \
 170:/usr/lib/avr/include/util/delay.h ****   !defined(__DELAY_BACKWARD_COMPATIBLE__) &&	   \
 171:/usr/lib/avr/include/util/delay.h ****   __STDC_HOSTED__
 172:/usr/lib/avr/include/util/delay.h **** 	uint32_t __ticks_dc;
 173:/usr/lib/avr/include/util/delay.h **** 	extern void __builtin_avr_delay_cycles(unsigned long);
 174:/usr/lib/avr/include/util/delay.h **** 	__tmp = ((F_CPU) / 1e3) * __ms;
 175:/usr/lib/avr/include/util/delay.h **** 
 176:/usr/lib/avr/include/util/delay.h **** 	#if defined(__DELAY_ROUND_DOWN__)
 177:/usr/lib/avr/include/util/delay.h **** 		__ticks_dc = (uint32_t)fabs(__tmp);
 178:/usr/lib/avr/include/util/delay.h **** 
 179:/usr/lib/avr/include/util/delay.h **** 	#elif defined(__DELAY_ROUND_CLOSEST__)
 180:/usr/lib/avr/include/util/delay.h **** 		__ticks_dc = (uint32_t)(fabs(__tmp)+0.5);
 181:/usr/lib/avr/include/util/delay.h **** 
 182:/usr/lib/avr/include/util/delay.h **** 	#else
 183:/usr/lib/avr/include/util/delay.h **** 		//round up by default
 184:/usr/lib/avr/include/util/delay.h **** 		__ticks_dc = (uint32_t)(ceil(fabs(__tmp)));
 185:/usr/lib/avr/include/util/delay.h **** 	#endif
 186:/usr/lib/avr/include/util/delay.h **** 
 187:/usr/lib/avr/include/util/delay.h **** 	__builtin_avr_delay_cycles(__ticks_dc);
 188:/usr/lib/avr/include/util/delay.h **** 
 189:/usr/lib/avr/include/util/delay.h **** #else
 190:/usr/lib/avr/include/util/delay.h **** 	uint16_t __ticks;
 191:/usr/lib/avr/include/util/delay.h **** 	__tmp = ((F_CPU) / 4e3) * __ms;
 192:/usr/lib/avr/include/util/delay.h **** 	if (__tmp < 1.0)
 193:/usr/lib/avr/include/util/delay.h **** 		__ticks = 1;
 194:/usr/lib/avr/include/util/delay.h **** 	else if (__tmp > 65535)
 195:/usr/lib/avr/include/util/delay.h **** 	{
 196:/usr/lib/avr/include/util/delay.h **** 		//	__ticks = requested delay in 1/10 ms
 197:/usr/lib/avr/include/util/delay.h **** 		__ticks = (uint16_t) (__ms * 10.0);
 198:/usr/lib/avr/include/util/delay.h **** 		while(__ticks)
 199:/usr/lib/avr/include/util/delay.h **** 		{
 200:/usr/lib/avr/include/util/delay.h **** 			// wait 1/10 ms
 201:/usr/lib/avr/include/util/delay.h **** 			_delay_loop_2(((F_CPU) / 4e3) / 10);
 202:/usr/lib/avr/include/util/delay.h **** 			__ticks --;
 203:/usr/lib/avr/include/util/delay.h **** 		}
 204:/usr/lib/avr/include/util/delay.h **** 		return;
 205:/usr/lib/avr/include/util/delay.h **** 	}
 206:/usr/lib/avr/include/util/delay.h **** 	else
 207:/usr/lib/avr/include/util/delay.h **** 		__ticks = (uint16_t)__tmp;
 208:/usr/lib/avr/include/util/delay.h **** 	_delay_loop_2(__ticks);
 209:/usr/lib/avr/include/util/delay.h **** #endif
 210:/usr/lib/avr/include/util/delay.h **** }
 211:/usr/lib/avr/include/util/delay.h **** 
 212:/usr/lib/avr/include/util/delay.h **** /**
 213:/usr/lib/avr/include/util/delay.h ****    \ingroup util_delay
 214:/usr/lib/avr/include/util/delay.h **** 
 215:/usr/lib/avr/include/util/delay.h ****    Perform a delay of \c __us microseconds, using _delay_loop_1().
 216:/usr/lib/avr/include/util/delay.h **** 
 217:/usr/lib/avr/include/util/delay.h ****    The macro F_CPU is supposed to be defined to a
 218:/usr/lib/avr/include/util/delay.h ****    constant defining the CPU clock frequency (in Hertz).
 219:/usr/lib/avr/include/util/delay.h **** 
 220:/usr/lib/avr/include/util/delay.h ****    The maximal possible delay is 768 us / F_CPU in MHz.
 221:/usr/lib/avr/include/util/delay.h **** 
 222:/usr/lib/avr/include/util/delay.h ****    If the user requests a delay greater than the maximal possible one,
 223:/usr/lib/avr/include/util/delay.h ****    _delay_us() will automatically call _delay_ms() instead.  The user
 224:/usr/lib/avr/include/util/delay.h ****    will not be informed about this case.
 225:/usr/lib/avr/include/util/delay.h **** 
 226:/usr/lib/avr/include/util/delay.h ****    If the avr-gcc toolchain has __builtin_avr_delay_cycles()
 227:/usr/lib/avr/include/util/delay.h ****    support, maximal possible delay is 4294967.295 us/ F_CPU in MHz. For
 228:/usr/lib/avr/include/util/delay.h ****    values greater than the maximal possible delay, overflow results in
 229:/usr/lib/avr/include/util/delay.h ****    no delay i.e., 0us.
 230:/usr/lib/avr/include/util/delay.h **** 
 231:/usr/lib/avr/include/util/delay.h ****    Conversion of \c __us into clock cycles may not always result in
 232:/usr/lib/avr/include/util/delay.h ****    integer.  By default, the clock cycles rounded up to next
 233:/usr/lib/avr/include/util/delay.h ****    integer. This ensures that the user gets at least \c __us
 234:/usr/lib/avr/include/util/delay.h ****    microseconds of delay.
 235:/usr/lib/avr/include/util/delay.h **** 
 236:/usr/lib/avr/include/util/delay.h ****    Alternatively, by defining the macro \c __DELAY_ROUND_DOWN__, or
 237:/usr/lib/avr/include/util/delay.h ****    \c __DELAY_ROUND_CLOSEST__, before including this header file, the
 238:/usr/lib/avr/include/util/delay.h ****    algorithm can be made to round down, or round to closest integer,
 239:/usr/lib/avr/include/util/delay.h ****    respectively.
 240:/usr/lib/avr/include/util/delay.h **** 
 241:/usr/lib/avr/include/util/delay.h ****    \note
 242:/usr/lib/avr/include/util/delay.h **** 
 243:/usr/lib/avr/include/util/delay.h ****    The implementation of _delay_ms() based on
 244:/usr/lib/avr/include/util/delay.h ****    __builtin_avr_delay_cycles() is not backward compatible with older
 245:/usr/lib/avr/include/util/delay.h ****    implementations.  In order to get functionality backward compatible
 246:/usr/lib/avr/include/util/delay.h ****    with previous versions, the macro \c __DELAY_BACKWARD_COMPATIBLE__
 247:/usr/lib/avr/include/util/delay.h ****    must be defined before including this header file. Also, the
 248:/usr/lib/avr/include/util/delay.h ****    backward compatible algorithm will be chosen if the code is
 249:/usr/lib/avr/include/util/delay.h ****    compiled in a <em>freestanding environment</em> (GCC option
 250:/usr/lib/avr/include/util/delay.h ****    \c -ffreestanding), as the math functions required for rounding are
 251:/usr/lib/avr/include/util/delay.h ****    not available to the compiler then.
 252:/usr/lib/avr/include/util/delay.h **** 
 253:/usr/lib/avr/include/util/delay.h ****  */
 254:/usr/lib/avr/include/util/delay.h **** void
 255:/usr/lib/avr/include/util/delay.h **** _delay_us(double __us)
 256:/usr/lib/avr/include/util/delay.h **** {
 257:/usr/lib/avr/include/util/delay.h **** 	double __tmp ;
 258:/usr/lib/avr/include/util/delay.h **** #if __HAS_DELAY_CYCLES && defined(__OPTIMIZE__) && \
 259:/usr/lib/avr/include/util/delay.h ****   !defined(__DELAY_BACKWARD_COMPATIBLE__) &&	   \
 260:/usr/lib/avr/include/util/delay.h ****   __STDC_HOSTED__
 261:/usr/lib/avr/include/util/delay.h **** 	uint32_t __ticks_dc;
 262:/usr/lib/avr/include/util/delay.h **** 	extern void __builtin_avr_delay_cycles(unsigned long);
 263:/usr/lib/avr/include/util/delay.h **** 	__tmp = ((F_CPU) / 1e6) * __us;
 264:/usr/lib/avr/include/util/delay.h **** 
 265:/usr/lib/avr/include/util/delay.h **** 	#if defined(__DELAY_ROUND_DOWN__)
 266:/usr/lib/avr/include/util/delay.h **** 		__ticks_dc = (uint32_t)fabs(__tmp);
 267:/usr/lib/avr/include/util/delay.h **** 
 268:/usr/lib/avr/include/util/delay.h **** 	#elif defined(__DELAY_ROUND_CLOSEST__)
 269:/usr/lib/avr/include/util/delay.h **** 		__ticks_dc = (uint32_t)(fabs(__tmp)+0.5);
 270:/usr/lib/avr/include/util/delay.h **** 
 271:/usr/lib/avr/include/util/delay.h **** 	#else
 272:/usr/lib/avr/include/util/delay.h **** 		//round up by default
 273:/usr/lib/avr/include/util/delay.h **** 		__ticks_dc = (uint32_t)(ceil(fabs(__tmp)));
 274:/usr/lib/avr/include/util/delay.h **** 	#endif
 275:/usr/lib/avr/include/util/delay.h **** 
 276:/usr/lib/avr/include/util/delay.h **** 	__builtin_avr_delay_cycles(__ticks_dc);
  32               		.loc 2 276 0
  33 000a 8AE1      		ldi r24,lo8(26)
  34 000c 8A95      	1:	dec r24
  35 000e 01F4      		brne 1b
  36 0010 00C0      		rjmp .
  37               	.LVL1:
  38               	.LBE5:
  39               	.LBE4:
  56:keyboards/Dactylv2/split_util.c ****    _delay_us(5);
  57:keyboards/Dactylv2/split_util.c ****    return (USBSTA & (1<<VBUS));  //checks state of VBUS
  40               		.loc 1 57 0
  41 0012 8091 D900 		lds r24,217
  58:keyboards/Dactylv2/split_util.c **** }
  42               		.loc 1 58 0
  43 0016 8170      		andi r24,lo8(1)
  44 0018 0895      		ret
  45               		.cfi_endproc
  46               	.LFE16:
  48               		.section	.text.split_keyboard_setup,"ax",@progbits
  49               	.global	split_keyboard_setup
  51               	split_keyboard_setup:
  52               	.LFB17:
  59:keyboards/Dactylv2/split_util.c **** 
  60:keyboards/Dactylv2/split_util.c **** void split_keyboard_setup(void) {
  53               		.loc 1 60 0
  54               		.cfi_startproc
  55               	/* prologue: function */
  56               	/* frame size = 0 */
  57               	/* stack size = 0 */
  58               	.L__stack_usage = 0
  61:keyboards/Dactylv2/split_util.c ****    // setup_handedness();
  62:keyboards/Dactylv2/split_util.c **** 
  63:keyboards/Dactylv2/split_util.c ****    if (has_usb()) {
  59               		.loc 1 63 0
  60 0000 0E94 0000 		call has_usb
  61               	.LVL2:
  62 0004 8823      		tst r24
  63 0006 01F0      		breq .L3
  64               	.LBB10:
  65               	.LBB11:
  41:keyboards/Dactylv2/split_util.c **** #endif
  66               		.loc 1 41 0
  67 0008 0E94 0000 		call serial_master_init
  68               	.LVL3:
  69 000c 00C0      		rjmp .L4
  70               	.L3:
  71               	.LBE11:
  72               	.LBE10:
  73               	.LBB12:
  74               	.LBB13:
  46:keyboards/Dactylv2/split_util.c **** #ifdef USE_I2C
  75               		.loc 1 46 0
  76 000e 0E94 0000 		call timer_init
  77               	.LVL4:
  50:keyboards/Dactylv2/split_util.c **** #endif
  78               		.loc 1 50 0
  79 0012 0E94 0000 		call serial_slave_init
  80               	.LVL5:
  81               	.L4:
  82               	.LBE13:
  83               	.LBE12:
  64:keyboards/Dactylv2/split_util.c ****       keyboard_master_setup();
  65:keyboards/Dactylv2/split_util.c ****    } else {
  66:keyboards/Dactylv2/split_util.c ****       keyboard_slave_setup();
  67:keyboards/Dactylv2/split_util.c ****    }
  68:keyboards/Dactylv2/split_util.c ****    sei();
  84               		.loc 1 68 0
  85               	/* #APP */
  86               	 ;  68 "keyboards/Dactylv2/split_util.c" 1
  87 0016 7894      		sei
  88               	 ;  0 "" 2
  89               	/* #NOAPP */
  90 0018 0895      		ret
  91               		.cfi_endproc
  92               	.LFE17:
  94               		.section	.text.keyboard_slave_loop,"ax",@progbits
  95               	.global	keyboard_slave_loop
  97               	keyboard_slave_loop:
  98               	.LFB18:
  69:keyboards/Dactylv2/split_util.c **** }
  70:keyboards/Dactylv2/split_util.c **** 
  71:keyboards/Dactylv2/split_util.c **** void keyboard_slave_loop(void) {
  99               		.loc 1 71 0
 100               		.cfi_startproc
 101               	/* prologue: function */
 102               	/* frame size = 0 */
 103               	/* stack size = 0 */
 104               	.L__stack_usage = 0
  72:keyboards/Dactylv2/split_util.c ****    matrix_init();
 105               		.loc 1 72 0
 106 0000 0E94 0000 		call matrix_init
 107               	.LVL6:
 108               	.L7:
  73:keyboards/Dactylv2/split_util.c **** 
  74:keyboards/Dactylv2/split_util.c ****    while (1) {
  75:keyboards/Dactylv2/split_util.c ****       matrix_slave_scan();
 109               		.loc 1 75 0 discriminator 1
 110 0004 0E94 0000 		call matrix_slave_scan
 111               	.LVL7:
 112 0008 00C0      		rjmp .L7
 113               		.cfi_endproc
 114               	.LFE18:
 116               		.section	.text.matrix_setup,"ax",@progbits
 117               	.global	matrix_setup
 119               	matrix_setup:
 120               	.LFB19:
  76:keyboards/Dactylv2/split_util.c ****    }
  77:keyboards/Dactylv2/split_util.c **** }
  78:keyboards/Dactylv2/split_util.c **** 
  79:keyboards/Dactylv2/split_util.c **** // this code runs before the usb and keyboard is initialized
  80:keyboards/Dactylv2/split_util.c **** void matrix_setup(void) {
 121               		.loc 1 80 0
 122               		.cfi_startproc
 123               	/* prologue: function */
 124               	/* frame size = 0 */
 125               	/* stack size = 0 */
 126               	.L__stack_usage = 0
  81:keyboards/Dactylv2/split_util.c ****     split_keyboard_setup();
 127               		.loc 1 81 0
 128 0000 0E94 0000 		call split_keyboard_setup
 129               	.LVL8:
  82:keyboards/Dactylv2/split_util.c **** 
  83:keyboards/Dactylv2/split_util.c ****     if (!has_usb()) {
 130               		.loc 1 83 0
 131 0004 0E94 0000 		call has_usb
 132               	.LVL9:
 133 0008 8111      		cpse r24,__zero_reg__
 134 000a 00C0      		rjmp .L8
  84:keyboards/Dactylv2/split_util.c ****         keyboard_slave_loop();
 135               		.loc 1 84 0
 136 000c 0E94 0000 		call keyboard_slave_loop
 137               	.LVL10:
 138               	.L8:
 139 0010 0895      		ret
 140               		.cfi_endproc
 141               	.LFE19:
 143               	.global	isLeftHand
 144               		.section	.data.isLeftHand,"aw",@progbits
 147               	isLeftHand:
 148 0000 01        		.byte	1
 149               		.text
 150               	.Letext0:
 151               		.file 3 "/usr/lib/avr/include/stdint.h"
 152               		.file 4 "keyboards/Dactylv2/serial.h"
 153               		.file 5 "./tmk_core/common/timer.h"
 154               		.file 6 "./tmk_core/common/matrix.h"
 155               		.file 7 "keyboards/Dactylv2/split_util.h"
DEFINED SYMBOLS
                            *ABS*:0000000000000000 split_util.c
     /tmp/cclD9RuL.s:2      *ABS*:000000000000003e __SP_H__
     /tmp/cclD9RuL.s:3      *ABS*:000000000000003d __SP_L__
     /tmp/cclD9RuL.s:4      *ABS*:000000000000003f __SREG__
     /tmp/cclD9RuL.s:5      *ABS*:0000000000000000 __tmp_reg__
     /tmp/cclD9RuL.s:6      *ABS*:0000000000000001 __zero_reg__
     /tmp/cclD9RuL.s:13     .text.has_usb:0000000000000000 has_usb
     /tmp/cclD9RuL.s:51     .text.split_keyboard_setup:0000000000000000 split_keyboard_setup
     /tmp/cclD9RuL.s:97     .text.keyboard_slave_loop:0000000000000000 keyboard_slave_loop
     /tmp/cclD9RuL.s:119    .text.matrix_setup:0000000000000000 matrix_setup
     /tmp/cclD9RuL.s:147    .data.isLeftHand:0000000000000000 isLeftHand

UNDEFINED SYMBOLS
serial_master_init
timer_init
serial_slave_init
matrix_init
matrix_slave_scan
__do_copy_data
